2024-09-06 05:32:58,269 -INFO - Logger initialized
2024-09-06 05:32:58,269 -INFO - StartTest.config: Entry Point #1
2024-09-06 05:32:58,269 -INFO - StartTest.config: {'file_path': 'excel\\Test.xlsx', 'workbook': <openpyxl.workbook.workbook.Workbook object at 0x000001652E3DA180>, 'current_sheet': <Worksheet "test cdp">, 'sheet_count': 4, 'sheet_names': ['Details', 'test cdp', 'Dropdowns', 'amazon product urls']}, {'directory_path': 'Reports/Report 2024-09-06 053258', 'code_prog': <utils.Logging.Logging object at 0x000001652E1F0EC0>, 'log': <utils.Logging.Logging object at 0x000001652EB65610>, 'data': <utils.Logging.Logging object at 0x000001652EB62E40>, 'ref_data': <utils.Logging.Logging object at 0x000001652EBDF890>, 'ref_loop_data': <utils.Logging.Logging object at 0x000001652EBDF440>}
2024-09-06 05:33:06,086 -INFO - Sheet loop number: 0
2024-09-06 05:33:06,086 -INFO - Sheet loop number: 1
2024-09-06 05:33:06,086 -INFO - ** sheets: Entry Point #2 ** test cdp
2024-09-06 05:33:06,087 -INFO - Sheet row: 3
2024-09-06 05:33:06,087 -INFO - (ExcelControl/execute_module): {'xlwb': <entity.ExcelData.ExcelWorkBook object at 0x000001652E44B4A0>, 'element_id': 1, 'description': '', 'execute': 'page.get_by_title("Search in").select_option("search-alias=electronics")', 'locator': '', 'action': '', 'value': '', 'assertion': '', 'condition': '', 'stored_value_key': '', 'timeout': '', 'url': '', 'filepath': '', 'assert_value': '', 'nth': '', 'conditional_key': '', 'conditional_statement': ''},
2024-09-06 05:33:06,087 -INFO - (ActionFunctions/execute_code) page.get_by_title("Search in").select_option("search-alias=electronics")
2024-09-06 05:33:06,978 -INFO - Sheet row: 4
2024-09-06 05:33:06,979 -INFO - Working with Actions in with row details: {'xlwb': <entity.ExcelData.ExcelWorkBook object at 0x000001652E44B4A0>, 'element_id': 2, 'description': 'Enter Search Value', 'execute': '', 'locator': '//input[@id="twotabsearchtextbox"]', 'action': 'fill', 'value': 'Smartphone', 'assertion': '', 'condition': '', 'stored_value_key': '', 'timeout': 30000, 'url': '', 'filepath': '', 'assert_value': '', 'nth': '', 'conditional_key': '', 'conditional_statement': ''}
2024-09-06 05:33:07,054 -INFO - (ActionFunctions/execute_code) page.locator("//input[@id='twotabsearchtextbox']").nth(0).fill("Smartphone")
2024-09-06 05:33:07,187 -INFO - For 4: Wait(True), Assert(True), Action(True) data:{'xlwb': <entity.ExcelData.ExcelWorkBook object at 0x000001652E44B4A0>, 'element_id': 2, 'description': 'Enter Search Value', 'execute': '', 'locator': '//input[@id="twotabsearchtextbox"]', 'action': 'fill', 'value': 'Smartphone', 'assertion': '', 'condition': '', 'stored_value_key': '', 'timeout': 30000, 'url': '', 'filepath': '', 'assert_value': '', 'nth': '', 'conditional_key': '', 'conditional_statement': ''}
2024-09-06 05:33:07,189 -INFO - Sheet row: 5
2024-09-06 05:33:07,190 -INFO - Working with Actions in with row details: {'xlwb': <entity.ExcelData.ExcelWorkBook object at 0x000001652E44B4A0>, 'element_id': 3, 'description': 'Click Search', 'execute': '', 'locator': "//input[@id='nav-search-submit-button']", 'action': 'click', 'value': '', 'assertion': '', 'condition': '', 'stored_value_key': '', 'timeout': 15000, 'url': '', 'filepath': '', 'assert_value': '', 'nth': '', 'conditional_key': '', 'conditional_statement': ''}
2024-09-06 05:33:07,268 -INFO - (ActionFunctions/execute_code) page.locator("//input[@id='nav-search-submit-button']").nth(0).click()
2024-09-06 05:33:07,898 -INFO - For 5: Wait(True), Assert(True), Action(True) data:{'xlwb': <entity.ExcelData.ExcelWorkBook object at 0x000001652E44B4A0>, 'element_id': 3, 'description': 'Click Search', 'execute': '', 'locator': "//input[@id='nav-search-submit-button']", 'action': 'click', 'value': '', 'assertion': '', 'condition': '', 'stored_value_key': '', 'timeout': 15000, 'url': '', 'filepath': '', 'assert_value': '', 'nth': '', 'conditional_key': '', 'conditional_statement': ''}
2024-09-06 05:33:07,900 -INFO - Sheet row: 6
2024-09-06 05:33:07,901 -INFO - (ExcelControl/execute_module): {'xlwb': <entity.ExcelData.ExcelWorkBook object at 0x000001652E44B4A0>, 'element_id': 4, 'description': '', 'execute': 'time.sleep(5)', 'locator': '', 'action': '', 'value': '', 'assertion': '', 'condition': '', 'stored_value_key': '', 'timeout': '', 'url': '', 'filepath': '', 'assert_value': '', 'nth': '', 'conditional_key': '', 'conditional_statement': ''},
2024-09-06 05:33:07,903 -INFO - (ActionFunctions/execute_code) time.sleep(5)
2024-09-06 05:33:12,905 -INFO - Sheet row: 7
2024-09-06 05:33:12,905 -INFO - Start Loop Module(sheets): Entry Point #3 {'xlwb': <entity.ExcelData.ExcelWorkBook object at 0x000001652E44B4A0>, 'element_id': 5, 'description': 'start loop 1', 'execute': '', 'locator': '.s-pagination-next', 'action': '', 'value': '', 'assertion': '', 'condition': '', 'stored_value_key': 'list', 'timeout': 10000, 'url': '', 'filepath': '', 'assert_value': '', 'nth': '', 'conditional_key': '', 'conditional_statement': ''},7
2024-09-06 05:33:12,905 -INFO - SLM loop row: 7
2024-09-06 05:33:12,905 -INFO - Loop Cases Element(slm): Entry Point #6 7,.s-pagination-next, {'xlwb': <entity.ExcelData.ExcelWorkBook object at 0x000001652E44B4A0>, 'element_id': 5, 'description': 'start loop 1', 'execute': '', 'locator': '.s-pagination-next', 'action': '', 'value': '', 'assertion': '', 'condition': '', 'stored_value_key': 'list', 'timeout': 10000, 'url': '', 'filepath': '', 'assert_value': '', 'nth': '', 'conditional_key': '', 'conditional_statement': ''}
2024-09-06 05:33:12,905 -INFO - Working with Actions in with row details: {'xlwb': <entity.ExcelData.ExcelWorkBook object at 0x000001652E44B4A0>, 'element_id': 5, 'description': 'start loop 1', 'execute': '', 'locator': '.s-pagination-next', 'action': '', 'value': '', 'assertion': '', 'condition': '', 'stored_value_key': 'list', 'timeout': 10000, 'url': '', 'filepath': '', 'assert_value': '', 'nth': '', 'conditional_key': '', 'conditional_statement': ''}
2024-09-06 05:33:12,986 -INFO - LCE loop row: 8
2024-09-06 05:33:12,986 -INFO - Start Loop Module(loop_cases_element) : Entry Point #5 {'xlwb': <entity.ExcelData.ExcelWorkBook object at 0x000001652E44B4A0>, 'element_id': 6, 'description': 'start loop 2: amazon first page all products', 'execute': '', 'locator': "//span[@class='a-size-medium a-color-base a-text-normal']", 'action': '', 'value': '', 'assertion': '', 'condition': '', 'stored_value_key': 'product', 'timeout': '', 'url': '', 'filepath': '', 'assert_value': '', 'nth': '', 'conditional_key': '', 'conditional_statement': ''}, 8
2024-09-06 05:33:12,986 -INFO - SLM loop row: 8
2024-09-06 05:33:12,986 -INFO - Loop Cases Element(slm): Entry Point #6 8,//span[@class='a-size-medium a-color-base a-text-normal'], {'xlwb': <entity.ExcelData.ExcelWorkBook object at 0x000001652E44B4A0>, 'element_id': 6, 'description': 'start loop 2: amazon first page all products', 'execute': '', 'locator': "//span[@class='a-size-medium a-color-base a-text-normal']", 'action': '', 'value': '', 'assertion': '', 'condition': '', 'stored_value_key': 'product', 'timeout': '', 'url': '', 'filepath': '', 'assert_value': '', 'nth': '', 'conditional_key': '', 'conditional_statement': ''}
2024-09-06 05:33:12,986 -INFO - Working with Actions in with row details: {'xlwb': <entity.ExcelData.ExcelWorkBook object at 0x000001652E44B4A0>, 'element_id': 6, 'description': 'start loop 2: amazon first page all products', 'execute': '', 'locator': "//span[@class='a-size-medium a-color-base a-text-normal']", 'action': '', 'value': '', 'assertion': '', 'condition': '', 'stored_value_key': 'product', 'timeout': '', 'url': '', 'filepath': '', 'assert_value': '', 'nth': '', 'conditional_key': '', 'conditional_statement': ''}
2024-09-06 05:33:12,998 -INFO - LCE loop row: 9
2024-09-06 05:33:12,998 -INFO - Working with Actions in with row details: {'xlwb': <entity.ExcelData.ExcelWorkBook object at 0x000001652E44B4A0>, 'element_id': 7, 'description': 'Goes to the opened new tab', 'execute': '', 'locator': '', 'action': 'loop new tab', 'value': '', 'assertion': '', 'condition': '', 'stored_value_key': '', 'timeout': '', 'url': '', 'filepath': '', 'assert_value': '', 'nth': '', 'conditional_key': '', 'conditional_statement': ''}
2024-09-06 05:33:12,998 -INFO - (WindowHandler/open_link_in_new_tab_from_element) <Locator frame=<Frame name= url='https://www.amazon.in/s?k=Smartphone&i=electronics&ref=nb_sb_noss'> selector="//span[@class='a-size-medium a-color-base a-text-normal'] >> nth=0">
2024-09-06 05:33:15,306 -INFO - For 9: Wait(True), Assert(True), Action(True) data:{'xlwb': <entity.ExcelData.ExcelWorkBook object at 0x000001652E44B4A0>, 'element_id': 7, 'description': 'Goes to the opened new tab', 'execute': '', 'locator': '', 'action': 'loop new tab', 'value': '', 'assertion': '', 'condition': '', 'stored_value_key': '', 'timeout': '', 'url': '', 'filepath': '', 'assert_value': '', 'nth': '', 'conditional_key': '', 'conditional_statement': ''}
2024-09-06 05:33:15,307 -INFO - LCE loop row: 10
2024-09-06 05:33:15,307 -INFO - Working with Actions in with row details: {'xlwb': <entity.ExcelData.ExcelWorkBook object at 0x000001652E44B4A0>, 'element_id': 9, 'description': 'PAGE URL', 'execute': '', 'locator': '', 'action': 'get page url', 'value': '', 'assertion': '', 'condition': '', 'stored_value_key': 'url', 'timeout': '', 'url': '', 'filepath': '', 'assert_value': '', 'nth': '', 'conditional_key': '', 'conditional_statement': ''}
2024-09-06 05:33:15,307 -INFO - (ActionFunctions/execute_code_get_data) {'xlwb': <entity.ExcelData.ExcelWorkBook object at 0x000001652E44B4A0>, 'element_id': 9, 'description': 'PAGE URL', 'execute': '', 'locator': '', 'action': 'get page url', 'value': '', 'assertion': '', 'condition': '', 'stored_value_key': 'url', 'timeout': '', 'url': '', 'filepath': '', 'assert_value': '', 'nth': '', 'conditional_key': '', 'conditional_statement': ''}
2024-09-06 05:33:15,307 -INFO - For 10: Wait(True), Assert(True), Action(True) data:{'xlwb': <entity.ExcelData.ExcelWorkBook object at 0x000001652E44B4A0>, 'element_id': 9, 'description': 'PAGE URL', 'execute': '', 'locator': '', 'action': 'get page url', 'value': '', 'assertion': '', 'condition': '', 'stored_value_key': 'url', 'timeout': '', 'url': '', 'filepath': '', 'assert_value': '', 'nth': '', 'conditional_key': '', 'conditional_statement': ''}
2024-09-06 05:33:15,308 -INFO - LCE loop row: 11
2024-09-06 05:33:15,308 -INFO - Working with Actions in with row details: {'xlwb': <entity.ExcelData.ExcelWorkBook object at 0x000001652E44B4A0>, 'element_id': 14, 'description': 'Close the current tab and goes to parent tab', 'execute': '', 'locator': '', 'action': 'close tab', 'value': '', 'assertion': '', 'condition': '', 'stored_value_key': '', 'timeout': '', 'url': '', 'filepath': '', 'assert_value': '', 'nth': '', 'conditional_key': '', 'conditional_statement': ''}
2024-09-06 05:33:15,308 -INFO - (WindowHandler/close_tab)
2024-09-06 05:33:15,474 -INFO - (WindowHandler/goto_parent_tab)
2024-09-06 05:33:15,490 -INFO - For 11: Wait(True), Assert(True), Action(True) data:{'xlwb': <entity.ExcelData.ExcelWorkBook object at 0x000001652E44B4A0>, 'element_id': 14, 'description': 'Close the current tab and goes to parent tab', 'execute': '', 'locator': '', 'action': 'close tab', 'value': '', 'assertion': '', 'condition': '', 'stored_value_key': '', 'timeout': '', 'url': '', 'filepath': '', 'assert_value': '', 'nth': '', 'conditional_key': '', 'conditional_statement': ''}
2024-09-06 05:33:15,490 -INFO - LCE loop row: 9
2024-09-06 05:33:15,490 -INFO - Working with Actions in with row details: {'xlwb': <entity.ExcelData.ExcelWorkBook object at 0x000001652E44B4A0>, 'element_id': 7, 'description': 'Goes to the opened new tab', 'execute': '', 'locator': '', 'action': 'loop new tab', 'value': '', 'assertion': '', 'condition': '', 'stored_value_key': '', 'timeout': '', 'url': '', 'filepath': '', 'assert_value': '', 'nth': '', 'conditional_key': '', 'conditional_statement': ''}
2024-09-06 05:33:15,490 -INFO - (WindowHandler/open_link_in_new_tab_from_element) <Locator frame=<Frame name= url='https://www.amazon.in/s?k=Smartphone&i=electronics&ref=nb_sb_noss'> selector="//span[@class='a-size-medium a-color-base a-text-normal'] >> nth=1">
2024-09-06 05:33:19,501 -INFO - For 9: Wait(True), Assert(True), Action(True) data:{'xlwb': <entity.ExcelData.ExcelWorkBook object at 0x000001652E44B4A0>, 'element_id': 7, 'description': 'Goes to the opened new tab', 'execute': '', 'locator': '', 'action': 'loop new tab', 'value': '', 'assertion': '', 'condition': '', 'stored_value_key': '', 'timeout': '', 'url': '', 'filepath': '', 'assert_value': '', 'nth': '', 'conditional_key': '', 'conditional_statement': ''}
2024-09-06 05:33:19,501 -INFO - LCE loop row: 10
2024-09-06 05:33:19,502 -INFO - Working with Actions in with row details: {'xlwb': <entity.ExcelData.ExcelWorkBook object at 0x000001652E44B4A0>, 'element_id': 9, 'description': 'PAGE URL', 'execute': '', 'locator': '', 'action': 'get page url', 'value': '', 'assertion': '', 'condition': '', 'stored_value_key': 'url', 'timeout': '', 'url': '', 'filepath': '', 'assert_value': '', 'nth': '', 'conditional_key': '', 'conditional_statement': ''}
2024-09-06 05:33:19,502 -INFO - (ActionFunctions/execute_code_get_data) {'xlwb': <entity.ExcelData.ExcelWorkBook object at 0x000001652E44B4A0>, 'element_id': 9, 'description': 'PAGE URL', 'execute': '', 'locator': '', 'action': 'get page url', 'value': '', 'assertion': '', 'condition': '', 'stored_value_key': 'url', 'timeout': '', 'url': '', 'filepath': '', 'assert_value': '', 'nth': '', 'conditional_key': '', 'conditional_statement': ''}
2024-09-06 05:33:19,504 -INFO - For 10: Wait(True), Assert(True), Action(True) data:{'xlwb': <entity.ExcelData.ExcelWorkBook object at 0x000001652E44B4A0>, 'element_id': 9, 'description': 'PAGE URL', 'execute': '', 'locator': '', 'action': 'get page url', 'value': '', 'assertion': '', 'condition': '', 'stored_value_key': 'url', 'timeout': '', 'url': '', 'filepath': '', 'assert_value': '', 'nth': '', 'conditional_key': '', 'conditional_statement': ''}
2024-09-06 05:33:19,505 -INFO - LCE loop row: 11
2024-09-06 05:33:19,506 -INFO - Working with Actions in with row details: {'xlwb': <entity.ExcelData.ExcelWorkBook object at 0x000001652E44B4A0>, 'element_id': 14, 'description': 'Close the current tab and goes to parent tab', 'execute': '', 'locator': '', 'action': 'close tab', 'value': '', 'assertion': '', 'condition': '', 'stored_value_key': '', 'timeout': '', 'url': '', 'filepath': '', 'assert_value': '', 'nth': '', 'conditional_key': '', 'conditional_statement': ''}
2024-09-06 05:33:19,507 -INFO - (WindowHandler/close_tab)
2024-09-06 05:33:19,679 -INFO - (WindowHandler/goto_parent_tab)
2024-09-06 05:33:19,695 -INFO - For 11: Wait(True), Assert(True), Action(True) data:{'xlwb': <entity.ExcelData.ExcelWorkBook object at 0x000001652E44B4A0>, 'element_id': 14, 'description': 'Close the current tab and goes to parent tab', 'execute': '', 'locator': '', 'action': 'close tab', 'value': '', 'assertion': '', 'condition': '', 'stored_value_key': '', 'timeout': '', 'url': '', 'filepath': '', 'assert_value': '', 'nth': '', 'conditional_key': '', 'conditional_statement': ''}
2024-09-06 05:33:19,696 -INFO - LCE loop row: 9
2024-09-06 05:33:19,696 -INFO - Working with Actions in with row details: {'xlwb': <entity.ExcelData.ExcelWorkBook object at 0x000001652E44B4A0>, 'element_id': 7, 'description': 'Goes to the opened new tab', 'execute': '', 'locator': '', 'action': 'loop new tab', 'value': '', 'assertion': '', 'condition': '', 'stored_value_key': '', 'timeout': '', 'url': '', 'filepath': '', 'assert_value': '', 'nth': '', 'conditional_key': '', 'conditional_statement': ''}
2024-09-06 05:33:19,698 -INFO - (WindowHandler/open_link_in_new_tab_from_element) <Locator frame=<Frame name= url='https://www.amazon.in/s?k=Smartphone&i=electronics&ref=nb_sb_noss'> selector="//span[@class='a-size-medium a-color-base a-text-normal'] >> nth=2">
2024-09-06 05:33:23,094 -INFO - For 9: Wait(True), Assert(True), Action(True) data:{'xlwb': <entity.ExcelData.ExcelWorkBook object at 0x000001652E44B4A0>, 'element_id': 7, 'description': 'Goes to the opened new tab', 'execute': '', 'locator': '', 'action': 'loop new tab', 'value': '', 'assertion': '', 'condition': '', 'stored_value_key': '', 'timeout': '', 'url': '', 'filepath': '', 'assert_value': '', 'nth': '', 'conditional_key': '', 'conditional_statement': ''}
2024-09-06 05:33:23,094 -INFO - LCE loop row: 10
2024-09-06 05:33:23,094 -INFO - Working with Actions in with row details: {'xlwb': <entity.ExcelData.ExcelWorkBook object at 0x000001652E44B4A0>, 'element_id': 9, 'description': 'PAGE URL', 'execute': '', 'locator': '', 'action': 'get page url', 'value': '', 'assertion': '', 'condition': '', 'stored_value_key': 'url', 'timeout': '', 'url': '', 'filepath': '', 'assert_value': '', 'nth': '', 'conditional_key': '', 'conditional_statement': ''}
2024-09-06 05:33:23,095 -INFO - (ActionFunctions/execute_code_get_data) {'xlwb': <entity.ExcelData.ExcelWorkBook object at 0x000001652E44B4A0>, 'element_id': 9, 'description': 'PAGE URL', 'execute': '', 'locator': '', 'action': 'get page url', 'value': '', 'assertion': '', 'condition': '', 'stored_value_key': 'url', 'timeout': '', 'url': '', 'filepath': '', 'assert_value': '', 'nth': '', 'conditional_key': '', 'conditional_statement': ''}
2024-09-06 05:33:23,095 -INFO - For 10: Wait(True), Assert(True), Action(True) data:{'xlwb': <entity.ExcelData.ExcelWorkBook object at 0x000001652E44B4A0>, 'element_id': 9, 'description': 'PAGE URL', 'execute': '', 'locator': '', 'action': 'get page url', 'value': '', 'assertion': '', 'condition': '', 'stored_value_key': 'url', 'timeout': '', 'url': '', 'filepath': '', 'assert_value': '', 'nth': '', 'conditional_key': '', 'conditional_statement': ''}
2024-09-06 05:33:23,095 -INFO - LCE loop row: 11
2024-09-06 05:33:23,095 -INFO - Working with Actions in with row details: {'xlwb': <entity.ExcelData.ExcelWorkBook object at 0x000001652E44B4A0>, 'element_id': 14, 'description': 'Close the current tab and goes to parent tab', 'execute': '', 'locator': '', 'action': 'close tab', 'value': '', 'assertion': '', 'condition': '', 'stored_value_key': '', 'timeout': '', 'url': '', 'filepath': '', 'assert_value': '', 'nth': '', 'conditional_key': '', 'conditional_statement': ''}
2024-09-06 05:33:23,096 -INFO - (WindowHandler/close_tab)
2024-09-06 05:33:23,726 -INFO - (WindowHandler/goto_parent_tab)
2024-09-06 05:33:23,744 -INFO - For 11: Wait(True), Assert(True), Action(True) data:{'xlwb': <entity.ExcelData.ExcelWorkBook object at 0x000001652E44B4A0>, 'element_id': 14, 'description': 'Close the current tab and goes to parent tab', 'execute': '', 'locator': '', 'action': 'close tab', 'value': '', 'assertion': '', 'condition': '', 'stored_value_key': '', 'timeout': '', 'url': '', 'filepath': '', 'assert_value': '', 'nth': '', 'conditional_key': '', 'conditional_statement': ''}
2024-09-06 05:33:23,745 -INFO - Loop Cases Element(slm): Exit Point #6
2024-09-06 05:33:23,745 -INFO - Start Loop Module(loop_cases_element) : Exit Point #5
2024-09-06 05:33:23,745 -INFO - LCE loop row: 13
2024-09-06 05:33:23,746 -INFO - Working with Actions in with row details: {'xlwb': <entity.ExcelData.ExcelWorkBook object at 0x000001652E44B4A0>, 'element_id': 16, 'description': 'Click on the next button', 'execute': '', 'locator': '.s-pagination-next', 'action': 'click', 'value': '', 'assertion': '', 'condition': '', 'stored_value_key': '', 'timeout': 20000, 'url': '', 'filepath': '', 'assert_value': '', 'nth': '', 'conditional_key': '', 'conditional_statement': ''}
2024-09-06 05:33:23,780 -INFO - (ActionFunctions/execute_code) page.locator(".s-pagination-next").nth(0).click()
2024-09-06 05:33:24,341 -INFO - For 13: Wait(True), Assert(True), Action(True) data:{'xlwb': <entity.ExcelData.ExcelWorkBook object at 0x000001652E44B4A0>, 'element_id': 16, 'description': 'Click on the next button', 'execute': '', 'locator': '.s-pagination-next', 'action': 'click', 'value': '', 'assertion': '', 'condition': '', 'stored_value_key': '', 'timeout': 20000, 'url': '', 'filepath': '', 'assert_value': '', 'nth': '', 'conditional_key': '', 'conditional_statement': ''}
2024-09-06 05:33:24,341 -INFO - Loop Cases Element(slm): Exit Point #6
2024-09-06 05:33:24,342 -INFO - (ActionFunctions/execute_assert_code) {'xlwb': <entity.ExcelData.ExcelWorkBook object at 0x000001652E44B4A0>, 'element_id': 17, 'description': 'end loop 1: continuous', 'execute': '', 'locator': '.s-pagination-next', 'action': '', 'value': '', 'assertion': 'soft', 'condition': 'not to have attribute', 'stored_value_key': '', 'timeout': 20000, 'url': '', 'filepath': '', 'assert_value': '"aria-disabled", "true"', 'nth': '', 'conditional_key': '', 'conditional_statement': ''}, expect(page.locator(".s-pagination-next").nth(0),"element has attribute").not_to_have_attribute("aria-disabled", "true")
2024-09-06 05:33:27,314 -INFO - SLM loop row: 14
2024-09-06 05:33:27,314 -INFO - Loop Cases Element(slm): Entry Point #6 14,.s-pagination-next, {'xlwb': <entity.ExcelData.ExcelWorkBook object at 0x000001652E44B4A0>, 'element_id': 5, 'description': 'start loop 1', 'execute': '', 'locator': '.s-pagination-next', 'action': '', 'value': '', 'assertion': '', 'condition': '', 'stored_value_key': 'list', 'timeout': 10000, 'url': '', 'filepath': '', 'assert_value': '', 'nth': '', 'conditional_key': '', 'conditional_statement': ''}
2024-09-06 05:33:27,314 -INFO - Working with Actions in with row details: {'xlwb': <entity.ExcelData.ExcelWorkBook object at 0x000001652E44B4A0>, 'element_id': 5, 'description': 'start loop 1', 'execute': '', 'locator': '.s-pagination-next', 'action': '', 'value': '', 'assertion': '', 'condition': '', 'stored_value_key': 'list', 'timeout': 10000, 'url': '', 'filepath': '', 'assert_value': '', 'nth': '', 'conditional_key': '', 'conditional_statement': ''}
2024-09-06 05:33:27,361 -INFO - LCE loop row: 8
2024-09-06 05:33:27,361 -INFO - Start Loop Module(loop_cases_element) : Entry Point #5 {'xlwb': <entity.ExcelData.ExcelWorkBook object at 0x000001652E44B4A0>, 'element_id': 6, 'description': 'start loop 2: amazon first page all products', 'execute': '', 'locator': "//span[@class='a-size-medium a-color-base a-text-normal']", 'action': '', 'value': '', 'assertion': '', 'condition': '', 'stored_value_key': 'product', 'timeout': '', 'url': '', 'filepath': '', 'assert_value': '', 'nth': '', 'conditional_key': '', 'conditional_statement': ''}, 8
2024-09-06 05:33:27,361 -INFO - SLM loop row: 8
2024-09-06 05:33:27,361 -INFO - Loop Cases Element(slm): Entry Point #6 8,//span[@class='a-size-medium a-color-base a-text-normal'], {'xlwb': <entity.ExcelData.ExcelWorkBook object at 0x000001652E44B4A0>, 'element_id': 6, 'description': 'start loop 2: amazon first page all products', 'execute': '', 'locator': "//span[@class='a-size-medium a-color-base a-text-normal']", 'action': '', 'value': '', 'assertion': '', 'condition': '', 'stored_value_key': 'product', 'timeout': '', 'url': '', 'filepath': '', 'assert_value': '', 'nth': '', 'conditional_key': '', 'conditional_statement': ''}
2024-09-06 05:33:27,361 -INFO - Working with Actions in with row details: {'xlwb': <entity.ExcelData.ExcelWorkBook object at 0x000001652E44B4A0>, 'element_id': 6, 'description': 'start loop 2: amazon first page all products', 'execute': '', 'locator': "//span[@class='a-size-medium a-color-base a-text-normal']", 'action': '', 'value': '', 'assertion': '', 'condition': '', 'stored_value_key': 'product', 'timeout': '', 'url': '', 'filepath': '', 'assert_value': '', 'nth': '', 'conditional_key': '', 'conditional_statement': ''}
2024-09-06 05:33:27,373 -INFO - LCE loop row: 9
2024-09-06 05:33:27,373 -INFO - Working with Actions in with row details: {'xlwb': <entity.ExcelData.ExcelWorkBook object at 0x000001652E44B4A0>, 'element_id': 7, 'description': 'Goes to the opened new tab', 'execute': '', 'locator': '', 'action': 'loop new tab', 'value': '', 'assertion': '', 'condition': '', 'stored_value_key': '', 'timeout': '', 'url': '', 'filepath': '', 'assert_value': '', 'nth': '', 'conditional_key': '', 'conditional_statement': ''}
2024-09-06 05:33:27,373 -INFO - (WindowHandler/open_link_in_new_tab_from_element) <Locator frame=<Frame name= url='https://www.amazon.in/s?k=Smartphone&i=electronics&page=2&qid=1725580988&ref=sr_pg_1'> selector="//span[@class='a-size-medium a-color-base a-text-normal'] >> nth=0">
2024-09-06 05:33:29,648 -INFO - For 9: Wait(True), Assert(True), Action(True) data:{'xlwb': <entity.ExcelData.ExcelWorkBook object at 0x000001652E44B4A0>, 'element_id': 7, 'description': 'Goes to the opened new tab', 'execute': '', 'locator': '', 'action': 'loop new tab', 'value': '', 'assertion': '', 'condition': '', 'stored_value_key': '', 'timeout': '', 'url': '', 'filepath': '', 'assert_value': '', 'nth': '', 'conditional_key': '', 'conditional_statement': ''}
2024-09-06 05:33:29,648 -INFO - LCE loop row: 10
2024-09-06 05:33:29,649 -INFO - Working with Actions in with row details: {'xlwb': <entity.ExcelData.ExcelWorkBook object at 0x000001652E44B4A0>, 'element_id': 9, 'description': 'PAGE URL', 'execute': '', 'locator': '', 'action': 'get page url', 'value': '', 'assertion': '', 'condition': '', 'stored_value_key': 'url', 'timeout': '', 'url': '', 'filepath': '', 'assert_value': '', 'nth': '', 'conditional_key': '', 'conditional_statement': ''}
2024-09-06 05:33:29,649 -INFO - (ActionFunctions/execute_code_get_data) {'xlwb': <entity.ExcelData.ExcelWorkBook object at 0x000001652E44B4A0>, 'element_id': 9, 'description': 'PAGE URL', 'execute': '', 'locator': '', 'action': 'get page url', 'value': '', 'assertion': '', 'condition': '', 'stored_value_key': 'url', 'timeout': '', 'url': '', 'filepath': '', 'assert_value': '', 'nth': '', 'conditional_key': '', 'conditional_statement': ''}
2024-09-06 05:33:29,649 -INFO - For 10: Wait(True), Assert(True), Action(True) data:{'xlwb': <entity.ExcelData.ExcelWorkBook object at 0x000001652E44B4A0>, 'element_id': 9, 'description': 'PAGE URL', 'execute': '', 'locator': '', 'action': 'get page url', 'value': '', 'assertion': '', 'condition': '', 'stored_value_key': 'url', 'timeout': '', 'url': '', 'filepath': '', 'assert_value': '', 'nth': '', 'conditional_key': '', 'conditional_statement': ''}
2024-09-06 05:33:29,650 -INFO - LCE loop row: 11
2024-09-06 05:33:29,650 -INFO - Working with Actions in with row details: {'xlwb': <entity.ExcelData.ExcelWorkBook object at 0x000001652E44B4A0>, 'element_id': 14, 'description': 'Close the current tab and goes to parent tab', 'execute': '', 'locator': '', 'action': 'close tab', 'value': '', 'assertion': '', 'condition': '', 'stored_value_key': '', 'timeout': '', 'url': '', 'filepath': '', 'assert_value': '', 'nth': '', 'conditional_key': '', 'conditional_statement': ''}
2024-09-06 05:33:29,650 -INFO - (WindowHandler/close_tab)
2024-09-06 05:33:29,889 -INFO - (WindowHandler/goto_parent_tab)
2024-09-06 05:33:29,919 -INFO - For 11: Wait(True), Assert(True), Action(True) data:{'xlwb': <entity.ExcelData.ExcelWorkBook object at 0x000001652E44B4A0>, 'element_id': 14, 'description': 'Close the current tab and goes to parent tab', 'execute': '', 'locator': '', 'action': 'close tab', 'value': '', 'assertion': '', 'condition': '', 'stored_value_key': '', 'timeout': '', 'url': '', 'filepath': '', 'assert_value': '', 'nth': '', 'conditional_key': '', 'conditional_statement': ''}
2024-09-06 05:33:29,920 -INFO - LCE loop row: 9
2024-09-06 05:33:29,920 -INFO - Working with Actions in with row details: {'xlwb': <entity.ExcelData.ExcelWorkBook object at 0x000001652E44B4A0>, 'element_id': 7, 'description': 'Goes to the opened new tab', 'execute': '', 'locator': '', 'action': 'loop new tab', 'value': '', 'assertion': '', 'condition': '', 'stored_value_key': '', 'timeout': '', 'url': '', 'filepath': '', 'assert_value': '', 'nth': '', 'conditional_key': '', 'conditional_statement': ''}
2024-09-06 05:33:29,920 -INFO - (WindowHandler/open_link_in_new_tab_from_element) <Locator frame=<Frame name= url='https://www.amazon.in/s?k=Smartphone&i=electronics&page=2&qid=1725580988&ref=sr_pg_1'> selector="//span[@class='a-size-medium a-color-base a-text-normal'] >> nth=1">
2024-09-06 05:33:32,684 -INFO - For 9: Wait(True), Assert(True), Action(True) data:{'xlwb': <entity.ExcelData.ExcelWorkBook object at 0x000001652E44B4A0>, 'element_id': 7, 'description': 'Goes to the opened new tab', 'execute': '', 'locator': '', 'action': 'loop new tab', 'value': '', 'assertion': '', 'condition': '', 'stored_value_key': '', 'timeout': '', 'url': '', 'filepath': '', 'assert_value': '', 'nth': '', 'conditional_key': '', 'conditional_statement': ''}
2024-09-06 05:33:32,685 -INFO - LCE loop row: 10
2024-09-06 05:33:32,686 -INFO - Working with Actions in with row details: {'xlwb': <entity.ExcelData.ExcelWorkBook object at 0x000001652E44B4A0>, 'element_id': 9, 'description': 'PAGE URL', 'execute': '', 'locator': '', 'action': 'get page url', 'value': '', 'assertion': '', 'condition': '', 'stored_value_key': 'url', 'timeout': '', 'url': '', 'filepath': '', 'assert_value': '', 'nth': '', 'conditional_key': '', 'conditional_statement': ''}
2024-09-06 05:33:32,686 -INFO - (ActionFunctions/execute_code_get_data) {'xlwb': <entity.ExcelData.ExcelWorkBook object at 0x000001652E44B4A0>, 'element_id': 9, 'description': 'PAGE URL', 'execute': '', 'locator': '', 'action': 'get page url', 'value': '', 'assertion': '', 'condition': '', 'stored_value_key': 'url', 'timeout': '', 'url': '', 'filepath': '', 'assert_value': '', 'nth': '', 'conditional_key': '', 'conditional_statement': ''}
2024-09-06 05:33:32,687 -INFO - For 10: Wait(True), Assert(True), Action(True) data:{'xlwb': <entity.ExcelData.ExcelWorkBook object at 0x000001652E44B4A0>, 'element_id': 9, 'description': 'PAGE URL', 'execute': '', 'locator': '', 'action': 'get page url', 'value': '', 'assertion': '', 'condition': '', 'stored_value_key': 'url', 'timeout': '', 'url': '', 'filepath': '', 'assert_value': '', 'nth': '', 'conditional_key': '', 'conditional_statement': ''}
2024-09-06 05:33:32,688 -INFO - LCE loop row: 11
2024-09-06 05:33:32,688 -INFO - Working with Actions in with row details: {'xlwb': <entity.ExcelData.ExcelWorkBook object at 0x000001652E44B4A0>, 'element_id': 14, 'description': 'Close the current tab and goes to parent tab', 'execute': '', 'locator': '', 'action': 'close tab', 'value': '', 'assertion': '', 'condition': '', 'stored_value_key': '', 'timeout': '', 'url': '', 'filepath': '', 'assert_value': '', 'nth': '', 'conditional_key': '', 'conditional_statement': ''}
2024-09-06 05:33:32,688 -INFO - (WindowHandler/close_tab)
2024-09-06 05:33:33,251 -INFO - (WindowHandler/goto_parent_tab)
2024-09-06 05:33:33,276 -INFO - For 11: Wait(True), Assert(True), Action(True) data:{'xlwb': <entity.ExcelData.ExcelWorkBook object at 0x000001652E44B4A0>, 'element_id': 14, 'description': 'Close the current tab and goes to parent tab', 'execute': '', 'locator': '', 'action': 'close tab', 'value': '', 'assertion': '', 'condition': '', 'stored_value_key': '', 'timeout': '', 'url': '', 'filepath': '', 'assert_value': '', 'nth': '', 'conditional_key': '', 'conditional_statement': ''}
2024-09-06 05:33:33,277 -INFO - LCE loop row: 9
2024-09-06 05:33:33,277 -INFO - Working with Actions in with row details: {'xlwb': <entity.ExcelData.ExcelWorkBook object at 0x000001652E44B4A0>, 'element_id': 7, 'description': 'Goes to the opened new tab', 'execute': '', 'locator': '', 'action': 'loop new tab', 'value': '', 'assertion': '', 'condition': '', 'stored_value_key': '', 'timeout': '', 'url': '', 'filepath': '', 'assert_value': '', 'nth': '', 'conditional_key': '', 'conditional_statement': ''}
2024-09-06 05:33:33,278 -INFO - (WindowHandler/open_link_in_new_tab_from_element) <Locator frame=<Frame name= url='https://www.amazon.in/s?k=Smartphone&i=electronics&page=2&qid=1725580988&ref=sr_pg_1'> selector="//span[@class='a-size-medium a-color-base a-text-normal'] >> nth=2">
2024-09-06 05:33:35,337 -INFO - For 9: Wait(True), Assert(True), Action(True) data:{'xlwb': <entity.ExcelData.ExcelWorkBook object at 0x000001652E44B4A0>, 'element_id': 7, 'description': 'Goes to the opened new tab', 'execute': '', 'locator': '', 'action': 'loop new tab', 'value': '', 'assertion': '', 'condition': '', 'stored_value_key': '', 'timeout': '', 'url': '', 'filepath': '', 'assert_value': '', 'nth': '', 'conditional_key': '', 'conditional_statement': ''}
2024-09-06 05:33:35,338 -INFO - LCE loop row: 10
2024-09-06 05:33:35,338 -INFO - Working with Actions in with row details: {'xlwb': <entity.ExcelData.ExcelWorkBook object at 0x000001652E44B4A0>, 'element_id': 9, 'description': 'PAGE URL', 'execute': '', 'locator': '', 'action': 'get page url', 'value': '', 'assertion': '', 'condition': '', 'stored_value_key': 'url', 'timeout': '', 'url': '', 'filepath': '', 'assert_value': '', 'nth': '', 'conditional_key': '', 'conditional_statement': ''}
2024-09-06 05:33:35,338 -INFO - (ActionFunctions/execute_code_get_data) {'xlwb': <entity.ExcelData.ExcelWorkBook object at 0x000001652E44B4A0>, 'element_id': 9, 'description': 'PAGE URL', 'execute': '', 'locator': '', 'action': 'get page url', 'value': '', 'assertion': '', 'condition': '', 'stored_value_key': 'url', 'timeout': '', 'url': '', 'filepath': '', 'assert_value': '', 'nth': '', 'conditional_key': '', 'conditional_statement': ''}
2024-09-06 05:33:35,339 -INFO - For 10: Wait(True), Assert(True), Action(True) data:{'xlwb': <entity.ExcelData.ExcelWorkBook object at 0x000001652E44B4A0>, 'element_id': 9, 'description': 'PAGE URL', 'execute': '', 'locator': '', 'action': 'get page url', 'value': '', 'assertion': '', 'condition': '', 'stored_value_key': 'url', 'timeout': '', 'url': '', 'filepath': '', 'assert_value': '', 'nth': '', 'conditional_key': '', 'conditional_statement': ''}
2024-09-06 05:33:35,339 -INFO - LCE loop row: 11
2024-09-06 05:33:35,339 -INFO - Working with Actions in with row details: {'xlwb': <entity.ExcelData.ExcelWorkBook object at 0x000001652E44B4A0>, 'element_id': 14, 'description': 'Close the current tab and goes to parent tab', 'execute': '', 'locator': '', 'action': 'close tab', 'value': '', 'assertion': '', 'condition': '', 'stored_value_key': '', 'timeout': '', 'url': '', 'filepath': '', 'assert_value': '', 'nth': '', 'conditional_key': '', 'conditional_statement': ''}
2024-09-06 05:33:35,339 -INFO - (WindowHandler/close_tab)
2024-09-06 05:33:35,400 -INFO - (WindowHandler/goto_parent_tab)
2024-09-06 05:33:35,413 -INFO - For 11: Wait(True), Assert(True), Action(True) data:{'xlwb': <entity.ExcelData.ExcelWorkBook object at 0x000001652E44B4A0>, 'element_id': 14, 'description': 'Close the current tab and goes to parent tab', 'execute': '', 'locator': '', 'action': 'close tab', 'value': '', 'assertion': '', 'condition': '', 'stored_value_key': '', 'timeout': '', 'url': '', 'filepath': '', 'assert_value': '', 'nth': '', 'conditional_key': '', 'conditional_statement': ''}
2024-09-06 05:33:35,413 -INFO - Loop Cases Element(slm): Exit Point #6
2024-09-06 05:33:35,413 -INFO - Start Loop Module(loop_cases_element) : Exit Point #5
2024-09-06 05:33:35,413 -INFO - LCE loop row: 13
2024-09-06 05:33:35,414 -INFO - Working with Actions in with row details: {'xlwb': <entity.ExcelData.ExcelWorkBook object at 0x000001652E44B4A0>, 'element_id': 16, 'description': 'Click on the next button', 'execute': '', 'locator': '.s-pagination-next', 'action': 'click', 'value': '', 'assertion': '', 'condition': '', 'stored_value_key': '', 'timeout': 20000, 'url': '', 'filepath': '', 'assert_value': '', 'nth': '', 'conditional_key': '', 'conditional_statement': ''}
2024-09-06 05:33:35,445 -INFO - (ActionFunctions/execute_code) page.locator(".s-pagination-next").nth(0).click()
2024-09-06 05:33:35,740 -INFO - For 13: Wait(True), Assert(True), Action(True) data:{'xlwb': <entity.ExcelData.ExcelWorkBook object at 0x000001652E44B4A0>, 'element_id': 16, 'description': 'Click on the next button', 'execute': '', 'locator': '.s-pagination-next', 'action': 'click', 'value': '', 'assertion': '', 'condition': '', 'stored_value_key': '', 'timeout': 20000, 'url': '', 'filepath': '', 'assert_value': '', 'nth': '', 'conditional_key': '', 'conditional_statement': ''}
2024-09-06 05:33:35,740 -INFO - Loop Cases Element(slm): Exit Point #6
2024-09-06 05:33:35,741 -INFO - (ActionFunctions/execute_assert_code) {'xlwb': <entity.ExcelData.ExcelWorkBook object at 0x000001652E44B4A0>, 'element_id': 17, 'description': 'end loop 1: continuous', 'execute': '', 'locator': '.s-pagination-next', 'action': '', 'value': '', 'assertion': 'soft', 'condition': 'not to have attribute', 'stored_value_key': '', 'timeout': 20000, 'url': '', 'filepath': '', 'assert_value': '"aria-disabled", "true"', 'nth': '', 'conditional_key': '', 'conditional_statement': ''}, expect(page.locator(".s-pagination-next").nth(0),"element has attribute").not_to_have_attribute("aria-disabled", "true")
2024-09-06 05:33:37,702 -INFO - Start Loop Module(sheets): Exit Point #3
2024-09-06 05:33:37,702 -INFO - Sheet row: 15
2024-09-06 05:33:37,702 -INFO - CreateLinksHTML/create_links_html) url
2024-09-06 05:33:37,709 -INFO - ** sheets: Exit Point #2 **
2024-09-06 05:33:37,716 -INFO - Sheet loop number: 2
2024-09-06 05:33:37,716 -INFO - Sheet loop number: 3
2024-09-06 05:33:37,809 -INFO - StartTest.config: Exit Point #1
