2024-09-27 14:36:47,169 -INFO - Logger initialized
2024-09-27 14:36:47,170 -INFO - StartTest.config: Entry Point #1
2024-09-27 14:36:47,170 -INFO - StartTest.config: {'file_path': 'excel\\Test.xlsx', 'workbook': <openpyxl.workbook.workbook.Workbook object at 0x000001F62059CFB0>, 'current_sheet': <Worksheet "Details">, 'sheet_count': 8, 'sheet_names': ['Details', 'Dropdown', 'Page Elements', 'Queries', 'template', 'amazon product urls test', 'amazon product page details', 'remaining pages']}, {'directory_path': 'Reports/Report 2024-09-27 143647', 'code_prog': <utils.Logging.Logging object at 0x000001F6205C9AF0>, 'log': <utils.Logging.Logging object at 0x000001F62165D490>}
2024-09-27 14:37:05,180 -INFO - Sheet loop number: 0
2024-09-27 14:37:05,180 -INFO - Sheet loop number: 1
2024-09-27 14:37:05,180 -INFO - Sheet loop number: 2
2024-09-27 14:37:05,181 -INFO - Sheet loop number: 3
2024-09-27 14:37:05,181 -INFO - Sheet loop number: 4
2024-09-27 14:37:05,181 -INFO - Sheet loop number: 5
2024-09-27 14:37:05,181 -INFO - ** sheets: Entry Point #2 ** amazon product urls test
2024-09-27 14:37:05,181 -INFO - Sheet row: 3
2024-09-27 14:37:05,182 -INFO - (ExcelControl/execute_module): {'xlwb': <entity.ExcelData.ExcelWorkBook object at 0x000001F62059DBB0>, 'element_id': 1, 'description': '', 'execute': 'page.get_by_title("Search in").select_option("search-alias=electronics")', 'locator': '', 'action': '', 'value': '', 'assertion': '', 'condition': '', 'stored_value_key': '', 'timeout': '', 'url': '', 'filepath': '', 'assert_value': '', 'nth': '', 'conditional_key': '', 'conditional_statement': ''},
2024-09-27 14:37:05,182 -INFO - (ActionFunctions/execute_code) page.get_by_title("Search in").select_option("search-alias=electronics")
2024-09-27 14:37:06,020 -INFO - Sheet row: 4
2024-09-27 14:37:06,020 -INFO - Working with Actions in with row details: {'xlwb': <entity.ExcelData.ExcelWorkBook object at 0x000001F62059DBB0>, 'element_id': 2, 'description': 'Enter Search Value', 'execute': '', 'locator': '//input[@id="twotabsearchtextbox"]', 'action': 'fill', 'value': 'Smartphone', 'assertion': '', 'condition': '', 'stored_value_key': '', 'timeout': 30000, 'url': '', 'filepath': '', 'assert_value': '', 'nth': '', 'conditional_key': '', 'conditional_statement': ''}
2024-09-27 14:37:06,224 -INFO - (ActionFunctions/execute_code) page.locator("//input[@id='twotabsearchtextbox']").nth(0).fill("Smartphone")
2024-09-27 14:37:06,302 -INFO - For 4: Wait(True), Assert(True), Action(True) data:{'xlwb': <entity.ExcelData.ExcelWorkBook object at 0x000001F62059DBB0>, 'element_id': 2, 'description': 'Enter Search Value', 'execute': '', 'locator': '//input[@id="twotabsearchtextbox"]', 'action': 'fill', 'value': 'Smartphone', 'assertion': '', 'condition': '', 'stored_value_key': '', 'timeout': 30000, 'url': '', 'filepath': '', 'assert_value': '', 'nth': '', 'conditional_key': '', 'conditional_statement': ''}
2024-09-27 14:37:06,303 -INFO - Sheet row: 5
2024-09-27 14:37:06,303 -INFO - Working with Actions in with row details: {'xlwb': <entity.ExcelData.ExcelWorkBook object at 0x000001F62059DBB0>, 'element_id': 3, 'description': 'Click Search', 'execute': '', 'locator': "//input[@id='nav-search-submit-button']", 'action': 'click', 'value': '', 'assertion': '', 'condition': '', 'stored_value_key': '', 'timeout': 15000, 'url': '', 'filepath': '', 'assert_value': '', 'nth': '', 'conditional_key': '', 'conditional_statement': ''}
2024-09-27 14:37:06,360 -INFO - (ActionFunctions/execute_code) page.locator("//input[@id='nav-search-submit-button']").nth(0).click()
2024-09-27 14:37:06,993 -INFO - For 5: Wait(True), Assert(True), Action(True) data:{'xlwb': <entity.ExcelData.ExcelWorkBook object at 0x000001F62059DBB0>, 'element_id': 3, 'description': 'Click Search', 'execute': '', 'locator': "//input[@id='nav-search-submit-button']", 'action': 'click', 'value': '', 'assertion': '', 'condition': '', 'stored_value_key': '', 'timeout': 15000, 'url': '', 'filepath': '', 'assert_value': '', 'nth': '', 'conditional_key': '', 'conditional_statement': ''}
2024-09-27 14:37:06,993 -INFO - Sheet row: 6
2024-09-27 14:37:06,994 -INFO - (ExcelControl/execute_module): {'xlwb': <entity.ExcelData.ExcelWorkBook object at 0x000001F62059DBB0>, 'element_id': 4, 'description': '', 'execute': 'time.sleep(5)', 'locator': '', 'action': '', 'value': '', 'assertion': '', 'condition': '', 'stored_value_key': '', 'timeout': '', 'url': '', 'filepath': '', 'assert_value': '', 'nth': '', 'conditional_key': '', 'conditional_statement': ''},
2024-09-27 14:37:06,994 -INFO - (ActionFunctions/execute_code) time.sleep(5)
2024-09-27 14:37:11,996 -INFO - Sheet row: 7
2024-09-27 14:37:11,996 -INFO - Start Loop Module(sheets): Entry Point #3 {'xlwb': <entity.ExcelData.ExcelWorkBook object at 0x000001F62059DBB0>, 'element_id': 5, 'description': 'start loop 1', 'execute': '', 'locator': '.s-pagination-next', 'action': '', 'value': '', 'assertion': '', 'condition': '', 'stored_value_key': 'list', 'timeout': 10000, 'url': '', 'filepath': '', 'assert_value': '', 'nth': '', 'conditional_key': '', 'conditional_statement': ''},7
2024-09-27 14:37:11,996 -INFO - SLM loop row: 7
2024-09-27 14:37:11,996 -INFO - Loop Cases Element(slm): Entry Point #6 7,.s-pagination-next, {'xlwb': <entity.ExcelData.ExcelWorkBook object at 0x000001F62059DBB0>, 'element_id': 5, 'description': 'start loop 1', 'execute': '', 'locator': '.s-pagination-next', 'action': '', 'value': '', 'assertion': '', 'condition': '', 'stored_value_key': 'list', 'timeout': 10000, 'url': '', 'filepath': '', 'assert_value': '', 'nth': '', 'conditional_key': '', 'conditional_statement': ''}
2024-09-27 14:37:11,996 -INFO - Working with Actions in with row details: {'xlwb': <entity.ExcelData.ExcelWorkBook object at 0x000001F62059DBB0>, 'element_id': 5, 'description': 'start loop 1', 'execute': '', 'locator': '.s-pagination-next', 'action': '', 'value': '', 'assertion': '', 'condition': '', 'stored_value_key': 'list', 'timeout': 10000, 'url': '', 'filepath': '', 'assert_value': '', 'nth': '', 'conditional_key': '', 'conditional_statement': ''}
2024-09-27 14:37:12,117 -INFO - LCE loop row: 8
2024-09-27 14:37:12,117 -INFO - Start Loop Module(loop_cases_element) : Entry Point #5 {'xlwb': <entity.ExcelData.ExcelWorkBook object at 0x000001F62059DBB0>, 'element_id': 6, 'description': 'start loop 2: amazon first page all products', 'execute': '', 'locator': "//span[@class='a-size-medium a-color-base a-text-normal']", 'action': '', 'value': '', 'assertion': '', 'condition': '', 'stored_value_key': 'product', 'timeout': '', 'url': '', 'filepath': '', 'assert_value': '', 'nth': '', 'conditional_key': '', 'conditional_statement': ''}, 8
2024-09-27 14:37:12,117 -INFO - SLM loop row: 8
2024-09-27 14:37:12,117 -INFO - Loop Cases Element(slm): Entry Point #6 8,//span[@class='a-size-medium a-color-base a-text-normal'], {'xlwb': <entity.ExcelData.ExcelWorkBook object at 0x000001F62059DBB0>, 'element_id': 6, 'description': 'start loop 2: amazon first page all products', 'execute': '', 'locator': "//span[@class='a-size-medium a-color-base a-text-normal']", 'action': '', 'value': '', 'assertion': '', 'condition': '', 'stored_value_key': 'product', 'timeout': '', 'url': '', 'filepath': '', 'assert_value': '', 'nth': '', 'conditional_key': '', 'conditional_statement': ''}
2024-09-27 14:37:12,117 -INFO - Working with Actions in with row details: {'xlwb': <entity.ExcelData.ExcelWorkBook object at 0x000001F62059DBB0>, 'element_id': 6, 'description': 'start loop 2: amazon first page all products', 'execute': '', 'locator': "//span[@class='a-size-medium a-color-base a-text-normal']", 'action': '', 'value': '', 'assertion': '', 'condition': '', 'stored_value_key': 'product', 'timeout': '', 'url': '', 'filepath': '', 'assert_value': '', 'nth': '', 'conditional_key': '', 'conditional_statement': ''}
2024-09-27 14:37:12,129 -INFO - LCE loop row: 9
2024-09-27 14:37:12,129 -INFO - Working with Actions in with row details: {'xlwb': <entity.ExcelData.ExcelWorkBook object at 0x000001F62059DBB0>, 'element_id': 7, 'description': 'Goes to the opened new tab', 'execute': '', 'locator': '', 'action': 'loop go to new tab', 'value': '', 'assertion': '', 'condition': '', 'stored_value_key': '', 'timeout': '', 'url': '', 'filepath': '', 'assert_value': '', 'nth': '', 'conditional_key': '', 'conditional_statement': ''}
2024-09-27 14:37:12,130 -INFO - (WindowHandler/go_to_newly_opened_tab_from_element) <Locator frame=<Frame name= url='https://www.amazon.in/s?k=Smartphone&i=electronics&crid=1AJUWWOFKLRTZ&sprefix=%2Celectronics%2C198&ref=nb_sb_noss'> selector="//span[@class='a-size-medium a-color-base a-text-normal'] >> nth=0">
2024-09-27 14:37:14,759 -INFO - For 9: Wait(True), Assert(True), Action(True) data:{'xlwb': <entity.ExcelData.ExcelWorkBook object at 0x000001F62059DBB0>, 'element_id': 7, 'description': 'Goes to the opened new tab', 'execute': '', 'locator': '', 'action': 'loop go to new tab', 'value': '', 'assertion': '', 'condition': '', 'stored_value_key': '', 'timeout': '', 'url': '', 'filepath': '', 'assert_value': '', 'nth': '', 'conditional_key': '', 'conditional_statement': ''}
2024-09-27 14:37:14,760 -INFO - LCE loop row: 10
2024-09-27 14:37:14,760 -INFO - Working with Actions in with row details: {'xlwb': <entity.ExcelData.ExcelWorkBook object at 0x000001F62059DBB0>, 'element_id': 9, 'description': 'PAGE URL', 'execute': '', 'locator': '', 'action': 'get page url', 'value': '', 'assertion': '', 'condition': '', 'stored_value_key': 'url', 'timeout': '', 'url': '', 'filepath': '', 'assert_value': '', 'nth': '', 'conditional_key': '', 'conditional_statement': ''}
2024-09-27 14:37:14,760 -INFO - (ActionFunctions/execute_code_get_data) {'xlwb': <entity.ExcelData.ExcelWorkBook object at 0x000001F62059DBB0>, 'element_id': 9, 'description': 'PAGE URL', 'execute': '', 'locator': '', 'action': 'get page url', 'value': '', 'assertion': '', 'condition': '', 'stored_value_key': 'url', 'timeout': '', 'url': '', 'filepath': '', 'assert_value': '', 'nth': '', 'conditional_key': '', 'conditional_statement': ''}
2024-09-27 14:37:14,760 -INFO - For 10: Wait(True), Assert(True), Action(True) data:{'xlwb': <entity.ExcelData.ExcelWorkBook object at 0x000001F62059DBB0>, 'element_id': 9, 'description': 'PAGE URL', 'execute': '', 'locator': '', 'action': 'get page url', 'value': '', 'assertion': '', 'condition': '', 'stored_value_key': 'url', 'timeout': '', 'url': '', 'filepath': '', 'assert_value': '', 'nth': '', 'conditional_key': '', 'conditional_statement': ''}
2024-09-27 14:37:14,761 -INFO - LCE loop row: 11
2024-09-27 14:37:14,761 -INFO - Working with Actions in with row details: {'xlwb': <entity.ExcelData.ExcelWorkBook object at 0x000001F62059DBB0>, 'element_id': 14, 'description': 'Close the current tab and goes to parent tab', 'execute': '', 'locator': '', 'action': 'close tab', 'value': '', 'assertion': '', 'condition': '', 'stored_value_key': '', 'timeout': '', 'url': '', 'filepath': '', 'assert_value': '', 'nth': '', 'conditional_key': '', 'conditional_statement': ''}
2024-09-27 14:37:14,761 -INFO - (WindowHandler/close_tab)
2024-09-27 14:37:15,291 -INFO - (WindowHandler/goto_parent_tab)
2024-09-27 14:37:15,309 -INFO - For 11: Wait(True), Assert(True), Action(True) data:{'xlwb': <entity.ExcelData.ExcelWorkBook object at 0x000001F62059DBB0>, 'element_id': 14, 'description': 'Close the current tab and goes to parent tab', 'execute': '', 'locator': '', 'action': 'close tab', 'value': '', 'assertion': '', 'condition': '', 'stored_value_key': '', 'timeout': '', 'url': '', 'filepath': '', 'assert_value': '', 'nth': '', 'conditional_key': '', 'conditional_statement': ''}
2024-09-27 14:37:15,310 -INFO - LCE loop row: 9
2024-09-27 14:37:15,310 -INFO - Working with Actions in with row details: {'xlwb': <entity.ExcelData.ExcelWorkBook object at 0x000001F62059DBB0>, 'element_id': 7, 'description': 'Goes to the opened new tab', 'execute': '', 'locator': '', 'action': 'loop go to new tab', 'value': '', 'assertion': '', 'condition': '', 'stored_value_key': '', 'timeout': '', 'url': '', 'filepath': '', 'assert_value': '', 'nth': '', 'conditional_key': '', 'conditional_statement': ''}
2024-09-27 14:37:15,310 -INFO - (WindowHandler/go_to_newly_opened_tab_from_element) <Locator frame=<Frame name= url='https://www.amazon.in/s?k=Smartphone&i=electronics&crid=1AJUWWOFKLRTZ&sprefix=%2Celectronics%2C198&ref=nb_sb_noss'> selector="//span[@class='a-size-medium a-color-base a-text-normal'] >> nth=1">
2024-09-27 14:37:17,803 -INFO - For 9: Wait(True), Assert(True), Action(True) data:{'xlwb': <entity.ExcelData.ExcelWorkBook object at 0x000001F62059DBB0>, 'element_id': 7, 'description': 'Goes to the opened new tab', 'execute': '', 'locator': '', 'action': 'loop go to new tab', 'value': '', 'assertion': '', 'condition': '', 'stored_value_key': '', 'timeout': '', 'url': '', 'filepath': '', 'assert_value': '', 'nth': '', 'conditional_key': '', 'conditional_statement': ''}
2024-09-27 14:37:17,803 -INFO - LCE loop row: 10
2024-09-27 14:37:17,803 -INFO - Working with Actions in with row details: {'xlwb': <entity.ExcelData.ExcelWorkBook object at 0x000001F62059DBB0>, 'element_id': 9, 'description': 'PAGE URL', 'execute': '', 'locator': '', 'action': 'get page url', 'value': '', 'assertion': '', 'condition': '', 'stored_value_key': 'url', 'timeout': '', 'url': '', 'filepath': '', 'assert_value': '', 'nth': '', 'conditional_key': '', 'conditional_statement': ''}
2024-09-27 14:37:17,804 -INFO - (ActionFunctions/execute_code_get_data) {'xlwb': <entity.ExcelData.ExcelWorkBook object at 0x000001F62059DBB0>, 'element_id': 9, 'description': 'PAGE URL', 'execute': '', 'locator': '', 'action': 'get page url', 'value': '', 'assertion': '', 'condition': '', 'stored_value_key': 'url', 'timeout': '', 'url': '', 'filepath': '', 'assert_value': '', 'nth': '', 'conditional_key': '', 'conditional_statement': ''}
2024-09-27 14:37:17,804 -INFO - For 10: Wait(True), Assert(True), Action(True) data:{'xlwb': <entity.ExcelData.ExcelWorkBook object at 0x000001F62059DBB0>, 'element_id': 9, 'description': 'PAGE URL', 'execute': '', 'locator': '', 'action': 'get page url', 'value': '', 'assertion': '', 'condition': '', 'stored_value_key': 'url', 'timeout': '', 'url': '', 'filepath': '', 'assert_value': '', 'nth': '', 'conditional_key': '', 'conditional_statement': ''}
2024-09-27 14:37:17,804 -INFO - LCE loop row: 11
2024-09-27 14:37:17,805 -INFO - Working with Actions in with row details: {'xlwb': <entity.ExcelData.ExcelWorkBook object at 0x000001F62059DBB0>, 'element_id': 14, 'description': 'Close the current tab and goes to parent tab', 'execute': '', 'locator': '', 'action': 'close tab', 'value': '', 'assertion': '', 'condition': '', 'stored_value_key': '', 'timeout': '', 'url': '', 'filepath': '', 'assert_value': '', 'nth': '', 'conditional_key': '', 'conditional_statement': ''}
2024-09-27 14:37:17,805 -INFO - (WindowHandler/close_tab)
2024-09-27 14:37:17,932 -INFO - (WindowHandler/goto_parent_tab)
2024-09-27 14:37:18,025 -INFO - For 11: Wait(True), Assert(True), Action(True) data:{'xlwb': <entity.ExcelData.ExcelWorkBook object at 0x000001F62059DBB0>, 'element_id': 14, 'description': 'Close the current tab and goes to parent tab', 'execute': '', 'locator': '', 'action': 'close tab', 'value': '', 'assertion': '', 'condition': '', 'stored_value_key': '', 'timeout': '', 'url': '', 'filepath': '', 'assert_value': '', 'nth': '', 'conditional_key': '', 'conditional_statement': ''}
2024-09-27 14:37:18,025 -INFO - LCE loop row: 9
2024-09-27 14:37:18,025 -INFO - Working with Actions in with row details: {'xlwb': <entity.ExcelData.ExcelWorkBook object at 0x000001F62059DBB0>, 'element_id': 7, 'description': 'Goes to the opened new tab', 'execute': '', 'locator': '', 'action': 'loop go to new tab', 'value': '', 'assertion': '', 'condition': '', 'stored_value_key': '', 'timeout': '', 'url': '', 'filepath': '', 'assert_value': '', 'nth': '', 'conditional_key': '', 'conditional_statement': ''}
2024-09-27 14:37:18,025 -INFO - (WindowHandler/go_to_newly_opened_tab_from_element) <Locator frame=<Frame name= url='https://www.amazon.in/s?k=Smartphone&i=electronics&crid=1AJUWWOFKLRTZ&sprefix=%2Celectronics%2C198&ref=nb_sb_noss'> selector="//span[@class='a-size-medium a-color-base a-text-normal'] >> nth=2">
2024-09-27 14:37:20,236 -INFO - For 9: Wait(True), Assert(True), Action(True) data:{'xlwb': <entity.ExcelData.ExcelWorkBook object at 0x000001F62059DBB0>, 'element_id': 7, 'description': 'Goes to the opened new tab', 'execute': '', 'locator': '', 'action': 'loop go to new tab', 'value': '', 'assertion': '', 'condition': '', 'stored_value_key': '', 'timeout': '', 'url': '', 'filepath': '', 'assert_value': '', 'nth': '', 'conditional_key': '', 'conditional_statement': ''}
2024-09-27 14:37:20,237 -INFO - LCE loop row: 10
2024-09-27 14:37:20,237 -INFO - Working with Actions in with row details: {'xlwb': <entity.ExcelData.ExcelWorkBook object at 0x000001F62059DBB0>, 'element_id': 9, 'description': 'PAGE URL', 'execute': '', 'locator': '', 'action': 'get page url', 'value': '', 'assertion': '', 'condition': '', 'stored_value_key': 'url', 'timeout': '', 'url': '', 'filepath': '', 'assert_value': '', 'nth': '', 'conditional_key': '', 'conditional_statement': ''}
2024-09-27 14:37:20,237 -INFO - (ActionFunctions/execute_code_get_data) {'xlwb': <entity.ExcelData.ExcelWorkBook object at 0x000001F62059DBB0>, 'element_id': 9, 'description': 'PAGE URL', 'execute': '', 'locator': '', 'action': 'get page url', 'value': '', 'assertion': '', 'condition': '', 'stored_value_key': 'url', 'timeout': '', 'url': '', 'filepath': '', 'assert_value': '', 'nth': '', 'conditional_key': '', 'conditional_statement': ''}
2024-09-27 14:37:20,237 -INFO - For 10: Wait(True), Assert(True), Action(True) data:{'xlwb': <entity.ExcelData.ExcelWorkBook object at 0x000001F62059DBB0>, 'element_id': 9, 'description': 'PAGE URL', 'execute': '', 'locator': '', 'action': 'get page url', 'value': '', 'assertion': '', 'condition': '', 'stored_value_key': 'url', 'timeout': '', 'url': '', 'filepath': '', 'assert_value': '', 'nth': '', 'conditional_key': '', 'conditional_statement': ''}
2024-09-27 14:37:20,238 -INFO - LCE loop row: 11
2024-09-27 14:37:20,238 -INFO - Working with Actions in with row details: {'xlwb': <entity.ExcelData.ExcelWorkBook object at 0x000001F62059DBB0>, 'element_id': 14, 'description': 'Close the current tab and goes to parent tab', 'execute': '', 'locator': '', 'action': 'close tab', 'value': '', 'assertion': '', 'condition': '', 'stored_value_key': '', 'timeout': '', 'url': '', 'filepath': '', 'assert_value': '', 'nth': '', 'conditional_key': '', 'conditional_statement': ''}
2024-09-27 14:37:20,238 -INFO - (WindowHandler/close_tab)
2024-09-27 14:37:20,789 -INFO - (WindowHandler/goto_parent_tab)
2024-09-27 14:37:20,804 -INFO - For 11: Wait(True), Assert(True), Action(True) data:{'xlwb': <entity.ExcelData.ExcelWorkBook object at 0x000001F62059DBB0>, 'element_id': 14, 'description': 'Close the current tab and goes to parent tab', 'execute': '', 'locator': '', 'action': 'close tab', 'value': '', 'assertion': '', 'condition': '', 'stored_value_key': '', 'timeout': '', 'url': '', 'filepath': '', 'assert_value': '', 'nth': '', 'conditional_key': '', 'conditional_statement': ''}
2024-09-27 14:37:20,805 -INFO - LCE loop row: 9
2024-09-27 14:37:20,805 -INFO - Working with Actions in with row details: {'xlwb': <entity.ExcelData.ExcelWorkBook object at 0x000001F62059DBB0>, 'element_id': 7, 'description': 'Goes to the opened new tab', 'execute': '', 'locator': '', 'action': 'loop go to new tab', 'value': '', 'assertion': '', 'condition': '', 'stored_value_key': '', 'timeout': '', 'url': '', 'filepath': '', 'assert_value': '', 'nth': '', 'conditional_key': '', 'conditional_statement': ''}
2024-09-27 14:37:20,806 -INFO - (WindowHandler/go_to_newly_opened_tab_from_element) <Locator frame=<Frame name= url='https://www.amazon.in/s?k=Smartphone&i=electronics&crid=1AJUWWOFKLRTZ&sprefix=%2Celectronics%2C198&ref=nb_sb_noss'> selector="//span[@class='a-size-medium a-color-base a-text-normal'] >> nth=3">
2024-09-27 14:37:22,732 -INFO - For 9: Wait(True), Assert(True), Action(True) data:{'xlwb': <entity.ExcelData.ExcelWorkBook object at 0x000001F62059DBB0>, 'element_id': 7, 'description': 'Goes to the opened new tab', 'execute': '', 'locator': '', 'action': 'loop go to new tab', 'value': '', 'assertion': '', 'condition': '', 'stored_value_key': '', 'timeout': '', 'url': '', 'filepath': '', 'assert_value': '', 'nth': '', 'conditional_key': '', 'conditional_statement': ''}
2024-09-27 14:37:22,733 -INFO - LCE loop row: 10
2024-09-27 14:37:22,733 -INFO - Working with Actions in with row details: {'xlwb': <entity.ExcelData.ExcelWorkBook object at 0x000001F62059DBB0>, 'element_id': 9, 'description': 'PAGE URL', 'execute': '', 'locator': '', 'action': 'get page url', 'value': '', 'assertion': '', 'condition': '', 'stored_value_key': 'url', 'timeout': '', 'url': '', 'filepath': '', 'assert_value': '', 'nth': '', 'conditional_key': '', 'conditional_statement': ''}
2024-09-27 14:37:22,733 -INFO - (ActionFunctions/execute_code_get_data) {'xlwb': <entity.ExcelData.ExcelWorkBook object at 0x000001F62059DBB0>, 'element_id': 9, 'description': 'PAGE URL', 'execute': '', 'locator': '', 'action': 'get page url', 'value': '', 'assertion': '', 'condition': '', 'stored_value_key': 'url', 'timeout': '', 'url': '', 'filepath': '', 'assert_value': '', 'nth': '', 'conditional_key': '', 'conditional_statement': ''}
2024-09-27 14:37:22,734 -INFO - For 10: Wait(True), Assert(True), Action(True) data:{'xlwb': <entity.ExcelData.ExcelWorkBook object at 0x000001F62059DBB0>, 'element_id': 9, 'description': 'PAGE URL', 'execute': '', 'locator': '', 'action': 'get page url', 'value': '', 'assertion': '', 'condition': '', 'stored_value_key': 'url', 'timeout': '', 'url': '', 'filepath': '', 'assert_value': '', 'nth': '', 'conditional_key': '', 'conditional_statement': ''}
2024-09-27 14:37:22,734 -INFO - LCE loop row: 11
2024-09-27 14:37:22,734 -INFO - Working with Actions in with row details: {'xlwb': <entity.ExcelData.ExcelWorkBook object at 0x000001F62059DBB0>, 'element_id': 14, 'description': 'Close the current tab and goes to parent tab', 'execute': '', 'locator': '', 'action': 'close tab', 'value': '', 'assertion': '', 'condition': '', 'stored_value_key': '', 'timeout': '', 'url': '', 'filepath': '', 'assert_value': '', 'nth': '', 'conditional_key': '', 'conditional_statement': ''}
2024-09-27 14:37:22,734 -INFO - (WindowHandler/close_tab)
2024-09-27 14:37:22,807 -INFO - (WindowHandler/goto_parent_tab)
2024-09-27 14:37:22,828 -INFO - For 11: Wait(True), Assert(True), Action(True) data:{'xlwb': <entity.ExcelData.ExcelWorkBook object at 0x000001F62059DBB0>, 'element_id': 14, 'description': 'Close the current tab and goes to parent tab', 'execute': '', 'locator': '', 'action': 'close tab', 'value': '', 'assertion': '', 'condition': '', 'stored_value_key': '', 'timeout': '', 'url': '', 'filepath': '', 'assert_value': '', 'nth': '', 'conditional_key': '', 'conditional_statement': ''}
2024-09-27 14:37:22,828 -INFO - LCE loop row: 9
2024-09-27 14:37:22,829 -INFO - Working with Actions in with row details: {'xlwb': <entity.ExcelData.ExcelWorkBook object at 0x000001F62059DBB0>, 'element_id': 7, 'description': 'Goes to the opened new tab', 'execute': '', 'locator': '', 'action': 'loop go to new tab', 'value': '', 'assertion': '', 'condition': '', 'stored_value_key': '', 'timeout': '', 'url': '', 'filepath': '', 'assert_value': '', 'nth': '', 'conditional_key': '', 'conditional_statement': ''}
2024-09-27 14:37:22,829 -INFO - (WindowHandler/go_to_newly_opened_tab_from_element) <Locator frame=<Frame name= url='https://www.amazon.in/s?k=Smartphone&i=electronics&crid=1AJUWWOFKLRTZ&sprefix=%2Celectronics%2C198&ref=nb_sb_noss'> selector="//span[@class='a-size-medium a-color-base a-text-normal'] >> nth=4">
2024-09-27 14:37:24,881 -INFO - For 9: Wait(True), Assert(True), Action(True) data:{'xlwb': <entity.ExcelData.ExcelWorkBook object at 0x000001F62059DBB0>, 'element_id': 7, 'description': 'Goes to the opened new tab', 'execute': '', 'locator': '', 'action': 'loop go to new tab', 'value': '', 'assertion': '', 'condition': '', 'stored_value_key': '', 'timeout': '', 'url': '', 'filepath': '', 'assert_value': '', 'nth': '', 'conditional_key': '', 'conditional_statement': ''}
2024-09-27 14:37:24,881 -INFO - LCE loop row: 10
2024-09-27 14:37:24,882 -INFO - Working with Actions in with row details: {'xlwb': <entity.ExcelData.ExcelWorkBook object at 0x000001F62059DBB0>, 'element_id': 9, 'description': 'PAGE URL', 'execute': '', 'locator': '', 'action': 'get page url', 'value': '', 'assertion': '', 'condition': '', 'stored_value_key': 'url', 'timeout': '', 'url': '', 'filepath': '', 'assert_value': '', 'nth': '', 'conditional_key': '', 'conditional_statement': ''}
2024-09-27 14:37:24,882 -INFO - (ActionFunctions/execute_code_get_data) {'xlwb': <entity.ExcelData.ExcelWorkBook object at 0x000001F62059DBB0>, 'element_id': 9, 'description': 'PAGE URL', 'execute': '', 'locator': '', 'action': 'get page url', 'value': '', 'assertion': '', 'condition': '', 'stored_value_key': 'url', 'timeout': '', 'url': '', 'filepath': '', 'assert_value': '', 'nth': '', 'conditional_key': '', 'conditional_statement': ''}
2024-09-27 14:37:24,882 -INFO - For 10: Wait(True), Assert(True), Action(True) data:{'xlwb': <entity.ExcelData.ExcelWorkBook object at 0x000001F62059DBB0>, 'element_id': 9, 'description': 'PAGE URL', 'execute': '', 'locator': '', 'action': 'get page url', 'value': '', 'assertion': '', 'condition': '', 'stored_value_key': 'url', 'timeout': '', 'url': '', 'filepath': '', 'assert_value': '', 'nth': '', 'conditional_key': '', 'conditional_statement': ''}
2024-09-27 14:37:24,883 -INFO - LCE loop row: 11
2024-09-27 14:37:24,883 -INFO - Working with Actions in with row details: {'xlwb': <entity.ExcelData.ExcelWorkBook object at 0x000001F62059DBB0>, 'element_id': 14, 'description': 'Close the current tab and goes to parent tab', 'execute': '', 'locator': '', 'action': 'close tab', 'value': '', 'assertion': '', 'condition': '', 'stored_value_key': '', 'timeout': '', 'url': '', 'filepath': '', 'assert_value': '', 'nth': '', 'conditional_key': '', 'conditional_statement': ''}
2024-09-27 14:37:24,883 -INFO - (WindowHandler/close_tab)
2024-09-27 14:37:25,431 -INFO - (WindowHandler/goto_parent_tab)
2024-09-27 14:37:25,449 -INFO - For 11: Wait(True), Assert(True), Action(True) data:{'xlwb': <entity.ExcelData.ExcelWorkBook object at 0x000001F62059DBB0>, 'element_id': 14, 'description': 'Close the current tab and goes to parent tab', 'execute': '', 'locator': '', 'action': 'close tab', 'value': '', 'assertion': '', 'condition': '', 'stored_value_key': '', 'timeout': '', 'url': '', 'filepath': '', 'assert_value': '', 'nth': '', 'conditional_key': '', 'conditional_statement': ''}
2024-09-27 14:37:25,450 -INFO - LCE loop row: 9
2024-09-27 14:37:25,450 -INFO - Working with Actions in with row details: {'xlwb': <entity.ExcelData.ExcelWorkBook object at 0x000001F62059DBB0>, 'element_id': 7, 'description': 'Goes to the opened new tab', 'execute': '', 'locator': '', 'action': 'loop go to new tab', 'value': '', 'assertion': '', 'condition': '', 'stored_value_key': '', 'timeout': '', 'url': '', 'filepath': '', 'assert_value': '', 'nth': '', 'conditional_key': '', 'conditional_statement': ''}
2024-09-27 14:37:25,450 -INFO - (WindowHandler/go_to_newly_opened_tab_from_element) <Locator frame=<Frame name= url='https://www.amazon.in/s?k=Smartphone&i=electronics&crid=1AJUWWOFKLRTZ&sprefix=%2Celectronics%2C198&ref=nb_sb_noss'> selector="//span[@class='a-size-medium a-color-base a-text-normal'] >> nth=5">
2024-09-27 14:37:27,339 -INFO - For 9: Wait(True), Assert(True), Action(True) data:{'xlwb': <entity.ExcelData.ExcelWorkBook object at 0x000001F62059DBB0>, 'element_id': 7, 'description': 'Goes to the opened new tab', 'execute': '', 'locator': '', 'action': 'loop go to new tab', 'value': '', 'assertion': '', 'condition': '', 'stored_value_key': '', 'timeout': '', 'url': '', 'filepath': '', 'assert_value': '', 'nth': '', 'conditional_key': '', 'conditional_statement': ''}
2024-09-27 14:37:27,339 -INFO - LCE loop row: 10
2024-09-27 14:37:27,339 -INFO - Working with Actions in with row details: {'xlwb': <entity.ExcelData.ExcelWorkBook object at 0x000001F62059DBB0>, 'element_id': 9, 'description': 'PAGE URL', 'execute': '', 'locator': '', 'action': 'get page url', 'value': '', 'assertion': '', 'condition': '', 'stored_value_key': 'url', 'timeout': '', 'url': '', 'filepath': '', 'assert_value': '', 'nth': '', 'conditional_key': '', 'conditional_statement': ''}
2024-09-27 14:37:27,339 -INFO - (ActionFunctions/execute_code_get_data) {'xlwb': <entity.ExcelData.ExcelWorkBook object at 0x000001F62059DBB0>, 'element_id': 9, 'description': 'PAGE URL', 'execute': '', 'locator': '', 'action': 'get page url', 'value': '', 'assertion': '', 'condition': '', 'stored_value_key': 'url', 'timeout': '', 'url': '', 'filepath': '', 'assert_value': '', 'nth': '', 'conditional_key': '', 'conditional_statement': ''}
2024-09-27 14:37:27,340 -INFO - For 10: Wait(True), Assert(True), Action(True) data:{'xlwb': <entity.ExcelData.ExcelWorkBook object at 0x000001F62059DBB0>, 'element_id': 9, 'description': 'PAGE URL', 'execute': '', 'locator': '', 'action': 'get page url', 'value': '', 'assertion': '', 'condition': '', 'stored_value_key': 'url', 'timeout': '', 'url': '', 'filepath': '', 'assert_value': '', 'nth': '', 'conditional_key': '', 'conditional_statement': ''}
2024-09-27 14:37:27,340 -INFO - LCE loop row: 11
2024-09-27 14:37:27,340 -INFO - Working with Actions in with row details: {'xlwb': <entity.ExcelData.ExcelWorkBook object at 0x000001F62059DBB0>, 'element_id': 14, 'description': 'Close the current tab and goes to parent tab', 'execute': '', 'locator': '', 'action': 'close tab', 'value': '', 'assertion': '', 'condition': '', 'stored_value_key': '', 'timeout': '', 'url': '', 'filepath': '', 'assert_value': '', 'nth': '', 'conditional_key': '', 'conditional_statement': ''}
2024-09-27 14:37:27,340 -INFO - (WindowHandler/close_tab)
2024-09-27 14:37:27,436 -INFO - (WindowHandler/goto_parent_tab)
2024-09-27 14:37:27,452 -INFO - For 11: Wait(True), Assert(True), Action(True) data:{'xlwb': <entity.ExcelData.ExcelWorkBook object at 0x000001F62059DBB0>, 'element_id': 14, 'description': 'Close the current tab and goes to parent tab', 'execute': '', 'locator': '', 'action': 'close tab', 'value': '', 'assertion': '', 'condition': '', 'stored_value_key': '', 'timeout': '', 'url': '', 'filepath': '', 'assert_value': '', 'nth': '', 'conditional_key': '', 'conditional_statement': ''}
2024-09-27 14:37:27,454 -INFO - LCE loop row: 9
2024-09-27 14:37:27,454 -INFO - Working with Actions in with row details: {'xlwb': <entity.ExcelData.ExcelWorkBook object at 0x000001F62059DBB0>, 'element_id': 7, 'description': 'Goes to the opened new tab', 'execute': '', 'locator': '', 'action': 'loop go to new tab', 'value': '', 'assertion': '', 'condition': '', 'stored_value_key': '', 'timeout': '', 'url': '', 'filepath': '', 'assert_value': '', 'nth': '', 'conditional_key': '', 'conditional_statement': ''}
2024-09-27 14:37:27,454 -INFO - (WindowHandler/go_to_newly_opened_tab_from_element) <Locator frame=<Frame name= url='https://www.amazon.in/s?k=Smartphone&i=electronics&crid=1AJUWWOFKLRTZ&sprefix=%2Celectronics%2C198&ref=nb_sb_noss'> selector="//span[@class='a-size-medium a-color-base a-text-normal'] >> nth=6">
2024-09-27 14:37:29,813 -INFO - For 9: Wait(True), Assert(True), Action(True) data:{'xlwb': <entity.ExcelData.ExcelWorkBook object at 0x000001F62059DBB0>, 'element_id': 7, 'description': 'Goes to the opened new tab', 'execute': '', 'locator': '', 'action': 'loop go to new tab', 'value': '', 'assertion': '', 'condition': '', 'stored_value_key': '', 'timeout': '', 'url': '', 'filepath': '', 'assert_value': '', 'nth': '', 'conditional_key': '', 'conditional_statement': ''}
2024-09-27 14:37:29,813 -INFO - LCE loop row: 10
2024-09-27 14:37:29,814 -INFO - Working with Actions in with row details: {'xlwb': <entity.ExcelData.ExcelWorkBook object at 0x000001F62059DBB0>, 'element_id': 9, 'description': 'PAGE URL', 'execute': '', 'locator': '', 'action': 'get page url', 'value': '', 'assertion': '', 'condition': '', 'stored_value_key': 'url', 'timeout': '', 'url': '', 'filepath': '', 'assert_value': '', 'nth': '', 'conditional_key': '', 'conditional_statement': ''}
2024-09-27 14:37:29,814 -INFO - (ActionFunctions/execute_code_get_data) {'xlwb': <entity.ExcelData.ExcelWorkBook object at 0x000001F62059DBB0>, 'element_id': 9, 'description': 'PAGE URL', 'execute': '', 'locator': '', 'action': 'get page url', 'value': '', 'assertion': '', 'condition': '', 'stored_value_key': 'url', 'timeout': '', 'url': '', 'filepath': '', 'assert_value': '', 'nth': '', 'conditional_key': '', 'conditional_statement': ''}
2024-09-27 14:37:29,814 -INFO - For 10: Wait(True), Assert(True), Action(True) data:{'xlwb': <entity.ExcelData.ExcelWorkBook object at 0x000001F62059DBB0>, 'element_id': 9, 'description': 'PAGE URL', 'execute': '', 'locator': '', 'action': 'get page url', 'value': '', 'assertion': '', 'condition': '', 'stored_value_key': 'url', 'timeout': '', 'url': '', 'filepath': '', 'assert_value': '', 'nth': '', 'conditional_key': '', 'conditional_statement': ''}
2024-09-27 14:37:29,815 -INFO - LCE loop row: 11
2024-09-27 14:37:29,815 -INFO - Working with Actions in with row details: {'xlwb': <entity.ExcelData.ExcelWorkBook object at 0x000001F62059DBB0>, 'element_id': 14, 'description': 'Close the current tab and goes to parent tab', 'execute': '', 'locator': '', 'action': 'close tab', 'value': '', 'assertion': '', 'condition': '', 'stored_value_key': '', 'timeout': '', 'url': '', 'filepath': '', 'assert_value': '', 'nth': '', 'conditional_key': '', 'conditional_statement': ''}
2024-09-27 14:37:29,815 -INFO - (WindowHandler/close_tab)
2024-09-27 14:37:30,352 -INFO - (WindowHandler/goto_parent_tab)
2024-09-27 14:37:30,366 -INFO - For 11: Wait(True), Assert(True), Action(True) data:{'xlwb': <entity.ExcelData.ExcelWorkBook object at 0x000001F62059DBB0>, 'element_id': 14, 'description': 'Close the current tab and goes to parent tab', 'execute': '', 'locator': '', 'action': 'close tab', 'value': '', 'assertion': '', 'condition': '', 'stored_value_key': '', 'timeout': '', 'url': '', 'filepath': '', 'assert_value': '', 'nth': '', 'conditional_key': '', 'conditional_statement': ''}
2024-09-27 14:37:30,367 -INFO - LCE loop row: 9
2024-09-27 14:37:30,367 -INFO - Working with Actions in with row details: {'xlwb': <entity.ExcelData.ExcelWorkBook object at 0x000001F62059DBB0>, 'element_id': 7, 'description': 'Goes to the opened new tab', 'execute': '', 'locator': '', 'action': 'loop go to new tab', 'value': '', 'assertion': '', 'condition': '', 'stored_value_key': '', 'timeout': '', 'url': '', 'filepath': '', 'assert_value': '', 'nth': '', 'conditional_key': '', 'conditional_statement': ''}
2024-09-27 14:37:30,368 -INFO - (WindowHandler/go_to_newly_opened_tab_from_element) <Locator frame=<Frame name= url='https://www.amazon.in/s?k=Smartphone&i=electronics&crid=1AJUWWOFKLRTZ&sprefix=%2Celectronics%2C198&ref=nb_sb_noss'> selector="//span[@class='a-size-medium a-color-base a-text-normal'] >> nth=7">
2024-09-27 14:37:32,422 -INFO - For 9: Wait(True), Assert(True), Action(True) data:{'xlwb': <entity.ExcelData.ExcelWorkBook object at 0x000001F62059DBB0>, 'element_id': 7, 'description': 'Goes to the opened new tab', 'execute': '', 'locator': '', 'action': 'loop go to new tab', 'value': '', 'assertion': '', 'condition': '', 'stored_value_key': '', 'timeout': '', 'url': '', 'filepath': '', 'assert_value': '', 'nth': '', 'conditional_key': '', 'conditional_statement': ''}
2024-09-27 14:37:32,422 -INFO - LCE loop row: 10
2024-09-27 14:37:32,422 -INFO - Working with Actions in with row details: {'xlwb': <entity.ExcelData.ExcelWorkBook object at 0x000001F62059DBB0>, 'element_id': 9, 'description': 'PAGE URL', 'execute': '', 'locator': '', 'action': 'get page url', 'value': '', 'assertion': '', 'condition': '', 'stored_value_key': 'url', 'timeout': '', 'url': '', 'filepath': '', 'assert_value': '', 'nth': '', 'conditional_key': '', 'conditional_statement': ''}
2024-09-27 14:37:32,423 -INFO - (ActionFunctions/execute_code_get_data) {'xlwb': <entity.ExcelData.ExcelWorkBook object at 0x000001F62059DBB0>, 'element_id': 9, 'description': 'PAGE URL', 'execute': '', 'locator': '', 'action': 'get page url', 'value': '', 'assertion': '', 'condition': '', 'stored_value_key': 'url', 'timeout': '', 'url': '', 'filepath': '', 'assert_value': '', 'nth': '', 'conditional_key': '', 'conditional_statement': ''}
2024-09-27 14:37:32,423 -INFO - For 10: Wait(True), Assert(True), Action(True) data:{'xlwb': <entity.ExcelData.ExcelWorkBook object at 0x000001F62059DBB0>, 'element_id': 9, 'description': 'PAGE URL', 'execute': '', 'locator': '', 'action': 'get page url', 'value': '', 'assertion': '', 'condition': '', 'stored_value_key': 'url', 'timeout': '', 'url': '', 'filepath': '', 'assert_value': '', 'nth': '', 'conditional_key': '', 'conditional_statement': ''}
2024-09-27 14:37:32,424 -INFO - LCE loop row: 11
2024-09-27 14:37:32,424 -INFO - Working with Actions in with row details: {'xlwb': <entity.ExcelData.ExcelWorkBook object at 0x000001F62059DBB0>, 'element_id': 14, 'description': 'Close the current tab and goes to parent tab', 'execute': '', 'locator': '', 'action': 'close tab', 'value': '', 'assertion': '', 'condition': '', 'stored_value_key': '', 'timeout': '', 'url': '', 'filepath': '', 'assert_value': '', 'nth': '', 'conditional_key': '', 'conditional_statement': ''}
2024-09-27 14:37:32,425 -INFO - (WindowHandler/close_tab)
2024-09-27 14:37:32,534 -INFO - (WindowHandler/goto_parent_tab)
2024-09-27 14:37:32,553 -INFO - For 11: Wait(True), Assert(True), Action(True) data:{'xlwb': <entity.ExcelData.ExcelWorkBook object at 0x000001F62059DBB0>, 'element_id': 14, 'description': 'Close the current tab and goes to parent tab', 'execute': '', 'locator': '', 'action': 'close tab', 'value': '', 'assertion': '', 'condition': '', 'stored_value_key': '', 'timeout': '', 'url': '', 'filepath': '', 'assert_value': '', 'nth': '', 'conditional_key': '', 'conditional_statement': ''}
2024-09-27 14:37:32,554 -INFO - LCE loop row: 9
2024-09-27 14:37:32,554 -INFO - Working with Actions in with row details: {'xlwb': <entity.ExcelData.ExcelWorkBook object at 0x000001F62059DBB0>, 'element_id': 7, 'description': 'Goes to the opened new tab', 'execute': '', 'locator': '', 'action': 'loop go to new tab', 'value': '', 'assertion': '', 'condition': '', 'stored_value_key': '', 'timeout': '', 'url': '', 'filepath': '', 'assert_value': '', 'nth': '', 'conditional_key': '', 'conditional_statement': ''}
2024-09-27 14:37:32,554 -INFO - (WindowHandler/go_to_newly_opened_tab_from_element) <Locator frame=<Frame name= url='https://www.amazon.in/s?k=Smartphone&i=electronics&crid=1AJUWWOFKLRTZ&sprefix=%2Celectronics%2C198&ref=nb_sb_noss'> selector="//span[@class='a-size-medium a-color-base a-text-normal'] >> nth=8">
2024-09-27 14:37:34,508 -INFO - For 9: Wait(True), Assert(True), Action(True) data:{'xlwb': <entity.ExcelData.ExcelWorkBook object at 0x000001F62059DBB0>, 'element_id': 7, 'description': 'Goes to the opened new tab', 'execute': '', 'locator': '', 'action': 'loop go to new tab', 'value': '', 'assertion': '', 'condition': '', 'stored_value_key': '', 'timeout': '', 'url': '', 'filepath': '', 'assert_value': '', 'nth': '', 'conditional_key': '', 'conditional_statement': ''}
2024-09-27 14:37:34,509 -INFO - LCE loop row: 10
2024-09-27 14:37:34,510 -INFO - Working with Actions in with row details: {'xlwb': <entity.ExcelData.ExcelWorkBook object at 0x000001F62059DBB0>, 'element_id': 9, 'description': 'PAGE URL', 'execute': '', 'locator': '', 'action': 'get page url', 'value': '', 'assertion': '', 'condition': '', 'stored_value_key': 'url', 'timeout': '', 'url': '', 'filepath': '', 'assert_value': '', 'nth': '', 'conditional_key': '', 'conditional_statement': ''}
2024-09-27 14:37:34,510 -INFO - (ActionFunctions/execute_code_get_data) {'xlwb': <entity.ExcelData.ExcelWorkBook object at 0x000001F62059DBB0>, 'element_id': 9, 'description': 'PAGE URL', 'execute': '', 'locator': '', 'action': 'get page url', 'value': '', 'assertion': '', 'condition': '', 'stored_value_key': 'url', 'timeout': '', 'url': '', 'filepath': '', 'assert_value': '', 'nth': '', 'conditional_key': '', 'conditional_statement': ''}
2024-09-27 14:37:34,511 -INFO - For 10: Wait(True), Assert(True), Action(True) data:{'xlwb': <entity.ExcelData.ExcelWorkBook object at 0x000001F62059DBB0>, 'element_id': 9, 'description': 'PAGE URL', 'execute': '', 'locator': '', 'action': 'get page url', 'value': '', 'assertion': '', 'condition': '', 'stored_value_key': 'url', 'timeout': '', 'url': '', 'filepath': '', 'assert_value': '', 'nth': '', 'conditional_key': '', 'conditional_statement': ''}
2024-09-27 14:37:34,512 -INFO - LCE loop row: 11
2024-09-27 14:37:34,512 -INFO - Working with Actions in with row details: {'xlwb': <entity.ExcelData.ExcelWorkBook object at 0x000001F62059DBB0>, 'element_id': 14, 'description': 'Close the current tab and goes to parent tab', 'execute': '', 'locator': '', 'action': 'close tab', 'value': '', 'assertion': '', 'condition': '', 'stored_value_key': '', 'timeout': '', 'url': '', 'filepath': '', 'assert_value': '', 'nth': '', 'conditional_key': '', 'conditional_statement': ''}
2024-09-27 14:37:34,512 -INFO - (WindowHandler/close_tab)
2024-09-27 14:37:35,044 -INFO - (WindowHandler/goto_parent_tab)
2024-09-27 14:37:35,062 -INFO - For 11: Wait(True), Assert(True), Action(True) data:{'xlwb': <entity.ExcelData.ExcelWorkBook object at 0x000001F62059DBB0>, 'element_id': 14, 'description': 'Close the current tab and goes to parent tab', 'execute': '', 'locator': '', 'action': 'close tab', 'value': '', 'assertion': '', 'condition': '', 'stored_value_key': '', 'timeout': '', 'url': '', 'filepath': '', 'assert_value': '', 'nth': '', 'conditional_key': '', 'conditional_statement': ''}
2024-09-27 14:37:35,062 -INFO - LCE loop row: 9
2024-09-27 14:37:35,062 -INFO - Working with Actions in with row details: {'xlwb': <entity.ExcelData.ExcelWorkBook object at 0x000001F62059DBB0>, 'element_id': 7, 'description': 'Goes to the opened new tab', 'execute': '', 'locator': '', 'action': 'loop go to new tab', 'value': '', 'assertion': '', 'condition': '', 'stored_value_key': '', 'timeout': '', 'url': '', 'filepath': '', 'assert_value': '', 'nth': '', 'conditional_key': '', 'conditional_statement': ''}
2024-09-27 14:37:35,063 -INFO - (WindowHandler/go_to_newly_opened_tab_from_element) <Locator frame=<Frame name= url='https://www.amazon.in/s?k=Smartphone&i=electronics&crid=1AJUWWOFKLRTZ&sprefix=%2Celectronics%2C198&ref=nb_sb_noss'> selector="//span[@class='a-size-medium a-color-base a-text-normal'] >> nth=9">
2024-09-27 14:37:37,399 -INFO - For 9: Wait(True), Assert(True), Action(True) data:{'xlwb': <entity.ExcelData.ExcelWorkBook object at 0x000001F62059DBB0>, 'element_id': 7, 'description': 'Goes to the opened new tab', 'execute': '', 'locator': '', 'action': 'loop go to new tab', 'value': '', 'assertion': '', 'condition': '', 'stored_value_key': '', 'timeout': '', 'url': '', 'filepath': '', 'assert_value': '', 'nth': '', 'conditional_key': '', 'conditional_statement': ''}
2024-09-27 14:37:37,399 -INFO - LCE loop row: 10
2024-09-27 14:37:37,400 -INFO - Working with Actions in with row details: {'xlwb': <entity.ExcelData.ExcelWorkBook object at 0x000001F62059DBB0>, 'element_id': 9, 'description': 'PAGE URL', 'execute': '', 'locator': '', 'action': 'get page url', 'value': '', 'assertion': '', 'condition': '', 'stored_value_key': 'url', 'timeout': '', 'url': '', 'filepath': '', 'assert_value': '', 'nth': '', 'conditional_key': '', 'conditional_statement': ''}
2024-09-27 14:37:37,400 -INFO - (ActionFunctions/execute_code_get_data) {'xlwb': <entity.ExcelData.ExcelWorkBook object at 0x000001F62059DBB0>, 'element_id': 9, 'description': 'PAGE URL', 'execute': '', 'locator': '', 'action': 'get page url', 'value': '', 'assertion': '', 'condition': '', 'stored_value_key': 'url', 'timeout': '', 'url': '', 'filepath': '', 'assert_value': '', 'nth': '', 'conditional_key': '', 'conditional_statement': ''}
2024-09-27 14:37:37,400 -INFO - For 10: Wait(True), Assert(True), Action(True) data:{'xlwb': <entity.ExcelData.ExcelWorkBook object at 0x000001F62059DBB0>, 'element_id': 9, 'description': 'PAGE URL', 'execute': '', 'locator': '', 'action': 'get page url', 'value': '', 'assertion': '', 'condition': '', 'stored_value_key': 'url', 'timeout': '', 'url': '', 'filepath': '', 'assert_value': '', 'nth': '', 'conditional_key': '', 'conditional_statement': ''}
2024-09-27 14:37:37,401 -INFO - LCE loop row: 11
2024-09-27 14:37:37,401 -INFO - Working with Actions in with row details: {'xlwb': <entity.ExcelData.ExcelWorkBook object at 0x000001F62059DBB0>, 'element_id': 14, 'description': 'Close the current tab and goes to parent tab', 'execute': '', 'locator': '', 'action': 'close tab', 'value': '', 'assertion': '', 'condition': '', 'stored_value_key': '', 'timeout': '', 'url': '', 'filepath': '', 'assert_value': '', 'nth': '', 'conditional_key': '', 'conditional_statement': ''}
2024-09-27 14:37:37,401 -INFO - (WindowHandler/close_tab)
2024-09-27 14:37:37,538 -INFO - (WindowHandler/goto_parent_tab)
2024-09-27 14:37:37,554 -INFO - For 11: Wait(True), Assert(True), Action(True) data:{'xlwb': <entity.ExcelData.ExcelWorkBook object at 0x000001F62059DBB0>, 'element_id': 14, 'description': 'Close the current tab and goes to parent tab', 'execute': '', 'locator': '', 'action': 'close tab', 'value': '', 'assertion': '', 'condition': '', 'stored_value_key': '', 'timeout': '', 'url': '', 'filepath': '', 'assert_value': '', 'nth': '', 'conditional_key': '', 'conditional_statement': ''}
2024-09-27 14:37:37,554 -INFO - LCE loop row: 9
2024-09-27 14:37:37,554 -INFO - Working with Actions in with row details: {'xlwb': <entity.ExcelData.ExcelWorkBook object at 0x000001F62059DBB0>, 'element_id': 7, 'description': 'Goes to the opened new tab', 'execute': '', 'locator': '', 'action': 'loop go to new tab', 'value': '', 'assertion': '', 'condition': '', 'stored_value_key': '', 'timeout': '', 'url': '', 'filepath': '', 'assert_value': '', 'nth': '', 'conditional_key': '', 'conditional_statement': ''}
2024-09-27 14:37:37,555 -INFO - (WindowHandler/go_to_newly_opened_tab_from_element) <Locator frame=<Frame name= url='https://www.amazon.in/s?k=Smartphone&i=electronics&crid=1AJUWWOFKLRTZ&sprefix=%2Celectronics%2C198&ref=nb_sb_noss'> selector="//span[@class='a-size-medium a-color-base a-text-normal'] >> nth=10">
2024-09-27 14:37:40,055 -INFO - For 9: Wait(True), Assert(True), Action(True) data:{'xlwb': <entity.ExcelData.ExcelWorkBook object at 0x000001F62059DBB0>, 'element_id': 7, 'description': 'Goes to the opened new tab', 'execute': '', 'locator': '', 'action': 'loop go to new tab', 'value': '', 'assertion': '', 'condition': '', 'stored_value_key': '', 'timeout': '', 'url': '', 'filepath': '', 'assert_value': '', 'nth': '', 'conditional_key': '', 'conditional_statement': ''}
2024-09-27 14:37:40,055 -INFO - LCE loop row: 10
2024-09-27 14:37:40,055 -INFO - Working with Actions in with row details: {'xlwb': <entity.ExcelData.ExcelWorkBook object at 0x000001F62059DBB0>, 'element_id': 9, 'description': 'PAGE URL', 'execute': '', 'locator': '', 'action': 'get page url', 'value': '', 'assertion': '', 'condition': '', 'stored_value_key': 'url', 'timeout': '', 'url': '', 'filepath': '', 'assert_value': '', 'nth': '', 'conditional_key': '', 'conditional_statement': ''}
2024-09-27 14:37:40,056 -INFO - (ActionFunctions/execute_code_get_data) {'xlwb': <entity.ExcelData.ExcelWorkBook object at 0x000001F62059DBB0>, 'element_id': 9, 'description': 'PAGE URL', 'execute': '', 'locator': '', 'action': 'get page url', 'value': '', 'assertion': '', 'condition': '', 'stored_value_key': 'url', 'timeout': '', 'url': '', 'filepath': '', 'assert_value': '', 'nth': '', 'conditional_key': '', 'conditional_statement': ''}
2024-09-27 14:37:40,056 -INFO - For 10: Wait(True), Assert(True), Action(True) data:{'xlwb': <entity.ExcelData.ExcelWorkBook object at 0x000001F62059DBB0>, 'element_id': 9, 'description': 'PAGE URL', 'execute': '', 'locator': '', 'action': 'get page url', 'value': '', 'assertion': '', 'condition': '', 'stored_value_key': 'url', 'timeout': '', 'url': '', 'filepath': '', 'assert_value': '', 'nth': '', 'conditional_key': '', 'conditional_statement': ''}
2024-09-27 14:37:40,056 -INFO - LCE loop row: 11
2024-09-27 14:37:40,056 -INFO - Working with Actions in with row details: {'xlwb': <entity.ExcelData.ExcelWorkBook object at 0x000001F62059DBB0>, 'element_id': 14, 'description': 'Close the current tab and goes to parent tab', 'execute': '', 'locator': '', 'action': 'close tab', 'value': '', 'assertion': '', 'condition': '', 'stored_value_key': '', 'timeout': '', 'url': '', 'filepath': '', 'assert_value': '', 'nth': '', 'conditional_key': '', 'conditional_statement': ''}
2024-09-27 14:37:40,056 -INFO - (WindowHandler/close_tab)
2024-09-27 14:37:40,348 -INFO - (WindowHandler/goto_parent_tab)
2024-09-27 14:37:40,361 -INFO - For 11: Wait(True), Assert(True), Action(True) data:{'xlwb': <entity.ExcelData.ExcelWorkBook object at 0x000001F62059DBB0>, 'element_id': 14, 'description': 'Close the current tab and goes to parent tab', 'execute': '', 'locator': '', 'action': 'close tab', 'value': '', 'assertion': '', 'condition': '', 'stored_value_key': '', 'timeout': '', 'url': '', 'filepath': '', 'assert_value': '', 'nth': '', 'conditional_key': '', 'conditional_statement': ''}
2024-09-27 14:37:40,361 -INFO - LCE loop row: 9
2024-09-27 14:37:40,361 -INFO - Working with Actions in with row details: {'xlwb': <entity.ExcelData.ExcelWorkBook object at 0x000001F62059DBB0>, 'element_id': 7, 'description': 'Goes to the opened new tab', 'execute': '', 'locator': '', 'action': 'loop go to new tab', 'value': '', 'assertion': '', 'condition': '', 'stored_value_key': '', 'timeout': '', 'url': '', 'filepath': '', 'assert_value': '', 'nth': '', 'conditional_key': '', 'conditional_statement': ''}
2024-09-27 14:37:40,362 -INFO - (WindowHandler/go_to_newly_opened_tab_from_element) <Locator frame=<Frame name= url='https://www.amazon.in/s?k=Smartphone&i=electronics&crid=1AJUWWOFKLRTZ&sprefix=%2Celectronics%2C198&ref=nb_sb_noss'> selector="//span[@class='a-size-medium a-color-base a-text-normal'] >> nth=11">
2024-09-27 14:37:42,148 -INFO - For 9: Wait(True), Assert(True), Action(True) data:{'xlwb': <entity.ExcelData.ExcelWorkBook object at 0x000001F62059DBB0>, 'element_id': 7, 'description': 'Goes to the opened new tab', 'execute': '', 'locator': '', 'action': 'loop go to new tab', 'value': '', 'assertion': '', 'condition': '', 'stored_value_key': '', 'timeout': '', 'url': '', 'filepath': '', 'assert_value': '', 'nth': '', 'conditional_key': '', 'conditional_statement': ''}
2024-09-27 14:37:42,148 -INFO - LCE loop row: 10
2024-09-27 14:37:42,148 -INFO - Working with Actions in with row details: {'xlwb': <entity.ExcelData.ExcelWorkBook object at 0x000001F62059DBB0>, 'element_id': 9, 'description': 'PAGE URL', 'execute': '', 'locator': '', 'action': 'get page url', 'value': '', 'assertion': '', 'condition': '', 'stored_value_key': 'url', 'timeout': '', 'url': '', 'filepath': '', 'assert_value': '', 'nth': '', 'conditional_key': '', 'conditional_statement': ''}
2024-09-27 14:37:42,149 -INFO - (ActionFunctions/execute_code_get_data) {'xlwb': <entity.ExcelData.ExcelWorkBook object at 0x000001F62059DBB0>, 'element_id': 9, 'description': 'PAGE URL', 'execute': '', 'locator': '', 'action': 'get page url', 'value': '', 'assertion': '', 'condition': '', 'stored_value_key': 'url', 'timeout': '', 'url': '', 'filepath': '', 'assert_value': '', 'nth': '', 'conditional_key': '', 'conditional_statement': ''}
2024-09-27 14:37:42,149 -INFO - For 10: Wait(True), Assert(True), Action(True) data:{'xlwb': <entity.ExcelData.ExcelWorkBook object at 0x000001F62059DBB0>, 'element_id': 9, 'description': 'PAGE URL', 'execute': '', 'locator': '', 'action': 'get page url', 'value': '', 'assertion': '', 'condition': '', 'stored_value_key': 'url', 'timeout': '', 'url': '', 'filepath': '', 'assert_value': '', 'nth': '', 'conditional_key': '', 'conditional_statement': ''}
2024-09-27 14:37:42,149 -INFO - LCE loop row: 11
2024-09-27 14:37:42,149 -INFO - Working with Actions in with row details: {'xlwb': <entity.ExcelData.ExcelWorkBook object at 0x000001F62059DBB0>, 'element_id': 14, 'description': 'Close the current tab and goes to parent tab', 'execute': '', 'locator': '', 'action': 'close tab', 'value': '', 'assertion': '', 'condition': '', 'stored_value_key': '', 'timeout': '', 'url': '', 'filepath': '', 'assert_value': '', 'nth': '', 'conditional_key': '', 'conditional_statement': ''}
2024-09-27 14:37:42,150 -INFO - (WindowHandler/close_tab)
2024-09-27 14:37:42,231 -INFO - (WindowHandler/goto_parent_tab)
2024-09-27 14:37:42,250 -INFO - For 11: Wait(True), Assert(True), Action(True) data:{'xlwb': <entity.ExcelData.ExcelWorkBook object at 0x000001F62059DBB0>, 'element_id': 14, 'description': 'Close the current tab and goes to parent tab', 'execute': '', 'locator': '', 'action': 'close tab', 'value': '', 'assertion': '', 'condition': '', 'stored_value_key': '', 'timeout': '', 'url': '', 'filepath': '', 'assert_value': '', 'nth': '', 'conditional_key': '', 'conditional_statement': ''}
2024-09-27 14:37:42,251 -INFO - LCE loop row: 9
2024-09-27 14:37:42,251 -INFO - Working with Actions in with row details: {'xlwb': <entity.ExcelData.ExcelWorkBook object at 0x000001F62059DBB0>, 'element_id': 7, 'description': 'Goes to the opened new tab', 'execute': '', 'locator': '', 'action': 'loop go to new tab', 'value': '', 'assertion': '', 'condition': '', 'stored_value_key': '', 'timeout': '', 'url': '', 'filepath': '', 'assert_value': '', 'nth': '', 'conditional_key': '', 'conditional_statement': ''}
2024-09-27 14:37:42,251 -INFO - (WindowHandler/go_to_newly_opened_tab_from_element) <Locator frame=<Frame name= url='https://www.amazon.in/s?k=Smartphone&i=electronics&crid=1AJUWWOFKLRTZ&sprefix=%2Celectronics%2C198&ref=nb_sb_noss'> selector="//span[@class='a-size-medium a-color-base a-text-normal'] >> nth=12">
2024-09-27 14:37:44,722 -INFO - For 9: Wait(True), Assert(True), Action(True) data:{'xlwb': <entity.ExcelData.ExcelWorkBook object at 0x000001F62059DBB0>, 'element_id': 7, 'description': 'Goes to the opened new tab', 'execute': '', 'locator': '', 'action': 'loop go to new tab', 'value': '', 'assertion': '', 'condition': '', 'stored_value_key': '', 'timeout': '', 'url': '', 'filepath': '', 'assert_value': '', 'nth': '', 'conditional_key': '', 'conditional_statement': ''}
2024-09-27 14:37:44,722 -INFO - LCE loop row: 10
2024-09-27 14:37:44,722 -INFO - Working with Actions in with row details: {'xlwb': <entity.ExcelData.ExcelWorkBook object at 0x000001F62059DBB0>, 'element_id': 9, 'description': 'PAGE URL', 'execute': '', 'locator': '', 'action': 'get page url', 'value': '', 'assertion': '', 'condition': '', 'stored_value_key': 'url', 'timeout': '', 'url': '', 'filepath': '', 'assert_value': '', 'nth': '', 'conditional_key': '', 'conditional_statement': ''}
2024-09-27 14:37:44,724 -INFO - (ActionFunctions/execute_code_get_data) {'xlwb': <entity.ExcelData.ExcelWorkBook object at 0x000001F62059DBB0>, 'element_id': 9, 'description': 'PAGE URL', 'execute': '', 'locator': '', 'action': 'get page url', 'value': '', 'assertion': '', 'condition': '', 'stored_value_key': 'url', 'timeout': '', 'url': '', 'filepath': '', 'assert_value': '', 'nth': '', 'conditional_key': '', 'conditional_statement': ''}
2024-09-27 14:37:44,725 -INFO - For 10: Wait(True), Assert(True), Action(True) data:{'xlwb': <entity.ExcelData.ExcelWorkBook object at 0x000001F62059DBB0>, 'element_id': 9, 'description': 'PAGE URL', 'execute': '', 'locator': '', 'action': 'get page url', 'value': '', 'assertion': '', 'condition': '', 'stored_value_key': 'url', 'timeout': '', 'url': '', 'filepath': '', 'assert_value': '', 'nth': '', 'conditional_key': '', 'conditional_statement': ''}
2024-09-27 14:37:44,726 -INFO - LCE loop row: 11
2024-09-27 14:37:44,727 -INFO - Working with Actions in with row details: {'xlwb': <entity.ExcelData.ExcelWorkBook object at 0x000001F62059DBB0>, 'element_id': 14, 'description': 'Close the current tab and goes to parent tab', 'execute': '', 'locator': '', 'action': 'close tab', 'value': '', 'assertion': '', 'condition': '', 'stored_value_key': '', 'timeout': '', 'url': '', 'filepath': '', 'assert_value': '', 'nth': '', 'conditional_key': '', 'conditional_statement': ''}
2024-09-27 14:37:44,727 -INFO - (WindowHandler/close_tab)
2024-09-27 14:37:45,261 -INFO - (WindowHandler/goto_parent_tab)
2024-09-27 14:37:45,277 -INFO - For 11: Wait(True), Assert(True), Action(True) data:{'xlwb': <entity.ExcelData.ExcelWorkBook object at 0x000001F62059DBB0>, 'element_id': 14, 'description': 'Close the current tab and goes to parent tab', 'execute': '', 'locator': '', 'action': 'close tab', 'value': '', 'assertion': '', 'condition': '', 'stored_value_key': '', 'timeout': '', 'url': '', 'filepath': '', 'assert_value': '', 'nth': '', 'conditional_key': '', 'conditional_statement': ''}
2024-09-27 14:37:45,278 -INFO - LCE loop row: 9
2024-09-27 14:37:45,278 -INFO - Working with Actions in with row details: {'xlwb': <entity.ExcelData.ExcelWorkBook object at 0x000001F62059DBB0>, 'element_id': 7, 'description': 'Goes to the opened new tab', 'execute': '', 'locator': '', 'action': 'loop go to new tab', 'value': '', 'assertion': '', 'condition': '', 'stored_value_key': '', 'timeout': '', 'url': '', 'filepath': '', 'assert_value': '', 'nth': '', 'conditional_key': '', 'conditional_statement': ''}
2024-09-27 14:37:45,278 -INFO - (WindowHandler/go_to_newly_opened_tab_from_element) <Locator frame=<Frame name= url='https://www.amazon.in/s?k=Smartphone&i=electronics&crid=1AJUWWOFKLRTZ&sprefix=%2Celectronics%2C198&ref=nb_sb_noss'> selector="//span[@class='a-size-medium a-color-base a-text-normal'] >> nth=13">
2024-09-27 14:37:47,132 -INFO - For 9: Wait(True), Assert(True), Action(True) data:{'xlwb': <entity.ExcelData.ExcelWorkBook object at 0x000001F62059DBB0>, 'element_id': 7, 'description': 'Goes to the opened new tab', 'execute': '', 'locator': '', 'action': 'loop go to new tab', 'value': '', 'assertion': '', 'condition': '', 'stored_value_key': '', 'timeout': '', 'url': '', 'filepath': '', 'assert_value': '', 'nth': '', 'conditional_key': '', 'conditional_statement': ''}
2024-09-27 14:37:47,133 -INFO - LCE loop row: 10
2024-09-27 14:37:47,133 -INFO - Working with Actions in with row details: {'xlwb': <entity.ExcelData.ExcelWorkBook object at 0x000001F62059DBB0>, 'element_id': 9, 'description': 'PAGE URL', 'execute': '', 'locator': '', 'action': 'get page url', 'value': '', 'assertion': '', 'condition': '', 'stored_value_key': 'url', 'timeout': '', 'url': '', 'filepath': '', 'assert_value': '', 'nth': '', 'conditional_key': '', 'conditional_statement': ''}
2024-09-27 14:37:47,133 -INFO - (ActionFunctions/execute_code_get_data) {'xlwb': <entity.ExcelData.ExcelWorkBook object at 0x000001F62059DBB0>, 'element_id': 9, 'description': 'PAGE URL', 'execute': '', 'locator': '', 'action': 'get page url', 'value': '', 'assertion': '', 'condition': '', 'stored_value_key': 'url', 'timeout': '', 'url': '', 'filepath': '', 'assert_value': '', 'nth': '', 'conditional_key': '', 'conditional_statement': ''}
2024-09-27 14:37:47,133 -INFO - For 10: Wait(True), Assert(True), Action(True) data:{'xlwb': <entity.ExcelData.ExcelWorkBook object at 0x000001F62059DBB0>, 'element_id': 9, 'description': 'PAGE URL', 'execute': '', 'locator': '', 'action': 'get page url', 'value': '', 'assertion': '', 'condition': '', 'stored_value_key': 'url', 'timeout': '', 'url': '', 'filepath': '', 'assert_value': '', 'nth': '', 'conditional_key': '', 'conditional_statement': ''}
2024-09-27 14:37:47,134 -INFO - LCE loop row: 11
2024-09-27 14:37:47,134 -INFO - Working with Actions in with row details: {'xlwb': <entity.ExcelData.ExcelWorkBook object at 0x000001F62059DBB0>, 'element_id': 14, 'description': 'Close the current tab and goes to parent tab', 'execute': '', 'locator': '', 'action': 'close tab', 'value': '', 'assertion': '', 'condition': '', 'stored_value_key': '', 'timeout': '', 'url': '', 'filepath': '', 'assert_value': '', 'nth': '', 'conditional_key': '', 'conditional_statement': ''}
2024-09-27 14:37:47,134 -INFO - (WindowHandler/close_tab)
2024-09-27 14:37:47,167 -INFO - (WindowHandler/goto_parent_tab)
2024-09-27 14:37:47,191 -INFO - For 11: Wait(True), Assert(True), Action(True) data:{'xlwb': <entity.ExcelData.ExcelWorkBook object at 0x000001F62059DBB0>, 'element_id': 14, 'description': 'Close the current tab and goes to parent tab', 'execute': '', 'locator': '', 'action': 'close tab', 'value': '', 'assertion': '', 'condition': '', 'stored_value_key': '', 'timeout': '', 'url': '', 'filepath': '', 'assert_value': '', 'nth': '', 'conditional_key': '', 'conditional_statement': ''}
2024-09-27 14:37:47,191 -INFO - LCE loop row: 9
2024-09-27 14:37:47,192 -INFO - Working with Actions in with row details: {'xlwb': <entity.ExcelData.ExcelWorkBook object at 0x000001F62059DBB0>, 'element_id': 7, 'description': 'Goes to the opened new tab', 'execute': '', 'locator': '', 'action': 'loop go to new tab', 'value': '', 'assertion': '', 'condition': '', 'stored_value_key': '', 'timeout': '', 'url': '', 'filepath': '', 'assert_value': '', 'nth': '', 'conditional_key': '', 'conditional_statement': ''}
2024-09-27 14:37:47,193 -INFO - (WindowHandler/go_to_newly_opened_tab_from_element) <Locator frame=<Frame name= url='https://www.amazon.in/s?k=Smartphone&i=electronics&crid=1AJUWWOFKLRTZ&sprefix=%2Celectronics%2C198&ref=nb_sb_noss'> selector="//span[@class='a-size-medium a-color-base a-text-normal'] >> nth=14">
2024-09-27 14:37:48,990 -INFO - For 9: Wait(True), Assert(True), Action(True) data:{'xlwb': <entity.ExcelData.ExcelWorkBook object at 0x000001F62059DBB0>, 'element_id': 7, 'description': 'Goes to the opened new tab', 'execute': '', 'locator': '', 'action': 'loop go to new tab', 'value': '', 'assertion': '', 'condition': '', 'stored_value_key': '', 'timeout': '', 'url': '', 'filepath': '', 'assert_value': '', 'nth': '', 'conditional_key': '', 'conditional_statement': ''}
2024-09-27 14:37:48,990 -INFO - LCE loop row: 10
2024-09-27 14:37:48,991 -INFO - Working with Actions in with row details: {'xlwb': <entity.ExcelData.ExcelWorkBook object at 0x000001F62059DBB0>, 'element_id': 9, 'description': 'PAGE URL', 'execute': '', 'locator': '', 'action': 'get page url', 'value': '', 'assertion': '', 'condition': '', 'stored_value_key': 'url', 'timeout': '', 'url': '', 'filepath': '', 'assert_value': '', 'nth': '', 'conditional_key': '', 'conditional_statement': ''}
2024-09-27 14:37:48,992 -INFO - (ActionFunctions/execute_code_get_data) {'xlwb': <entity.ExcelData.ExcelWorkBook object at 0x000001F62059DBB0>, 'element_id': 9, 'description': 'PAGE URL', 'execute': '', 'locator': '', 'action': 'get page url', 'value': '', 'assertion': '', 'condition': '', 'stored_value_key': 'url', 'timeout': '', 'url': '', 'filepath': '', 'assert_value': '', 'nth': '', 'conditional_key': '', 'conditional_statement': ''}
2024-09-27 14:37:48,992 -INFO - For 10: Wait(True), Assert(True), Action(True) data:{'xlwb': <entity.ExcelData.ExcelWorkBook object at 0x000001F62059DBB0>, 'element_id': 9, 'description': 'PAGE URL', 'execute': '', 'locator': '', 'action': 'get page url', 'value': '', 'assertion': '', 'condition': '', 'stored_value_key': 'url', 'timeout': '', 'url': '', 'filepath': '', 'assert_value': '', 'nth': '', 'conditional_key': '', 'conditional_statement': ''}
2024-09-27 14:37:48,993 -INFO - LCE loop row: 11
2024-09-27 14:37:48,993 -INFO - Working with Actions in with row details: {'xlwb': <entity.ExcelData.ExcelWorkBook object at 0x000001F62059DBB0>, 'element_id': 14, 'description': 'Close the current tab and goes to parent tab', 'execute': '', 'locator': '', 'action': 'close tab', 'value': '', 'assertion': '', 'condition': '', 'stored_value_key': '', 'timeout': '', 'url': '', 'filepath': '', 'assert_value': '', 'nth': '', 'conditional_key': '', 'conditional_statement': ''}
2024-09-27 14:37:48,993 -INFO - (WindowHandler/close_tab)
2024-09-27 14:37:49,087 -INFO - (WindowHandler/goto_parent_tab)
2024-09-27 14:37:49,106 -INFO - For 11: Wait(True), Assert(True), Action(True) data:{'xlwb': <entity.ExcelData.ExcelWorkBook object at 0x000001F62059DBB0>, 'element_id': 14, 'description': 'Close the current tab and goes to parent tab', 'execute': '', 'locator': '', 'action': 'close tab', 'value': '', 'assertion': '', 'condition': '', 'stored_value_key': '', 'timeout': '', 'url': '', 'filepath': '', 'assert_value': '', 'nth': '', 'conditional_key': '', 'conditional_statement': ''}
2024-09-27 14:37:49,108 -INFO - LCE loop row: 9
2024-09-27 14:37:49,108 -INFO - Working with Actions in with row details: {'xlwb': <entity.ExcelData.ExcelWorkBook object at 0x000001F62059DBB0>, 'element_id': 7, 'description': 'Goes to the opened new tab', 'execute': '', 'locator': '', 'action': 'loop go to new tab', 'value': '', 'assertion': '', 'condition': '', 'stored_value_key': '', 'timeout': '', 'url': '', 'filepath': '', 'assert_value': '', 'nth': '', 'conditional_key': '', 'conditional_statement': ''}
2024-09-27 14:37:49,109 -INFO - (WindowHandler/go_to_newly_opened_tab_from_element) <Locator frame=<Frame name= url='https://www.amazon.in/s?k=Smartphone&i=electronics&crid=1AJUWWOFKLRTZ&sprefix=%2Celectronics%2C198&ref=nb_sb_noss'> selector="//span[@class='a-size-medium a-color-base a-text-normal'] >> nth=15">
2024-09-27 14:37:51,232 -INFO - For 9: Wait(True), Assert(True), Action(True) data:{'xlwb': <entity.ExcelData.ExcelWorkBook object at 0x000001F62059DBB0>, 'element_id': 7, 'description': 'Goes to the opened new tab', 'execute': '', 'locator': '', 'action': 'loop go to new tab', 'value': '', 'assertion': '', 'condition': '', 'stored_value_key': '', 'timeout': '', 'url': '', 'filepath': '', 'assert_value': '', 'nth': '', 'conditional_key': '', 'conditional_statement': ''}
2024-09-27 14:37:51,232 -INFO - LCE loop row: 10
2024-09-27 14:37:51,233 -INFO - Working with Actions in with row details: {'xlwb': <entity.ExcelData.ExcelWorkBook object at 0x000001F62059DBB0>, 'element_id': 9, 'description': 'PAGE URL', 'execute': '', 'locator': '', 'action': 'get page url', 'value': '', 'assertion': '', 'condition': '', 'stored_value_key': 'url', 'timeout': '', 'url': '', 'filepath': '', 'assert_value': '', 'nth': '', 'conditional_key': '', 'conditional_statement': ''}
2024-09-27 14:37:51,233 -INFO - (ActionFunctions/execute_code_get_data) {'xlwb': <entity.ExcelData.ExcelWorkBook object at 0x000001F62059DBB0>, 'element_id': 9, 'description': 'PAGE URL', 'execute': '', 'locator': '', 'action': 'get page url', 'value': '', 'assertion': '', 'condition': '', 'stored_value_key': 'url', 'timeout': '', 'url': '', 'filepath': '', 'assert_value': '', 'nth': '', 'conditional_key': '', 'conditional_statement': ''}
2024-09-27 14:37:51,233 -INFO - For 10: Wait(True), Assert(True), Action(True) data:{'xlwb': <entity.ExcelData.ExcelWorkBook object at 0x000001F62059DBB0>, 'element_id': 9, 'description': 'PAGE URL', 'execute': '', 'locator': '', 'action': 'get page url', 'value': '', 'assertion': '', 'condition': '', 'stored_value_key': 'url', 'timeout': '', 'url': '', 'filepath': '', 'assert_value': '', 'nth': '', 'conditional_key': '', 'conditional_statement': ''}
2024-09-27 14:37:51,233 -INFO - LCE loop row: 11
2024-09-27 14:37:51,234 -INFO - Working with Actions in with row details: {'xlwb': <entity.ExcelData.ExcelWorkBook object at 0x000001F62059DBB0>, 'element_id': 14, 'description': 'Close the current tab and goes to parent tab', 'execute': '', 'locator': '', 'action': 'close tab', 'value': '', 'assertion': '', 'condition': '', 'stored_value_key': '', 'timeout': '', 'url': '', 'filepath': '', 'assert_value': '', 'nth': '', 'conditional_key': '', 'conditional_statement': ''}
2024-09-27 14:37:51,234 -INFO - (WindowHandler/close_tab)
2024-09-27 14:37:51,778 -INFO - (WindowHandler/goto_parent_tab)
2024-09-27 14:37:51,791 -INFO - For 11: Wait(True), Assert(True), Action(True) data:{'xlwb': <entity.ExcelData.ExcelWorkBook object at 0x000001F62059DBB0>, 'element_id': 14, 'description': 'Close the current tab and goes to parent tab', 'execute': '', 'locator': '', 'action': 'close tab', 'value': '', 'assertion': '', 'condition': '', 'stored_value_key': '', 'timeout': '', 'url': '', 'filepath': '', 'assert_value': '', 'nth': '', 'conditional_key': '', 'conditional_statement': ''}
2024-09-27 14:37:51,792 -INFO - LCE loop row: 9
2024-09-27 14:37:51,792 -INFO - Working with Actions in with row details: {'xlwb': <entity.ExcelData.ExcelWorkBook object at 0x000001F62059DBB0>, 'element_id': 7, 'description': 'Goes to the opened new tab', 'execute': '', 'locator': '', 'action': 'loop go to new tab', 'value': '', 'assertion': '', 'condition': '', 'stored_value_key': '', 'timeout': '', 'url': '', 'filepath': '', 'assert_value': '', 'nth': '', 'conditional_key': '', 'conditional_statement': ''}
2024-09-27 14:37:51,792 -INFO - (WindowHandler/go_to_newly_opened_tab_from_element) <Locator frame=<Frame name= url='https://www.amazon.in/s?k=Smartphone&i=electronics&crid=1AJUWWOFKLRTZ&sprefix=%2Celectronics%2C198&ref=nb_sb_noss'> selector="//span[@class='a-size-medium a-color-base a-text-normal'] >> nth=16">
2024-09-27 14:37:54,235 -INFO - For 9: Wait(True), Assert(True), Action(True) data:{'xlwb': <entity.ExcelData.ExcelWorkBook object at 0x000001F62059DBB0>, 'element_id': 7, 'description': 'Goes to the opened new tab', 'execute': '', 'locator': '', 'action': 'loop go to new tab', 'value': '', 'assertion': '', 'condition': '', 'stored_value_key': '', 'timeout': '', 'url': '', 'filepath': '', 'assert_value': '', 'nth': '', 'conditional_key': '', 'conditional_statement': ''}
2024-09-27 14:37:54,236 -INFO - LCE loop row: 10
2024-09-27 14:37:54,236 -INFO - Working with Actions in with row details: {'xlwb': <entity.ExcelData.ExcelWorkBook object at 0x000001F62059DBB0>, 'element_id': 9, 'description': 'PAGE URL', 'execute': '', 'locator': '', 'action': 'get page url', 'value': '', 'assertion': '', 'condition': '', 'stored_value_key': 'url', 'timeout': '', 'url': '', 'filepath': '', 'assert_value': '', 'nth': '', 'conditional_key': '', 'conditional_statement': ''}
2024-09-27 14:37:54,236 -INFO - (ActionFunctions/execute_code_get_data) {'xlwb': <entity.ExcelData.ExcelWorkBook object at 0x000001F62059DBB0>, 'element_id': 9, 'description': 'PAGE URL', 'execute': '', 'locator': '', 'action': 'get page url', 'value': '', 'assertion': '', 'condition': '', 'stored_value_key': 'url', 'timeout': '', 'url': '', 'filepath': '', 'assert_value': '', 'nth': '', 'conditional_key': '', 'conditional_statement': ''}
2024-09-27 14:37:54,237 -INFO - For 10: Wait(True), Assert(True), Action(True) data:{'xlwb': <entity.ExcelData.ExcelWorkBook object at 0x000001F62059DBB0>, 'element_id': 9, 'description': 'PAGE URL', 'execute': '', 'locator': '', 'action': 'get page url', 'value': '', 'assertion': '', 'condition': '', 'stored_value_key': 'url', 'timeout': '', 'url': '', 'filepath': '', 'assert_value': '', 'nth': '', 'conditional_key': '', 'conditional_statement': ''}
2024-09-27 14:37:54,237 -INFO - LCE loop row: 11
2024-09-27 14:37:54,237 -INFO - Working with Actions in with row details: {'xlwb': <entity.ExcelData.ExcelWorkBook object at 0x000001F62059DBB0>, 'element_id': 14, 'description': 'Close the current tab and goes to parent tab', 'execute': '', 'locator': '', 'action': 'close tab', 'value': '', 'assertion': '', 'condition': '', 'stored_value_key': '', 'timeout': '', 'url': '', 'filepath': '', 'assert_value': '', 'nth': '', 'conditional_key': '', 'conditional_statement': ''}
2024-09-27 14:37:54,237 -INFO - (WindowHandler/close_tab)
2024-09-27 14:37:54,799 -INFO - (WindowHandler/goto_parent_tab)
2024-09-27 14:37:54,812 -INFO - For 11: Wait(True), Assert(True), Action(True) data:{'xlwb': <entity.ExcelData.ExcelWorkBook object at 0x000001F62059DBB0>, 'element_id': 14, 'description': 'Close the current tab and goes to parent tab', 'execute': '', 'locator': '', 'action': 'close tab', 'value': '', 'assertion': '', 'condition': '', 'stored_value_key': '', 'timeout': '', 'url': '', 'filepath': '', 'assert_value': '', 'nth': '', 'conditional_key': '', 'conditional_statement': ''}
2024-09-27 14:37:54,813 -INFO - LCE loop row: 9
2024-09-27 14:37:54,814 -INFO - Working with Actions in with row details: {'xlwb': <entity.ExcelData.ExcelWorkBook object at 0x000001F62059DBB0>, 'element_id': 7, 'description': 'Goes to the opened new tab', 'execute': '', 'locator': '', 'action': 'loop go to new tab', 'value': '', 'assertion': '', 'condition': '', 'stored_value_key': '', 'timeout': '', 'url': '', 'filepath': '', 'assert_value': '', 'nth': '', 'conditional_key': '', 'conditional_statement': ''}
2024-09-27 14:37:54,814 -INFO - (WindowHandler/go_to_newly_opened_tab_from_element) <Locator frame=<Frame name= url='https://www.amazon.in/s?k=Smartphone&i=electronics&crid=1AJUWWOFKLRTZ&sprefix=%2Celectronics%2C198&ref=nb_sb_noss'> selector="//span[@class='a-size-medium a-color-base a-text-normal'] >> nth=17">
2024-09-27 14:37:57,116 -INFO - For 9: Wait(True), Assert(True), Action(True) data:{'xlwb': <entity.ExcelData.ExcelWorkBook object at 0x000001F62059DBB0>, 'element_id': 7, 'description': 'Goes to the opened new tab', 'execute': '', 'locator': '', 'action': 'loop go to new tab', 'value': '', 'assertion': '', 'condition': '', 'stored_value_key': '', 'timeout': '', 'url': '', 'filepath': '', 'assert_value': '', 'nth': '', 'conditional_key': '', 'conditional_statement': ''}
2024-09-27 14:37:57,116 -INFO - LCE loop row: 10
2024-09-27 14:37:57,116 -INFO - Working with Actions in with row details: {'xlwb': <entity.ExcelData.ExcelWorkBook object at 0x000001F62059DBB0>, 'element_id': 9, 'description': 'PAGE URL', 'execute': '', 'locator': '', 'action': 'get page url', 'value': '', 'assertion': '', 'condition': '', 'stored_value_key': 'url', 'timeout': '', 'url': '', 'filepath': '', 'assert_value': '', 'nth': '', 'conditional_key': '', 'conditional_statement': ''}
2024-09-27 14:37:57,117 -INFO - (ActionFunctions/execute_code_get_data) {'xlwb': <entity.ExcelData.ExcelWorkBook object at 0x000001F62059DBB0>, 'element_id': 9, 'description': 'PAGE URL', 'execute': '', 'locator': '', 'action': 'get page url', 'value': '', 'assertion': '', 'condition': '', 'stored_value_key': 'url', 'timeout': '', 'url': '', 'filepath': '', 'assert_value': '', 'nth': '', 'conditional_key': '', 'conditional_statement': ''}
2024-09-27 14:37:57,117 -INFO - For 10: Wait(True), Assert(True), Action(True) data:{'xlwb': <entity.ExcelData.ExcelWorkBook object at 0x000001F62059DBB0>, 'element_id': 9, 'description': 'PAGE URL', 'execute': '', 'locator': '', 'action': 'get page url', 'value': '', 'assertion': '', 'condition': '', 'stored_value_key': 'url', 'timeout': '', 'url': '', 'filepath': '', 'assert_value': '', 'nth': '', 'conditional_key': '', 'conditional_statement': ''}
2024-09-27 14:37:57,117 -INFO - LCE loop row: 11
2024-09-27 14:37:57,117 -INFO - Working with Actions in with row details: {'xlwb': <entity.ExcelData.ExcelWorkBook object at 0x000001F62059DBB0>, 'element_id': 14, 'description': 'Close the current tab and goes to parent tab', 'execute': '', 'locator': '', 'action': 'close tab', 'value': '', 'assertion': '', 'condition': '', 'stored_value_key': '', 'timeout': '', 'url': '', 'filepath': '', 'assert_value': '', 'nth': '', 'conditional_key': '', 'conditional_statement': ''}
2024-09-27 14:37:57,118 -INFO - (WindowHandler/close_tab)
2024-09-27 14:37:57,485 -INFO - (WindowHandler/goto_parent_tab)
2024-09-27 14:37:57,506 -INFO - For 11: Wait(True), Assert(True), Action(True) data:{'xlwb': <entity.ExcelData.ExcelWorkBook object at 0x000001F62059DBB0>, 'element_id': 14, 'description': 'Close the current tab and goes to parent tab', 'execute': '', 'locator': '', 'action': 'close tab', 'value': '', 'assertion': '', 'condition': '', 'stored_value_key': '', 'timeout': '', 'url': '', 'filepath': '', 'assert_value': '', 'nth': '', 'conditional_key': '', 'conditional_statement': ''}
2024-09-27 14:37:57,506 -INFO - LCE loop row: 9
2024-09-27 14:37:57,506 -INFO - Working with Actions in with row details: {'xlwb': <entity.ExcelData.ExcelWorkBook object at 0x000001F62059DBB0>, 'element_id': 7, 'description': 'Goes to the opened new tab', 'execute': '', 'locator': '', 'action': 'loop go to new tab', 'value': '', 'assertion': '', 'condition': '', 'stored_value_key': '', 'timeout': '', 'url': '', 'filepath': '', 'assert_value': '', 'nth': '', 'conditional_key': '', 'conditional_statement': ''}
2024-09-27 14:37:57,507 -INFO - (WindowHandler/go_to_newly_opened_tab_from_element) <Locator frame=<Frame name= url='https://www.amazon.in/s?k=Smartphone&i=electronics&crid=1AJUWWOFKLRTZ&sprefix=%2Celectronics%2C198&ref=nb_sb_noss'> selector="//span[@class='a-size-medium a-color-base a-text-normal'] >> nth=18">
2024-09-27 14:38:01,256 -INFO - For 9: Wait(True), Assert(True), Action(True) data:{'xlwb': <entity.ExcelData.ExcelWorkBook object at 0x000001F62059DBB0>, 'element_id': 7, 'description': 'Goes to the opened new tab', 'execute': '', 'locator': '', 'action': 'loop go to new tab', 'value': '', 'assertion': '', 'condition': '', 'stored_value_key': '', 'timeout': '', 'url': '', 'filepath': '', 'assert_value': '', 'nth': '', 'conditional_key': '', 'conditional_statement': ''}
2024-09-27 14:38:01,257 -INFO - LCE loop row: 10
2024-09-27 14:38:01,257 -INFO - Working with Actions in with row details: {'xlwb': <entity.ExcelData.ExcelWorkBook object at 0x000001F62059DBB0>, 'element_id': 9, 'description': 'PAGE URL', 'execute': '', 'locator': '', 'action': 'get page url', 'value': '', 'assertion': '', 'condition': '', 'stored_value_key': 'url', 'timeout': '', 'url': '', 'filepath': '', 'assert_value': '', 'nth': '', 'conditional_key': '', 'conditional_statement': ''}
2024-09-27 14:38:01,257 -INFO - (ActionFunctions/execute_code_get_data) {'xlwb': <entity.ExcelData.ExcelWorkBook object at 0x000001F62059DBB0>, 'element_id': 9, 'description': 'PAGE URL', 'execute': '', 'locator': '', 'action': 'get page url', 'value': '', 'assertion': '', 'condition': '', 'stored_value_key': 'url', 'timeout': '', 'url': '', 'filepath': '', 'assert_value': '', 'nth': '', 'conditional_key': '', 'conditional_statement': ''}
2024-09-27 14:38:01,257 -INFO - For 10: Wait(True), Assert(True), Action(True) data:{'xlwb': <entity.ExcelData.ExcelWorkBook object at 0x000001F62059DBB0>, 'element_id': 9, 'description': 'PAGE URL', 'execute': '', 'locator': '', 'action': 'get page url', 'value': '', 'assertion': '', 'condition': '', 'stored_value_key': 'url', 'timeout': '', 'url': '', 'filepath': '', 'assert_value': '', 'nth': '', 'conditional_key': '', 'conditional_statement': ''}
2024-09-27 14:38:01,258 -INFO - LCE loop row: 11
2024-09-27 14:38:01,258 -INFO - Working with Actions in with row details: {'xlwb': <entity.ExcelData.ExcelWorkBook object at 0x000001F62059DBB0>, 'element_id': 14, 'description': 'Close the current tab and goes to parent tab', 'execute': '', 'locator': '', 'action': 'close tab', 'value': '', 'assertion': '', 'condition': '', 'stored_value_key': '', 'timeout': '', 'url': '', 'filepath': '', 'assert_value': '', 'nth': '', 'conditional_key': '', 'conditional_statement': ''}
2024-09-27 14:38:01,258 -INFO - (WindowHandler/close_tab)
2024-09-27 14:38:01,514 -INFO - (WindowHandler/goto_parent_tab)
2024-09-27 14:38:01,533 -INFO - For 11: Wait(True), Assert(True), Action(True) data:{'xlwb': <entity.ExcelData.ExcelWorkBook object at 0x000001F62059DBB0>, 'element_id': 14, 'description': 'Close the current tab and goes to parent tab', 'execute': '', 'locator': '', 'action': 'close tab', 'value': '', 'assertion': '', 'condition': '', 'stored_value_key': '', 'timeout': '', 'url': '', 'filepath': '', 'assert_value': '', 'nth': '', 'conditional_key': '', 'conditional_statement': ''}
2024-09-27 14:38:01,533 -INFO - LCE loop row: 9
2024-09-27 14:38:01,533 -INFO - Working with Actions in with row details: {'xlwb': <entity.ExcelData.ExcelWorkBook object at 0x000001F62059DBB0>, 'element_id': 7, 'description': 'Goes to the opened new tab', 'execute': '', 'locator': '', 'action': 'loop go to new tab', 'value': '', 'assertion': '', 'condition': '', 'stored_value_key': '', 'timeout': '', 'url': '', 'filepath': '', 'assert_value': '', 'nth': '', 'conditional_key': '', 'conditional_statement': ''}
2024-09-27 14:38:01,533 -INFO - (WindowHandler/go_to_newly_opened_tab_from_element) <Locator frame=<Frame name= url='https://www.amazon.in/s?k=Smartphone&i=electronics&crid=1AJUWWOFKLRTZ&sprefix=%2Celectronics%2C198&ref=nb_sb_noss'> selector="//span[@class='a-size-medium a-color-base a-text-normal'] >> nth=19">
2024-09-27 14:38:04,257 -INFO - For 9: Wait(True), Assert(True), Action(True) data:{'xlwb': <entity.ExcelData.ExcelWorkBook object at 0x000001F62059DBB0>, 'element_id': 7, 'description': 'Goes to the opened new tab', 'execute': '', 'locator': '', 'action': 'loop go to new tab', 'value': '', 'assertion': '', 'condition': '', 'stored_value_key': '', 'timeout': '', 'url': '', 'filepath': '', 'assert_value': '', 'nth': '', 'conditional_key': '', 'conditional_statement': ''}
2024-09-27 14:38:04,258 -INFO - LCE loop row: 10
2024-09-27 14:38:04,258 -INFO - Working with Actions in with row details: {'xlwb': <entity.ExcelData.ExcelWorkBook object at 0x000001F62059DBB0>, 'element_id': 9, 'description': 'PAGE URL', 'execute': '', 'locator': '', 'action': 'get page url', 'value': '', 'assertion': '', 'condition': '', 'stored_value_key': 'url', 'timeout': '', 'url': '', 'filepath': '', 'assert_value': '', 'nth': '', 'conditional_key': '', 'conditional_statement': ''}
2024-09-27 14:38:04,259 -INFO - (ActionFunctions/execute_code_get_data) {'xlwb': <entity.ExcelData.ExcelWorkBook object at 0x000001F62059DBB0>, 'element_id': 9, 'description': 'PAGE URL', 'execute': '', 'locator': '', 'action': 'get page url', 'value': '', 'assertion': '', 'condition': '', 'stored_value_key': 'url', 'timeout': '', 'url': '', 'filepath': '', 'assert_value': '', 'nth': '', 'conditional_key': '', 'conditional_statement': ''}
2024-09-27 14:38:04,260 -INFO - For 10: Wait(True), Assert(True), Action(True) data:{'xlwb': <entity.ExcelData.ExcelWorkBook object at 0x000001F62059DBB0>, 'element_id': 9, 'description': 'PAGE URL', 'execute': '', 'locator': '', 'action': 'get page url', 'value': '', 'assertion': '', 'condition': '', 'stored_value_key': 'url', 'timeout': '', 'url': '', 'filepath': '', 'assert_value': '', 'nth': '', 'conditional_key': '', 'conditional_statement': ''}
2024-09-27 14:38:04,260 -INFO - LCE loop row: 11
2024-09-27 14:38:04,260 -INFO - Working with Actions in with row details: {'xlwb': <entity.ExcelData.ExcelWorkBook object at 0x000001F62059DBB0>, 'element_id': 14, 'description': 'Close the current tab and goes to parent tab', 'execute': '', 'locator': '', 'action': 'close tab', 'value': '', 'assertion': '', 'condition': '', 'stored_value_key': '', 'timeout': '', 'url': '', 'filepath': '', 'assert_value': '', 'nth': '', 'conditional_key': '', 'conditional_statement': ''}
2024-09-27 14:38:04,261 -INFO - (WindowHandler/close_tab)
2024-09-27 14:38:04,724 -INFO - (WindowHandler/goto_parent_tab)
2024-09-27 14:38:04,744 -INFO - For 11: Wait(True), Assert(True), Action(True) data:{'xlwb': <entity.ExcelData.ExcelWorkBook object at 0x000001F62059DBB0>, 'element_id': 14, 'description': 'Close the current tab and goes to parent tab', 'execute': '', 'locator': '', 'action': 'close tab', 'value': '', 'assertion': '', 'condition': '', 'stored_value_key': '', 'timeout': '', 'url': '', 'filepath': '', 'assert_value': '', 'nth': '', 'conditional_key': '', 'conditional_statement': ''}
2024-09-27 14:38:04,744 -INFO - LCE loop row: 9
2024-09-27 14:38:04,744 -INFO - Working with Actions in with row details: {'xlwb': <entity.ExcelData.ExcelWorkBook object at 0x000001F62059DBB0>, 'element_id': 7, 'description': 'Goes to the opened new tab', 'execute': '', 'locator': '', 'action': 'loop go to new tab', 'value': '', 'assertion': '', 'condition': '', 'stored_value_key': '', 'timeout': '', 'url': '', 'filepath': '', 'assert_value': '', 'nth': '', 'conditional_key': '', 'conditional_statement': ''}
2024-09-27 14:38:04,745 -INFO - (WindowHandler/go_to_newly_opened_tab_from_element) <Locator frame=<Frame name= url='https://www.amazon.in/s?k=Smartphone&i=electronics&crid=1AJUWWOFKLRTZ&sprefix=%2Celectronics%2C198&ref=nb_sb_noss'> selector="//span[@class='a-size-medium a-color-base a-text-normal'] >> nth=20">
2024-09-27 14:38:07,177 -INFO - For 9: Wait(True), Assert(True), Action(True) data:{'xlwb': <entity.ExcelData.ExcelWorkBook object at 0x000001F62059DBB0>, 'element_id': 7, 'description': 'Goes to the opened new tab', 'execute': '', 'locator': '', 'action': 'loop go to new tab', 'value': '', 'assertion': '', 'condition': '', 'stored_value_key': '', 'timeout': '', 'url': '', 'filepath': '', 'assert_value': '', 'nth': '', 'conditional_key': '', 'conditional_statement': ''}
2024-09-27 14:38:07,177 -INFO - LCE loop row: 10
2024-09-27 14:38:07,177 -INFO - Working with Actions in with row details: {'xlwb': <entity.ExcelData.ExcelWorkBook object at 0x000001F62059DBB0>, 'element_id': 9, 'description': 'PAGE URL', 'execute': '', 'locator': '', 'action': 'get page url', 'value': '', 'assertion': '', 'condition': '', 'stored_value_key': 'url', 'timeout': '', 'url': '', 'filepath': '', 'assert_value': '', 'nth': '', 'conditional_key': '', 'conditional_statement': ''}
2024-09-27 14:38:07,178 -INFO - (ActionFunctions/execute_code_get_data) {'xlwb': <entity.ExcelData.ExcelWorkBook object at 0x000001F62059DBB0>, 'element_id': 9, 'description': 'PAGE URL', 'execute': '', 'locator': '', 'action': 'get page url', 'value': '', 'assertion': '', 'condition': '', 'stored_value_key': 'url', 'timeout': '', 'url': '', 'filepath': '', 'assert_value': '', 'nth': '', 'conditional_key': '', 'conditional_statement': ''}
2024-09-27 14:38:07,178 -INFO - For 10: Wait(True), Assert(True), Action(True) data:{'xlwb': <entity.ExcelData.ExcelWorkBook object at 0x000001F62059DBB0>, 'element_id': 9, 'description': 'PAGE URL', 'execute': '', 'locator': '', 'action': 'get page url', 'value': '', 'assertion': '', 'condition': '', 'stored_value_key': 'url', 'timeout': '', 'url': '', 'filepath': '', 'assert_value': '', 'nth': '', 'conditional_key': '', 'conditional_statement': ''}
2024-09-27 14:38:07,178 -INFO - LCE loop row: 11
2024-09-27 14:38:07,178 -INFO - Working with Actions in with row details: {'xlwb': <entity.ExcelData.ExcelWorkBook object at 0x000001F62059DBB0>, 'element_id': 14, 'description': 'Close the current tab and goes to parent tab', 'execute': '', 'locator': '', 'action': 'close tab', 'value': '', 'assertion': '', 'condition': '', 'stored_value_key': '', 'timeout': '', 'url': '', 'filepath': '', 'assert_value': '', 'nth': '', 'conditional_key': '', 'conditional_statement': ''}
2024-09-27 14:38:07,179 -INFO - (WindowHandler/close_tab)
2024-09-27 14:38:07,311 -INFO - (WindowHandler/goto_parent_tab)
2024-09-27 14:38:07,331 -INFO - For 11: Wait(True), Assert(True), Action(True) data:{'xlwb': <entity.ExcelData.ExcelWorkBook object at 0x000001F62059DBB0>, 'element_id': 14, 'description': 'Close the current tab and goes to parent tab', 'execute': '', 'locator': '', 'action': 'close tab', 'value': '', 'assertion': '', 'condition': '', 'stored_value_key': '', 'timeout': '', 'url': '', 'filepath': '', 'assert_value': '', 'nth': '', 'conditional_key': '', 'conditional_statement': ''}
2024-09-27 14:38:07,332 -INFO - LCE loop row: 9
2024-09-27 14:38:07,332 -INFO - Working with Actions in with row details: {'xlwb': <entity.ExcelData.ExcelWorkBook object at 0x000001F62059DBB0>, 'element_id': 7, 'description': 'Goes to the opened new tab', 'execute': '', 'locator': '', 'action': 'loop go to new tab', 'value': '', 'assertion': '', 'condition': '', 'stored_value_key': '', 'timeout': '', 'url': '', 'filepath': '', 'assert_value': '', 'nth': '', 'conditional_key': '', 'conditional_statement': ''}
2024-09-27 14:38:07,332 -INFO - (WindowHandler/go_to_newly_opened_tab_from_element) <Locator frame=<Frame name= url='https://www.amazon.in/s?k=Smartphone&i=electronics&crid=1AJUWWOFKLRTZ&sprefix=%2Celectronics%2C198&ref=nb_sb_noss'> selector="//span[@class='a-size-medium a-color-base a-text-normal'] >> nth=21">
