Logger initialized
page.get_by_title("Search in").select_option("search-alias=electronics")
page.locator("//input[@id='twotabsearchtextbox']").nth(0).fill("Smartphone")
page.locator("//input[@id='nav-search-submit-button']").nth(0).click()
time.sleep(5)
element_list: list = page.locator(.s-pagination-next).all()
element_list: list = page.locator(//span[@class='a-size-medium a-color-base a-text-normal']).all()
# Open link in new tab from element
data = page.url
page.close()
page.context.pages[0].bring_to_front()
# Open link in new tab from element
data = page.url
page.close()
page.context.pages[0].bring_to_front()
# Open link in new tab from element
data = page.url
page.close()
page.context.pages[0].bring_to_front()
page.locator(".s-pagination-next").nth(0).click()
expect(page.locator(".s-pagination-next").nth(0),"element has attribute").not_to_have_attribute("aria-disabled", "true")
element_list: list = page.locator(.s-pagination-next).all()
element_list: list = page.locator(//span[@class='a-size-medium a-color-base a-text-normal']).all()
