2024-09-07 11:53:42,058 -INFO - Logger initialized
2024-09-07 11:53:42,059 -INFO - StartTest.config: Entry Point #1
2024-09-07 11:53:42,059 -INFO - StartTest.config: {'file_path': 'excel\\Test.xlsx', 'workbook': <openpyxl.workbook.workbook.Workbook object at 0x000001A5208E1070>, 'current_sheet': <Worksheet "Details">, 'sheet_count': 4, 'sheet_names': ['Details', 'test cdp', 'Dropdowns', 'amazon product urls']}, {'directory_path': 'Reports/Report 2024-09-07 115342', 'code_prog': <utils.Logging.Logging object at 0x000001A520C44740>, 'log': <utils.Logging.Logging object at 0x000001A520C47020>}
2024-09-07 11:54:31,651 -INFO - Sheet loop number: 0
2024-09-07 11:54:31,652 -INFO - Sheet loop number: 1
2024-09-07 11:54:31,653 -INFO - ** sheets: Entry Point #2 ** test cdp
2024-09-07 11:54:31,654 -INFO - Sheet row: 3
2024-09-07 11:54:31,654 -INFO - (ExcelControl/execute_module): {'xlwb': <entity.ExcelData.ExcelWorkBook object at 0x000001A51F763F20>, 'element_id': 1, 'description': '', 'execute': 'page.get_by_title("Search in").select_option("search-alias=electronics")', 'locator': '', 'action': '', 'value': '', 'assertion': '', 'condition': '', 'stored_value_key': '', 'timeout': '', 'url': '', 'filepath': '', 'assert_value': '', 'nth': '', 'conditional_key': '', 'conditional_statement': ''},
2024-09-07 11:54:31,655 -INFO - (ActionFunctions/execute_code) page.get_by_title("Search in").select_option("search-alias=electronics")
2024-09-07 11:54:31,947 -INFO - Sheet row: 4
2024-09-07 11:54:31,948 -INFO - Working with Actions in with row details: {'xlwb': <entity.ExcelData.ExcelWorkBook object at 0x000001A51F763F20>, 'element_id': 2, 'description': 'Enter Search Value', 'execute': '', 'locator': '//input[@id="twotabsearchtextbox"]', 'action': 'fill', 'value': 'Smartphone', 'assertion': '', 'condition': '', 'stored_value_key': '', 'timeout': 30000, 'url': '', 'filepath': '', 'assert_value': '', 'nth': '', 'conditional_key': '', 'conditional_statement': ''}
2024-09-07 11:54:32,009 -INFO - (ActionFunctions/execute_code) page.locator("//input[@id='twotabsearchtextbox']").nth(0).fill("Smartphone")
2024-09-07 11:54:32,070 -INFO - For 4: Wait(True), Assert(True), Action(True) data:{'xlwb': <entity.ExcelData.ExcelWorkBook object at 0x000001A51F763F20>, 'element_id': 2, 'description': 'Enter Search Value', 'execute': '', 'locator': '//input[@id="twotabsearchtextbox"]', 'action': 'fill', 'value': 'Smartphone', 'assertion': '', 'condition': '', 'stored_value_key': '', 'timeout': 30000, 'url': '', 'filepath': '', 'assert_value': '', 'nth': '', 'conditional_key': '', 'conditional_statement': ''}
2024-09-07 11:54:32,071 -INFO - Sheet row: 5
2024-09-07 11:54:32,071 -INFO - Working with Actions in with row details: {'xlwb': <entity.ExcelData.ExcelWorkBook object at 0x000001A51F763F20>, 'element_id': 3, 'description': 'Click Search', 'execute': '', 'locator': "//input[@id='nav-search-submit-button']", 'action': 'click', 'value': '', 'assertion': '', 'condition': '', 'stored_value_key': '', 'timeout': 15000, 'url': '', 'filepath': '', 'assert_value': '', 'nth': '', 'conditional_key': '', 'conditional_statement': ''}
2024-09-07 11:54:32,232 -INFO - (ActionFunctions/execute_code) page.locator("//input[@id='nav-search-submit-button']").nth(0).click()
2024-09-07 11:54:33,084 -INFO - For 5: Wait(True), Assert(True), Action(True) data:{'xlwb': <entity.ExcelData.ExcelWorkBook object at 0x000001A51F763F20>, 'element_id': 3, 'description': 'Click Search', 'execute': '', 'locator': "//input[@id='nav-search-submit-button']", 'action': 'click', 'value': '', 'assertion': '', 'condition': '', 'stored_value_key': '', 'timeout': 15000, 'url': '', 'filepath': '', 'assert_value': '', 'nth': '', 'conditional_key': '', 'conditional_statement': ''}
2024-09-07 11:54:33,085 -INFO - Sheet row: 6
2024-09-07 11:54:33,085 -INFO - (ExcelControl/execute_module): {'xlwb': <entity.ExcelData.ExcelWorkBook object at 0x000001A51F763F20>, 'element_id': 4, 'description': '', 'execute': 'time.sleep(5)', 'locator': '', 'action': '', 'value': '', 'assertion': '', 'condition': '', 'stored_value_key': '', 'timeout': '', 'url': '', 'filepath': '', 'assert_value': '', 'nth': '', 'conditional_key': '', 'conditional_statement': ''},
2024-09-07 11:54:33,086 -INFO - (ActionFunctions/execute_code) time.sleep(5)
2024-09-07 11:54:38,087 -INFO - Sheet row: 7
2024-09-07 11:54:38,087 -INFO - Start Loop Module(sheets): Entry Point #3 {'xlwb': <entity.ExcelData.ExcelWorkBook object at 0x000001A51F763F20>, 'element_id': 5, 'description': 'start loop 1', 'execute': '', 'locator': '.s-pagination-next', 'action': '', 'value': '', 'assertion': '', 'condition': '', 'stored_value_key': 'list', 'timeout': 10000, 'url': '', 'filepath': '', 'assert_value': '', 'nth': '', 'conditional_key': '', 'conditional_statement': ''},7
2024-09-07 11:54:38,088 -INFO - SLM loop row: 7
2024-09-07 11:54:38,088 -INFO - Loop Cases Element(slm): Entry Point #6 7,.s-pagination-next, {'xlwb': <entity.ExcelData.ExcelWorkBook object at 0x000001A51F763F20>, 'element_id': 5, 'description': 'start loop 1', 'execute': '', 'locator': '.s-pagination-next', 'action': '', 'value': '', 'assertion': '', 'condition': '', 'stored_value_key': 'list', 'timeout': 10000, 'url': '', 'filepath': '', 'assert_value': '', 'nth': '', 'conditional_key': '', 'conditional_statement': ''}
2024-09-07 11:54:38,088 -INFO - Working with Actions in with row details: {'xlwb': <entity.ExcelData.ExcelWorkBook object at 0x000001A51F763F20>, 'element_id': 5, 'description': 'start loop 1', 'execute': '', 'locator': '.s-pagination-next', 'action': '', 'value': '', 'assertion': '', 'condition': '', 'stored_value_key': 'list', 'timeout': 10000, 'url': '', 'filepath': '', 'assert_value': '', 'nth': '', 'conditional_key': '', 'conditional_statement': ''}
2024-09-07 11:54:38,161 -INFO - LCE loop row: 8
2024-09-07 11:54:38,161 -INFO - Start Loop Module(loop_cases_element) : Entry Point #5 {'xlwb': <entity.ExcelData.ExcelWorkBook object at 0x000001A51F763F20>, 'element_id': 6, 'description': 'start loop 2: amazon first page all products', 'execute': '', 'locator': "//span[@class='a-size-medium a-color-base a-text-normal']", 'action': '', 'value': '', 'assertion': '', 'condition': '', 'stored_value_key': 'product', 'timeout': '', 'url': '', 'filepath': '', 'assert_value': '', 'nth': '', 'conditional_key': '', 'conditional_statement': ''}, 8
2024-09-07 11:54:38,161 -INFO - SLM loop row: 8
2024-09-07 11:54:38,162 -INFO - Loop Cases Element(slm): Entry Point #6 8,//span[@class='a-size-medium a-color-base a-text-normal'], {'xlwb': <entity.ExcelData.ExcelWorkBook object at 0x000001A51F763F20>, 'element_id': 6, 'description': 'start loop 2: amazon first page all products', 'execute': '', 'locator': "//span[@class='a-size-medium a-color-base a-text-normal']", 'action': '', 'value': '', 'assertion': '', 'condition': '', 'stored_value_key': 'product', 'timeout': '', 'url': '', 'filepath': '', 'assert_value': '', 'nth': '', 'conditional_key': '', 'conditional_statement': ''}
2024-09-07 11:54:38,162 -INFO - Working with Actions in with row details: {'xlwb': <entity.ExcelData.ExcelWorkBook object at 0x000001A51F763F20>, 'element_id': 6, 'description': 'start loop 2: amazon first page all products', 'execute': '', 'locator': "//span[@class='a-size-medium a-color-base a-text-normal']", 'action': '', 'value': '', 'assertion': '', 'condition': '', 'stored_value_key': 'product', 'timeout': '', 'url': '', 'filepath': '', 'assert_value': '', 'nth': '', 'conditional_key': '', 'conditional_statement': ''}
2024-09-07 11:54:38,179 -INFO - LCE loop row: 9
2024-09-07 11:54:38,180 -INFO - Working with Actions in with row details: {'xlwb': <entity.ExcelData.ExcelWorkBook object at 0x000001A51F763F20>, 'element_id': 7, 'description': 'Goes to the opened new tab', 'execute': '', 'locator': '', 'action': 'loop new tab', 'value': '', 'assertion': '', 'condition': '', 'stored_value_key': '', 'timeout': '', 'url': '', 'filepath': '', 'assert_value': '', 'nth': '', 'conditional_key': '', 'conditional_statement': ''}
2024-09-07 11:54:38,180 -INFO - (WindowHandler/open_link_in_new_tab_from_element) <Locator frame=<Frame name= url='https://www.amazon.in/s?k=Smartphone&i=electronics&crid=NLYHX94OGHV8&sprefix=smartphone%2Celectronics%2C227&ref=nb_sb_noss_1'> selector="//span[@class='a-size-medium a-color-base a-text-normal'] >> nth=0">
2024-09-07 11:54:41,577 -INFO - For 9: Wait(True), Assert(True), Action(True) data:{'xlwb': <entity.ExcelData.ExcelWorkBook object at 0x000001A51F763F20>, 'element_id': 7, 'description': 'Goes to the opened new tab', 'execute': '', 'locator': '', 'action': 'loop new tab', 'value': '', 'assertion': '', 'condition': '', 'stored_value_key': '', 'timeout': '', 'url': '', 'filepath': '', 'assert_value': '', 'nth': '', 'conditional_key': '', 'conditional_statement': ''}
2024-09-07 11:54:41,577 -INFO - LCE loop row: 10
2024-09-07 11:54:41,578 -INFO - Working with Actions in with row details: {'xlwb': <entity.ExcelData.ExcelWorkBook object at 0x000001A51F763F20>, 'element_id': 9, 'description': 'PAGE URL', 'execute': '', 'locator': '', 'action': 'get page url', 'value': '', 'assertion': '', 'condition': '', 'stored_value_key': 'url', 'timeout': '', 'url': '', 'filepath': '', 'assert_value': '', 'nth': '', 'conditional_key': '', 'conditional_statement': ''}
2024-09-07 11:54:41,578 -INFO - (ActionFunctions/execute_code_get_data) {'xlwb': <entity.ExcelData.ExcelWorkBook object at 0x000001A51F763F20>, 'element_id': 9, 'description': 'PAGE URL', 'execute': '', 'locator': '', 'action': 'get page url', 'value': '', 'assertion': '', 'condition': '', 'stored_value_key': 'url', 'timeout': '', 'url': '', 'filepath': '', 'assert_value': '', 'nth': '', 'conditional_key': '', 'conditional_statement': ''}
2024-09-07 11:54:41,579 -INFO - For 10: Wait(True), Assert(True), Action(True) data:{'xlwb': <entity.ExcelData.ExcelWorkBook object at 0x000001A51F763F20>, 'element_id': 9, 'description': 'PAGE URL', 'execute': '', 'locator': '', 'action': 'get page url', 'value': '', 'assertion': '', 'condition': '', 'stored_value_key': 'url', 'timeout': '', 'url': '', 'filepath': '', 'assert_value': '', 'nth': '', 'conditional_key': '', 'conditional_statement': ''}
2024-09-07 11:54:41,580 -INFO - LCE loop row: 11
2024-09-07 11:54:41,580 -INFO - Working with Actions in with row details: {'xlwb': <entity.ExcelData.ExcelWorkBook object at 0x000001A51F763F20>, 'element_id': 14, 'description': 'Close the current tab and goes to parent tab', 'execute': '', 'locator': '', 'action': 'close tab', 'value': '', 'assertion': '', 'condition': '', 'stored_value_key': '', 'timeout': '', 'url': '', 'filepath': '', 'assert_value': '', 'nth': '', 'conditional_key': '', 'conditional_statement': ''}
2024-09-07 11:54:41,581 -INFO - (WindowHandler/close_tab)
2024-09-07 11:54:42,033 -INFO - (WindowHandler/goto_parent_tab)
2024-09-07 11:54:42,057 -INFO - For 11: Wait(True), Assert(True), Action(True) data:{'xlwb': <entity.ExcelData.ExcelWorkBook object at 0x000001A51F763F20>, 'element_id': 14, 'description': 'Close the current tab and goes to parent tab', 'execute': '', 'locator': '', 'action': 'close tab', 'value': '', 'assertion': '', 'condition': '', 'stored_value_key': '', 'timeout': '', 'url': '', 'filepath': '', 'assert_value': '', 'nth': '', 'conditional_key': '', 'conditional_statement': ''}
2024-09-07 11:54:42,057 -INFO - LCE loop row: 9
2024-09-07 11:54:42,058 -INFO - Working with Actions in with row details: {'xlwb': <entity.ExcelData.ExcelWorkBook object at 0x000001A51F763F20>, 'element_id': 7, 'description': 'Goes to the opened new tab', 'execute': '', 'locator': '', 'action': 'loop new tab', 'value': '', 'assertion': '', 'condition': '', 'stored_value_key': '', 'timeout': '', 'url': '', 'filepath': '', 'assert_value': '', 'nth': '', 'conditional_key': '', 'conditional_statement': ''}
2024-09-07 11:54:42,059 -INFO - (WindowHandler/open_link_in_new_tab_from_element) <Locator frame=<Frame name= url='https://www.amazon.in/s?k=Smartphone&i=electronics&crid=NLYHX94OGHV8&sprefix=smartphone%2Celectronics%2C227&ref=nb_sb_noss_1'> selector="//span[@class='a-size-medium a-color-base a-text-normal'] >> nth=1">
2024-09-07 11:54:44,002 -INFO - For 9: Wait(True), Assert(True), Action(True) data:{'xlwb': <entity.ExcelData.ExcelWorkBook object at 0x000001A51F763F20>, 'element_id': 7, 'description': 'Goes to the opened new tab', 'execute': '', 'locator': '', 'action': 'loop new tab', 'value': '', 'assertion': '', 'condition': '', 'stored_value_key': '', 'timeout': '', 'url': '', 'filepath': '', 'assert_value': '', 'nth': '', 'conditional_key': '', 'conditional_statement': ''}
2024-09-07 11:54:44,003 -INFO - LCE loop row: 10
2024-09-07 11:54:44,003 -INFO - Working with Actions in with row details: {'xlwb': <entity.ExcelData.ExcelWorkBook object at 0x000001A51F763F20>, 'element_id': 9, 'description': 'PAGE URL', 'execute': '', 'locator': '', 'action': 'get page url', 'value': '', 'assertion': '', 'condition': '', 'stored_value_key': 'url', 'timeout': '', 'url': '', 'filepath': '', 'assert_value': '', 'nth': '', 'conditional_key': '', 'conditional_statement': ''}
2024-09-07 11:54:44,004 -INFO - (ActionFunctions/execute_code_get_data) {'xlwb': <entity.ExcelData.ExcelWorkBook object at 0x000001A51F763F20>, 'element_id': 9, 'description': 'PAGE URL', 'execute': '', 'locator': '', 'action': 'get page url', 'value': '', 'assertion': '', 'condition': '', 'stored_value_key': 'url', 'timeout': '', 'url': '', 'filepath': '', 'assert_value': '', 'nth': '', 'conditional_key': '', 'conditional_statement': ''}
2024-09-07 11:54:44,005 -INFO - For 10: Wait(True), Assert(True), Action(True) data:{'xlwb': <entity.ExcelData.ExcelWorkBook object at 0x000001A51F763F20>, 'element_id': 9, 'description': 'PAGE URL', 'execute': '', 'locator': '', 'action': 'get page url', 'value': '', 'assertion': '', 'condition': '', 'stored_value_key': 'url', 'timeout': '', 'url': '', 'filepath': '', 'assert_value': '', 'nth': '', 'conditional_key': '', 'conditional_statement': ''}
2024-09-07 11:54:44,006 -INFO - LCE loop row: 11
2024-09-07 11:54:44,007 -INFO - Working with Actions in with row details: {'xlwb': <entity.ExcelData.ExcelWorkBook object at 0x000001A51F763F20>, 'element_id': 14, 'description': 'Close the current tab and goes to parent tab', 'execute': '', 'locator': '', 'action': 'close tab', 'value': '', 'assertion': '', 'condition': '', 'stored_value_key': '', 'timeout': '', 'url': '', 'filepath': '', 'assert_value': '', 'nth': '', 'conditional_key': '', 'conditional_statement': ''}
2024-09-07 11:54:44,007 -INFO - (WindowHandler/close_tab)
2024-09-07 11:54:44,095 -INFO - (WindowHandler/goto_parent_tab)
2024-09-07 11:54:44,121 -INFO - For 11: Wait(True), Assert(True), Action(True) data:{'xlwb': <entity.ExcelData.ExcelWorkBook object at 0x000001A51F763F20>, 'element_id': 14, 'description': 'Close the current tab and goes to parent tab', 'execute': '', 'locator': '', 'action': 'close tab', 'value': '', 'assertion': '', 'condition': '', 'stored_value_key': '', 'timeout': '', 'url': '', 'filepath': '', 'assert_value': '', 'nth': '', 'conditional_key': '', 'conditional_statement': ''}
2024-09-07 11:54:44,122 -INFO - LCE loop row: 9
2024-09-07 11:54:44,122 -INFO - Working with Actions in with row details: {'xlwb': <entity.ExcelData.ExcelWorkBook object at 0x000001A51F763F20>, 'element_id': 7, 'description': 'Goes to the opened new tab', 'execute': '', 'locator': '', 'action': 'loop new tab', 'value': '', 'assertion': '', 'condition': '', 'stored_value_key': '', 'timeout': '', 'url': '', 'filepath': '', 'assert_value': '', 'nth': '', 'conditional_key': '', 'conditional_statement': ''}
2024-09-07 11:54:44,123 -INFO - (WindowHandler/open_link_in_new_tab_from_element) <Locator frame=<Frame name= url='https://www.amazon.in/s?k=Smartphone&i=electronics&crid=NLYHX94OGHV8&sprefix=smartphone%2Celectronics%2C227&ref=nb_sb_noss_1'> selector="//span[@class='a-size-medium a-color-base a-text-normal'] >> nth=2">
2024-09-07 11:54:46,763 -INFO - For 9: Wait(True), Assert(True), Action(True) data:{'xlwb': <entity.ExcelData.ExcelWorkBook object at 0x000001A51F763F20>, 'element_id': 7, 'description': 'Goes to the opened new tab', 'execute': '', 'locator': '', 'action': 'loop new tab', 'value': '', 'assertion': '', 'condition': '', 'stored_value_key': '', 'timeout': '', 'url': '', 'filepath': '', 'assert_value': '', 'nth': '', 'conditional_key': '', 'conditional_statement': ''}
2024-09-07 11:54:46,763 -INFO - LCE loop row: 10
2024-09-07 11:54:46,764 -INFO - Working with Actions in with row details: {'xlwb': <entity.ExcelData.ExcelWorkBook object at 0x000001A51F763F20>, 'element_id': 9, 'description': 'PAGE URL', 'execute': '', 'locator': '', 'action': 'get page url', 'value': '', 'assertion': '', 'condition': '', 'stored_value_key': 'url', 'timeout': '', 'url': '', 'filepath': '', 'assert_value': '', 'nth': '', 'conditional_key': '', 'conditional_statement': ''}
2024-09-07 11:54:46,765 -INFO - (ActionFunctions/execute_code_get_data) {'xlwb': <entity.ExcelData.ExcelWorkBook object at 0x000001A51F763F20>, 'element_id': 9, 'description': 'PAGE URL', 'execute': '', 'locator': '', 'action': 'get page url', 'value': '', 'assertion': '', 'condition': '', 'stored_value_key': 'url', 'timeout': '', 'url': '', 'filepath': '', 'assert_value': '', 'nth': '', 'conditional_key': '', 'conditional_statement': ''}
2024-09-07 11:54:46,765 -INFO - For 10: Wait(True), Assert(True), Action(True) data:{'xlwb': <entity.ExcelData.ExcelWorkBook object at 0x000001A51F763F20>, 'element_id': 9, 'description': 'PAGE URL', 'execute': '', 'locator': '', 'action': 'get page url', 'value': '', 'assertion': '', 'condition': '', 'stored_value_key': 'url', 'timeout': '', 'url': '', 'filepath': '', 'assert_value': '', 'nth': '', 'conditional_key': '', 'conditional_statement': ''}
2024-09-07 11:54:46,766 -INFO - LCE loop row: 11
2024-09-07 11:54:46,767 -INFO - Working with Actions in with row details: {'xlwb': <entity.ExcelData.ExcelWorkBook object at 0x000001A51F763F20>, 'element_id': 14, 'description': 'Close the current tab and goes to parent tab', 'execute': '', 'locator': '', 'action': 'close tab', 'value': '', 'assertion': '', 'condition': '', 'stored_value_key': '', 'timeout': '', 'url': '', 'filepath': '', 'assert_value': '', 'nth': '', 'conditional_key': '', 'conditional_statement': ''}
2024-09-07 11:54:46,768 -INFO - (WindowHandler/close_tab)
2024-09-07 11:54:47,339 -INFO - (WindowHandler/goto_parent_tab)
2024-09-07 11:54:47,368 -INFO - For 11: Wait(True), Assert(True), Action(True) data:{'xlwb': <entity.ExcelData.ExcelWorkBook object at 0x000001A51F763F20>, 'element_id': 14, 'description': 'Close the current tab and goes to parent tab', 'execute': '', 'locator': '', 'action': 'close tab', 'value': '', 'assertion': '', 'condition': '', 'stored_value_key': '', 'timeout': '', 'url': '', 'filepath': '', 'assert_value': '', 'nth': '', 'conditional_key': '', 'conditional_statement': ''}
2024-09-07 11:54:47,369 -INFO - Loop Cases Element(slm): Exit Point #6
2024-09-07 11:54:47,369 -INFO - Start Loop Module(loop_cases_element) : Exit Point #5
2024-09-07 11:54:47,370 -INFO - LCE loop row: 13
2024-09-07 11:54:47,371 -INFO - Working with Actions in with row details: {'xlwb': <entity.ExcelData.ExcelWorkBook object at 0x000001A51F763F20>, 'element_id': 16, 'description': 'Click on the next button', 'execute': '', 'locator': '.s-pagination-next', 'action': 'click', 'value': '', 'assertion': '', 'condition': '', 'stored_value_key': '', 'timeout': 20000, 'url': '', 'filepath': '', 'assert_value': '', 'nth': '', 'conditional_key': '', 'conditional_statement': ''}
2024-09-07 11:54:47,424 -INFO - (ActionFunctions/execute_code) page.locator(".s-pagination-next").nth(0).click()
2024-09-07 11:54:47,818 -INFO - For 13: Wait(True), Assert(True), Action(True) data:{'xlwb': <entity.ExcelData.ExcelWorkBook object at 0x000001A51F763F20>, 'element_id': 16, 'description': 'Click on the next button', 'execute': '', 'locator': '.s-pagination-next', 'action': 'click', 'value': '', 'assertion': '', 'condition': '', 'stored_value_key': '', 'timeout': 20000, 'url': '', 'filepath': '', 'assert_value': '', 'nth': '', 'conditional_key': '', 'conditional_statement': ''}
2024-09-07 11:54:47,818 -INFO - Loop Cases Element(slm): Exit Point #6
2024-09-07 11:54:47,819 -INFO - (ActionFunctions/execute_assert_code) {'xlwb': <entity.ExcelData.ExcelWorkBook object at 0x000001A51F763F20>, 'element_id': 17, 'description': 'end loop 1: continuous', 'execute': '', 'locator': '.s-pagination-next', 'action': '', 'value': '', 'assertion': 'soft', 'condition': 'not to have attribute', 'stored_value_key': '', 'timeout': 20000, 'url': '', 'filepath': '', 'assert_value': '"aria-disabled", "true"', 'nth': '', 'conditional_key': '', 'conditional_statement': ''}, expect(page.locator(".s-pagination-next").nth(0),"element has attribute").not_to_have_attribute("aria-disabled", "true")
2024-09-07 11:54:49,990 -INFO - SLM loop row: 14
2024-09-07 11:54:49,991 -INFO - Loop Cases Element(slm): Entry Point #6 14,.s-pagination-next, {'xlwb': <entity.ExcelData.ExcelWorkBook object at 0x000001A51F763F20>, 'element_id': 5, 'description': 'start loop 1', 'execute': '', 'locator': '.s-pagination-next', 'action': '', 'value': '', 'assertion': '', 'condition': '', 'stored_value_key': 'list', 'timeout': 10000, 'url': '', 'filepath': '', 'assert_value': '', 'nth': '', 'conditional_key': '', 'conditional_statement': ''}
2024-09-07 11:54:49,991 -INFO - Working with Actions in with row details: {'xlwb': <entity.ExcelData.ExcelWorkBook object at 0x000001A51F763F20>, 'element_id': 5, 'description': 'start loop 1', 'execute': '', 'locator': '.s-pagination-next', 'action': '', 'value': '', 'assertion': '', 'condition': '', 'stored_value_key': 'list', 'timeout': 10000, 'url': '', 'filepath': '', 'assert_value': '', 'nth': '', 'conditional_key': '', 'conditional_statement': ''}
2024-09-07 11:54:50,250 -INFO - LCE loop row: 8
2024-09-07 11:54:50,251 -INFO - Start Loop Module(loop_cases_element) : Entry Point #5 {'xlwb': <entity.ExcelData.ExcelWorkBook object at 0x000001A51F763F20>, 'element_id': 6, 'description': 'start loop 2: amazon first page all products', 'execute': '', 'locator': "//span[@class='a-size-medium a-color-base a-text-normal']", 'action': '', 'value': '', 'assertion': '', 'condition': '', 'stored_value_key': 'product', 'timeout': '', 'url': '', 'filepath': '', 'assert_value': '', 'nth': '', 'conditional_key': '', 'conditional_statement': ''}, 8
2024-09-07 11:54:50,251 -INFO - SLM loop row: 8
2024-09-07 11:54:50,252 -INFO - Loop Cases Element(slm): Entry Point #6 8,//span[@class='a-size-medium a-color-base a-text-normal'], {'xlwb': <entity.ExcelData.ExcelWorkBook object at 0x000001A51F763F20>, 'element_id': 6, 'description': 'start loop 2: amazon first page all products', 'execute': '', 'locator': "//span[@class='a-size-medium a-color-base a-text-normal']", 'action': '', 'value': '', 'assertion': '', 'condition': '', 'stored_value_key': 'product', 'timeout': '', 'url': '', 'filepath': '', 'assert_value': '', 'nth': '', 'conditional_key': '', 'conditional_statement': ''}
2024-09-07 11:54:50,252 -INFO - Working with Actions in with row details: {'xlwb': <entity.ExcelData.ExcelWorkBook object at 0x000001A51F763F20>, 'element_id': 6, 'description': 'start loop 2: amazon first page all products', 'execute': '', 'locator': "//span[@class='a-size-medium a-color-base a-text-normal']", 'action': '', 'value': '', 'assertion': '', 'condition': '', 'stored_value_key': 'product', 'timeout': '', 'url': '', 'filepath': '', 'assert_value': '', 'nth': '', 'conditional_key': '', 'conditional_statement': ''}
