Logger initialized
page.get_by_title("Search in").select_option("search-alias=electronics")
page.locator("//input[@id='twotabsearchtextbox']").nth(0).fill("Smartphone")
page.locator("//input[@id='nav-search-submit-button']").nth(0).click()
time.sleep(5)
element_list: list = page.locator(.s-pagination-next).all()
element_list: list = page.locator(//span[@class='a-size-medium a-color-base a-text-normal']).all()
# Open link in new tab from element
page.wait_for_load_state('load')
data = page.url
data = page.wait_for_selector("#productTitle", timeout=30000).text_content()
expect(page.locator("#acrCustomerReviewText").nth(0),"element not present in page/dynamic element").to_be_attached()
data = page.wait_for_selector("#acrCustomerReviewText", timeout=30000).text_content()
page.wait_for_selector("//span[3]/span[2]/span[@class='a-price-whole']", timeout=10000)
expect(page.locator("//div[1]/div[4]/div[1]/span[3]/span[2]/span[@class='a-price-whole']").nth(0),"element is not visible").to_be_visible()
data = page.wait_for_selector("//div[1]/div[4]/div[1]/span[3]/span[2]/span[@class="a-price-whole"]", timeout=30000).text_content()
expect(page.locator("#feature-bullets").nth(0),"element is not visible").to_be_visible()
data = page.wait_for_selector("#feature-bullets", timeout=1000)
data = page.locator("#feature-bullets").all_inner_texts()
expect(page.locator("#prodDetails").nth(0),"element is not visible").to_be_visible()
data = page.wait_for_selector("#prodDetails", timeout=1000)
data = page.locator("#prodDetails").all_inner_texts()
page.close()
page.context.pages[0].bring_to_front()
# Open link in new tab from element
page.wait_for_load_state('load')
data = page.url
data = page.wait_for_selector("#productTitle", timeout=30000).text_content()
expect(page.locator("#acrCustomerReviewText").nth(0),"element not present in page/dynamic element").to_be_attached()
data = page.wait_for_selector("#acrCustomerReviewText", timeout=30000).text_content()
page.wait_for_selector("//span[3]/span[2]/span[@class='a-price-whole']", timeout=10000)
expect(page.locator("//div[1]/div[4]/div[1]/span[3]/span[2]/span[@class='a-price-whole']").nth(0),"element is not visible").to_be_visible()
data = page.wait_for_selector("//div[1]/div[4]/div[1]/span[3]/span[2]/span[@class="a-price-whole"]", timeout=30000).text_content()
expect(page.locator("#feature-bullets").nth(0),"element is not visible").to_be_visible()
data = page.wait_for_selector("#feature-bullets", timeout=1000)
data = page.locator("#feature-bullets").all_inner_texts()
expect(page.locator("#prodDetails").nth(0),"element is not visible").to_be_visible()
data = page.wait_for_selector("#prodDetails", timeout=1000)
data = page.locator("#prodDetails").all_inner_texts()
page.close()
page.context.pages[0].bring_to_front()
# Open link in new tab from element
page.wait_for_load_state('load')
data = page.url
data = page.wait_for_selector("#productTitle", timeout=30000).text_content()
expect(page.locator("#acrCustomerReviewText").nth(0),"element not present in page/dynamic element").to_be_attached()
data = page.wait_for_selector("#acrCustomerReviewText", timeout=30000).text_content()
page.wait_for_selector("//span[3]/span[2]/span[@class='a-price-whole']", timeout=10000)
expect(page.locator("//div[1]/div[4]/div[1]/span[3]/span[2]/span[@class='a-price-whole']").nth(0),"element is not visible").to_be_visible()
data = page.wait_for_selector("//div[1]/div[4]/div[1]/span[3]/span[2]/span[@class="a-price-whole"]", timeout=30000).text_content()
expect(page.locator("#feature-bullets").nth(0),"element is not visible").to_be_visible()
data = page.wait_for_selector("#feature-bullets", timeout=1000)
data = page.locator("#feature-bullets").all_inner_texts()
expect(page.locator("#prodDetails").nth(0),"element is not visible").to_be_visible()
data = page.wait_for_selector("#prodDetails", timeout=1000)
data = page.locator("#prodDetails").all_inner_texts()
page.close()
page.context.pages[0].bring_to_front()
# Open link in new tab from element
page.wait_for_load_state('load')
data = page.url
data = page.wait_for_selector("#productTitle", timeout=30000).text_content()
expect(page.locator("#acrCustomerReviewText").nth(0),"element not present in page/dynamic element").to_be_attached()
data = page.wait_for_selector("#acrCustomerReviewText", timeout=30000).text_content()
page.wait_for_selector("//span[3]/span[2]/span[@class='a-price-whole']", timeout=10000)
expect(page.locator("//div[1]/div[4]/div[1]/span[3]/span[2]/span[@class='a-price-whole']").nth(0),"element is not visible").to_be_visible()
data = page.wait_for_selector("//div[1]/div[4]/div[1]/span[3]/span[2]/span[@class="a-price-whole"]", timeout=30000).text_content()
expect(page.locator("#feature-bullets").nth(0),"element is not visible").to_be_visible()
data = page.wait_for_selector("#feature-bullets", timeout=1000)
data = page.locator("#feature-bullets").all_inner_texts()
expect(page.locator("#prodDetails").nth(0),"element is not visible").to_be_visible()
data = page.wait_for_selector("#prodDetails", timeout=1000)
data = page.locator("#prodDetails").all_inner_texts()
page.close()
page.context.pages[0].bring_to_front()
# Open link in new tab from element
page.wait_for_load_state('load')
data = page.url
data = page.wait_for_selector("#productTitle", timeout=30000).text_content()
expect(page.locator("#acrCustomerReviewText").nth(0),"element not present in page/dynamic element").to_be_attached()
data = page.wait_for_selector("#acrCustomerReviewText", timeout=30000).text_content()
page.wait_for_selector("//span[3]/span[2]/span[@class='a-price-whole']", timeout=10000)
expect(page.locator("//div[1]/div[4]/div[1]/span[3]/span[2]/span[@class='a-price-whole']").nth(0),"element is not visible").to_be_visible()
data = page.wait_for_selector("//div[1]/div[4]/div[1]/span[3]/span[2]/span[@class="a-price-whole"]", timeout=30000).text_content()
expect(page.locator("#feature-bullets").nth(0),"element is not visible").to_be_visible()
data = page.wait_for_selector("#feature-bullets", timeout=1000)
data = page.locator("#feature-bullets").all_inner_texts()
expect(page.locator("#prodDetails").nth(0),"element is not visible").to_be_visible()
data = page.wait_for_selector("#prodDetails", timeout=1000)
data = page.locator("#prodDetails").all_inner_texts()
page.close()
page.context.pages[0].bring_to_front()
page.locator(".s-pagination-next").nth(0).click()
expect(page.locator(".s-pagination-next").nth(0),"element has attribute").not_to_have_attribute("aria-disabled", "true")
element_list: list = page.locator(.s-pagination-next).all()
element_list: list = page.locator(//span[@class='a-size-medium a-color-base a-text-normal']).all()
# Open link in new tab from element
page.wait_for_load_state('load')
data = page.url
data = page.wait_for_selector("#productTitle", timeout=30000).text_content()
expect(page.locator("#acrCustomerReviewText").nth(0),"element not present in page/dynamic element").to_be_attached()
data = page.wait_for_selector("#acrCustomerReviewText", timeout=30000).text_content()
page.wait_for_selector("//span[3]/span[2]/span[@class='a-price-whole']", timeout=10000)
expect(page.locator("//div[1]/div[4]/div[1]/span[3]/span[2]/span[@class='a-price-whole']").nth(0),"element is not visible").to_be_visible()
data = page.wait_for_selector("//div[1]/div[4]/div[1]/span[3]/span[2]/span[@class="a-price-whole"]", timeout=30000).text_content()
expect(page.locator("#feature-bullets").nth(0),"element is not visible").to_be_visible()
data = page.wait_for_selector("#feature-bullets", timeout=1000)
data = page.locator("#feature-bullets").all_inner_texts()
expect(page.locator("#prodDetails").nth(0),"element is not visible").to_be_visible()
data = page.wait_for_selector("#prodDetails", timeout=1000)
data = page.locator("#prodDetails").all_inner_texts()
page.close()
page.context.pages[0].bring_to_front()
# Open link in new tab from element
page.wait_for_load_state('load')
data = page.url
data = page.wait_for_selector("#productTitle", timeout=30000).text_content()
expect(page.locator("#acrCustomerReviewText").nth(0),"element not present in page/dynamic element").to_be_attached()
data = page.wait_for_selector("#acrCustomerReviewText", timeout=30000).text_content()
page.wait_for_selector("//span[3]/span[2]/span[@class='a-price-whole']", timeout=10000)
expect(page.locator("//div[1]/div[4]/div[1]/span[3]/span[2]/span[@class='a-price-whole']").nth(0),"element is not visible").to_be_visible()
data = page.wait_for_selector("//div[1]/div[4]/div[1]/span[3]/span[2]/span[@class="a-price-whole"]", timeout=30000).text_content()
expect(page.locator("#feature-bullets").nth(0),"element is not visible").to_be_visible()
data = page.wait_for_selector("#feature-bullets", timeout=1000)
data = page.locator("#feature-bullets").all_inner_texts()
expect(page.locator("#prodDetails").nth(0),"element is not visible").to_be_visible()
data = page.wait_for_selector("#prodDetails", timeout=1000)
data = page.locator("#prodDetails").all_inner_texts()
page.close()
page.context.pages[0].bring_to_front()
# Open link in new tab from element
page.wait_for_load_state('load')
data = page.url
data = page.wait_for_selector("#productTitle", timeout=30000).text_content()
expect(page.locator("#acrCustomerReviewText").nth(0),"element not present in page/dynamic element").to_be_attached()
data = page.wait_for_selector("#acrCustomerReviewText", timeout=30000).text_content()
page.wait_for_selector("//span[3]/span[2]/span[@class='a-price-whole']", timeout=10000)
expect(page.locator("//div[1]/div[4]/div[1]/span[3]/span[2]/span[@class='a-price-whole']").nth(0),"element is not visible").to_be_visible()
data = page.wait_for_selector("//div[1]/div[4]/div[1]/span[3]/span[2]/span[@class="a-price-whole"]", timeout=30000).text_content()
expect(page.locator("#feature-bullets").nth(0),"element is not visible").to_be_visible()
data = page.wait_for_selector("#feature-bullets", timeout=1000)
data = page.locator("#feature-bullets").all_inner_texts()
expect(page.locator("#prodDetails").nth(0),"element is not visible").to_be_visible()
data = page.wait_for_selector("#prodDetails", timeout=1000)
data = page.locator("#prodDetails").all_inner_texts()
page.close()
page.context.pages[0].bring_to_front()
# Open link in new tab from element
page.wait_for_load_state('load')
data = page.url
data = page.wait_for_selector("#productTitle", timeout=30000).text_content()
expect(page.locator("#acrCustomerReviewText").nth(0),"element not present in page/dynamic element").to_be_attached()
data = page.wait_for_selector("#acrCustomerReviewText", timeout=30000).text_content()
page.wait_for_selector("//span[3]/span[2]/span[@class='a-price-whole']", timeout=10000)
expect(page.locator("//div[1]/div[4]/div[1]/span[3]/span[2]/span[@class='a-price-whole']").nth(0),"element is not visible").to_be_visible()
data = page.wait_for_selector("//div[1]/div[4]/div[1]/span[3]/span[2]/span[@class="a-price-whole"]", timeout=30000).text_content()
expect(page.locator("#feature-bullets").nth(0),"element is not visible").to_be_visible()
data = page.wait_for_selector("#feature-bullets", timeout=1000)
data = page.locator("#feature-bullets").all_inner_texts()
expect(page.locator("#prodDetails").nth(0),"element is not visible").to_be_visible()
data = page.wait_for_selector("#prodDetails", timeout=1000)
data = page.locator("#prodDetails").all_inner_texts()
page.close()
page.context.pages[0].bring_to_front()
# Open link in new tab from element
page.wait_for_load_state('load')
data = page.url
data = page.wait_for_selector("#productTitle", timeout=30000).text_content()
expect(page.locator("#acrCustomerReviewText").nth(0),"element not present in page/dynamic element").to_be_attached()
data = page.wait_for_selector("#acrCustomerReviewText", timeout=30000).text_content()
page.wait_for_selector("//span[3]/span[2]/span[@class='a-price-whole']", timeout=10000)
expect(page.locator("//div[1]/div[4]/div[1]/span[3]/span[2]/span[@class='a-price-whole']").nth(0),"element is not visible").to_be_visible()
expect(page.locator("#feature-bullets").nth(0),"element is not visible").to_be_visible()
data = page.wait_for_selector("#feature-bullets", timeout=1000)
data = page.locator("#feature-bullets").all_inner_texts()
expect(page.locator("#prodDetails").nth(0),"element is not visible").to_be_visible()
data = page.wait_for_selector("#prodDetails", timeout=1000)
data = page.locator("#prodDetails").all_inner_texts()
page.close()
page.context.pages[0].bring_to_front()
page.locator(".s-pagination-next").nth(0).click()
expect(page.locator(".s-pagination-next").nth(0),"element has attribute").not_to_have_attribute("aria-disabled", "true")
element_list: list = page.locator(.s-pagination-next).all()
element_list: list = page.locator(//span[@class='a-size-medium a-color-base a-text-normal']).all()
# Open link in new tab from element
page.wait_for_load_state('load')
data = page.url
data = page.wait_for_selector("#productTitle", timeout=30000).text_content()
expect(page.locator("#acrCustomerReviewText").nth(0),"element not present in page/dynamic element").to_be_attached()
data = page.wait_for_selector("#acrCustomerReviewText", timeout=30000).text_content()
page.wait_for_selector("//span[3]/span[2]/span[@class='a-price-whole']", timeout=10000)
expect(page.locator("//div[1]/div[4]/div[1]/span[3]/span[2]/span[@class='a-price-whole']").nth(0),"element is not visible").to_be_visible()
data = page.wait_for_selector("//div[1]/div[4]/div[1]/span[3]/span[2]/span[@class="a-price-whole"]", timeout=30000).text_content()
expect(page.locator("#feature-bullets").nth(0),"element is not visible").to_be_visible()
data = page.wait_for_selector("#feature-bullets", timeout=1000)
data = page.locator("#feature-bullets").all_inner_texts()
expect(page.locator("#prodDetails").nth(0),"element is not visible").to_be_visible()
data = page.wait_for_selector("#prodDetails", timeout=1000)
data = page.locator("#prodDetails").all_inner_texts()
page.close()
page.context.pages[0].bring_to_front()
# Open link in new tab from element
page.wait_for_load_state('load')
data = page.url
data = page.wait_for_selector("#productTitle", timeout=30000).text_content()
expect(page.locator("#acrCustomerReviewText").nth(0),"element not present in page/dynamic element").to_be_attached()
data = page.wait_for_selector("#acrCustomerReviewText", timeout=30000).text_content()
page.wait_for_selector("//span[3]/span[2]/span[@class='a-price-whole']", timeout=10000)
expect(page.locator("//div[1]/div[4]/div[1]/span[3]/span[2]/span[@class='a-price-whole']").nth(0),"element is not visible").to_be_visible()
data = page.wait_for_selector("//div[1]/div[4]/div[1]/span[3]/span[2]/span[@class="a-price-whole"]", timeout=30000).text_content()
expect(page.locator("#feature-bullets").nth(0),"element is not visible").to_be_visible()
data = page.wait_for_selector("#feature-bullets", timeout=1000)
data = page.locator("#feature-bullets").all_inner_texts()
expect(page.locator("#prodDetails").nth(0),"element is not visible").to_be_visible()
data = page.wait_for_selector("#prodDetails", timeout=1000)
data = page.locator("#prodDetails").all_inner_texts()
page.close()
page.context.pages[0].bring_to_front()
# Open link in new tab from element
page.wait_for_load_state('load')
data = page.url
data = page.wait_for_selector("#productTitle", timeout=30000).text_content()
expect(page.locator("#acrCustomerReviewText").nth(0),"element not present in page/dynamic element").to_be_attached()
data = page.wait_for_selector("#acrCustomerReviewText", timeout=30000).text_content()
page.wait_for_selector("//span[3]/span[2]/span[@class='a-price-whole']", timeout=10000)
expect(page.locator("//div[1]/div[4]/div[1]/span[3]/span[2]/span[@class='a-price-whole']").nth(0),"element is not visible").to_be_visible()
data = page.wait_for_selector("//div[1]/div[4]/div[1]/span[3]/span[2]/span[@class="a-price-whole"]", timeout=30000).text_content()
expect(page.locator("#feature-bullets").nth(0),"element is not visible").to_be_visible()
data = page.wait_for_selector("#feature-bullets", timeout=1000)
data = page.locator("#feature-bullets").all_inner_texts()
expect(page.locator("#prodDetails").nth(0),"element is not visible").to_be_visible()
data = page.wait_for_selector("#prodDetails", timeout=1000)
data = page.locator("#prodDetails").all_inner_texts()
page.close()
page.context.pages[0].bring_to_front()
# Open link in new tab from element
page.wait_for_load_state('load')
data = page.url
data = page.wait_for_selector("#productTitle", timeout=30000).text_content()
expect(page.locator("#acrCustomerReviewText").nth(0),"element not present in page/dynamic element").to_be_attached()
data = page.wait_for_selector("#acrCustomerReviewText", timeout=30000).text_content()
page.wait_for_selector("//span[3]/span[2]/span[@class='a-price-whole']", timeout=10000)
expect(page.locator("//div[1]/div[4]/div[1]/span[3]/span[2]/span[@class='a-price-whole']").nth(0),"element is not visible").to_be_visible()
data = page.wait_for_selector("//div[1]/div[4]/div[1]/span[3]/span[2]/span[@class="a-price-whole"]", timeout=30000).text_content()
expect(page.locator("#feature-bullets").nth(0),"element is not visible").to_be_visible()
data = page.wait_for_selector("#feature-bullets", timeout=1000)
data = page.locator("#feature-bullets").all_inner_texts()
expect(page.locator("#prodDetails").nth(0),"element is not visible").to_be_visible()
data = page.wait_for_selector("#prodDetails", timeout=1000)
data = page.locator("#prodDetails").all_inner_texts()
page.close()
page.context.pages[0].bring_to_front()
# Open link in new tab from element
page.wait_for_load_state('load')
data = page.url
data = page.wait_for_selector("#productTitle", timeout=30000).text_content()
expect(page.locator("#acrCustomerReviewText").nth(0),"element not present in page/dynamic element").to_be_attached()
data = page.wait_for_selector("#acrCustomerReviewText", timeout=30000).text_content()
page.wait_for_selector("//span[3]/span[2]/span[@class='a-price-whole']", timeout=10000)
expect(page.locator("//div[1]/div[4]/div[1]/span[3]/span[2]/span[@class='a-price-whole']").nth(0),"element is not visible").to_be_visible()
data = page.wait_for_selector("//div[1]/div[4]/div[1]/span[3]/span[2]/span[@class="a-price-whole"]", timeout=30000).text_content()
expect(page.locator("#feature-bullets").nth(0),"element is not visible").to_be_visible()
data = page.wait_for_selector("#feature-bullets", timeout=1000)
data = page.locator("#feature-bullets").all_inner_texts()
expect(page.locator("#prodDetails").nth(0),"element is not visible").to_be_visible()
data = page.wait_for_selector("#prodDetails", timeout=1000)
data = page.locator("#prodDetails").all_inner_texts()
page.close()
page.context.pages[0].bring_to_front()
page.locator(".s-pagination-next").nth(0).click()
expect(page.locator(".s-pagination-next").nth(0),"element has attribute").not_to_have_attribute("aria-disabled", "true")
element_list: list = page.locator(.s-pagination-next).all()
element_list: list = page.locator(//span[@class='a-size-medium a-color-base a-text-normal']).all()
# Open link in new tab from element
page.wait_for_load_state('load')
data = page.url
data = page.wait_for_selector("#productTitle", timeout=30000).text_content()
expect(page.locator("#acrCustomerReviewText").nth(0),"element not present in page/dynamic element").to_be_attached()
data = page.wait_for_selector("#acrCustomerReviewText", timeout=30000).text_content()
page.wait_for_selector("//span[3]/span[2]/span[@class='a-price-whole']", timeout=10000)
expect(page.locator("//div[1]/div[4]/div[1]/span[3]/span[2]/span[@class='a-price-whole']").nth(0),"element is not visible").to_be_visible()
data = page.wait_for_selector("//div[1]/div[4]/div[1]/span[3]/span[2]/span[@class="a-price-whole"]", timeout=30000).text_content()
expect(page.locator("#feature-bullets").nth(0),"element is not visible").to_be_visible()
data = page.wait_for_selector("#feature-bullets", timeout=1000)
data = page.locator("#feature-bullets").all_inner_texts()
expect(page.locator("#prodDetails").nth(0),"element is not visible").to_be_visible()
data = page.wait_for_selector("#prodDetails", timeout=1000)
data = page.locator("#prodDetails").all_inner_texts()
page.close()
page.context.pages[0].bring_to_front()
# Open link in new tab from element
page.wait_for_load_state('load')
data = page.url
data = page.wait_for_selector("#productTitle", timeout=30000).text_content()
expect(page.locator("#acrCustomerReviewText").nth(0),"element not present in page/dynamic element").to_be_attached()
data = page.wait_for_selector("#acrCustomerReviewText", timeout=30000).text_content()
page.wait_for_selector("//span[3]/span[2]/span[@class='a-price-whole']", timeout=10000)
expect(page.locator("//div[1]/div[4]/div[1]/span[3]/span[2]/span[@class='a-price-whole']").nth(0),"element is not visible").to_be_visible()
data = page.wait_for_selector("//div[1]/div[4]/div[1]/span[3]/span[2]/span[@class="a-price-whole"]", timeout=30000).text_content()
expect(page.locator("#feature-bullets").nth(0),"element is not visible").to_be_visible()
data = page.wait_for_selector("#feature-bullets", timeout=1000)
data = page.locator("#feature-bullets").all_inner_texts()
expect(page.locator("#prodDetails").nth(0),"element is not visible").to_be_visible()
data = page.wait_for_selector("#prodDetails", timeout=1000)
data = page.locator("#prodDetails").all_inner_texts()
page.close()
page.context.pages[0].bring_to_front()
# Open link in new tab from element
page.wait_for_load_state('load')
data = page.url
data = page.wait_for_selector("#productTitle", timeout=30000).text_content()
expect(page.locator("#acrCustomerReviewText").nth(0),"element not present in page/dynamic element").to_be_attached()
data = page.wait_for_selector("#acrCustomerReviewText", timeout=30000).text_content()
page.wait_for_selector("//span[3]/span[2]/span[@class='a-price-whole']", timeout=10000)
expect(page.locator("//div[1]/div[4]/div[1]/span[3]/span[2]/span[@class='a-price-whole']").nth(0),"element is not visible").to_be_visible()
data = page.wait_for_selector("//div[1]/div[4]/div[1]/span[3]/span[2]/span[@class="a-price-whole"]", timeout=30000).text_content()
expect(page.locator("#feature-bullets").nth(0),"element is not visible").to_be_visible()
expect(page.locator("#prodDetails").nth(0),"element is not visible").to_be_visible()
data = page.wait_for_selector("#prodDetails", timeout=1000)
data = page.locator("#prodDetails").all_inner_texts()
page.close()
page.context.pages[0].bring_to_front()
# Open link in new tab from element
page.wait_for_load_state('load')
data = page.url
data = page.wait_for_selector("#productTitle", timeout=30000).text_content()
expect(page.locator("#acrCustomerReviewText").nth(0),"element not present in page/dynamic element").to_be_attached()
data = page.wait_for_selector("#acrCustomerReviewText", timeout=30000).text_content()
page.wait_for_selector("//span[3]/span[2]/span[@class='a-price-whole']", timeout=10000)
expect(page.locator("//div[1]/div[4]/div[1]/span[3]/span[2]/span[@class='a-price-whole']").nth(0),"element is not visible").to_be_visible()
data = page.wait_for_selector("//div[1]/div[4]/div[1]/span[3]/span[2]/span[@class="a-price-whole"]", timeout=30000).text_content()
expect(page.locator("#feature-bullets").nth(0),"element is not visible").to_be_visible()
data = page.wait_for_selector("#feature-bullets", timeout=1000)
data = page.locator("#feature-bullets").all_inner_texts()
expect(page.locator("#prodDetails").nth(0),"element is not visible").to_be_visible()
data = page.wait_for_selector("#prodDetails", timeout=1000)
data = page.locator("#prodDetails").all_inner_texts()
page.close()
page.context.pages[0].bring_to_front()
# Open link in new tab from element
page.wait_for_load_state('load')
data = page.url
data = page.wait_for_selector("#productTitle", timeout=30000).text_content()
expect(page.locator("#acrCustomerReviewText").nth(0),"element not present in page/dynamic element").to_be_attached()
data = page.wait_for_selector("#acrCustomerReviewText", timeout=30000).text_content()
page.wait_for_selector("//span[3]/span[2]/span[@class='a-price-whole']", timeout=10000)
expect(page.locator("//div[1]/div[4]/div[1]/span[3]/span[2]/span[@class='a-price-whole']").nth(0),"element is not visible").to_be_visible()
data = page.wait_for_selector("//div[1]/div[4]/div[1]/span[3]/span[2]/span[@class="a-price-whole"]", timeout=30000).text_content()
expect(page.locator("#feature-bullets").nth(0),"element is not visible").to_be_visible()
data = page.wait_for_selector("#feature-bullets", timeout=1000)
data = page.locator("#feature-bullets").all_inner_texts()
expect(page.locator("#prodDetails").nth(0),"element is not visible").to_be_visible()
data = page.wait_for_selector("#prodDetails", timeout=1000)
data = page.locator("#prodDetails").all_inner_texts()
page.close()
page.context.pages[0].bring_to_front()
page.locator(".s-pagination-next").nth(0).click()
expect(page.locator(".s-pagination-next").nth(0),"element has attribute").not_to_have_attribute("aria-disabled", "true")
element_list: list = page.locator(//span[@class='a-size-medium a-color-base a-text-normal']).all()
# Open link in new tab from element
page.wait_for_load_state('load')
data = page.url
data = page.wait_for_selector("#productTitle", timeout=30000).text_content()
expect(page.locator("#acrCustomerReviewText").nth(0),"element not present in page/dynamic element").to_be_attached()
data = page.wait_for_selector("#acrCustomerReviewText", timeout=30000).text_content()
page.wait_for_selector("//span[3]/span[2]/span[@class='a-price-whole']", timeout=10000)
expect(page.locator("//div[1]/div[4]/div[1]/span[3]/span[2]/span[@class='a-price-whole']").nth(0),"element is not visible").to_be_visible()
data = page.wait_for_selector("//div[1]/div[4]/div[1]/span[3]/span[2]/span[@class="a-price-whole"]", timeout=30000).text_content()
expect(page.locator("#feature-bullets").nth(0),"element is not visible").to_be_visible()
data = page.wait_for_selector("#feature-bullets", timeout=1000)
data = page.locator("#feature-bullets").all_inner_texts()
expect(page.locator("#prodDetails").nth(0),"element is not visible").to_be_visible()
data = page.wait_for_selector("#prodDetails", timeout=1000)
data = page.locator("#prodDetails").all_inner_texts()
page.close()
page.context.pages[0].bring_to_front()
# Open link in new tab from element
page.wait_for_load_state('load')
data = page.url
data = page.wait_for_selector("#productTitle", timeout=30000).text_content()
expect(page.locator("#acrCustomerReviewText").nth(0),"element not present in page/dynamic element").to_be_attached()
data = page.wait_for_selector("#acrCustomerReviewText", timeout=30000).text_content()
page.wait_for_selector("//span[3]/span[2]/span[@class='a-price-whole']", timeout=10000)
expect(page.locator("//div[1]/div[4]/div[1]/span[3]/span[2]/span[@class='a-price-whole']").nth(0),"element is not visible").to_be_visible()
data = page.wait_for_selector("//div[1]/div[4]/div[1]/span[3]/span[2]/span[@class="a-price-whole"]", timeout=30000).text_content()
expect(page.locator("#feature-bullets").nth(0),"element is not visible").to_be_visible()
data = page.wait_for_selector("#feature-bullets", timeout=1000)
data = page.locator("#feature-bullets").all_inner_texts()
expect(page.locator("#prodDetails").nth(0),"element is not visible").to_be_visible()
data = page.wait_for_selector("#prodDetails", timeout=1000)
data = page.locator("#prodDetails").all_inner_texts()
page.close()
page.context.pages[0].bring_to_front()
# Open link in new tab from element
page.wait_for_load_state('load')
data = page.url
data = page.wait_for_selector("#productTitle", timeout=30000).text_content()
expect(page.locator("#acrCustomerReviewText").nth(0),"element not present in page/dynamic element").to_be_attached()
data = page.wait_for_selector("#acrCustomerReviewText", timeout=30000).text_content()
page.wait_for_selector("//span[3]/span[2]/span[@class='a-price-whole']", timeout=10000)
expect(page.locator("//div[1]/div[4]/div[1]/span[3]/span[2]/span[@class='a-price-whole']").nth(0),"element is not visible").to_be_visible()
data = page.wait_for_selector("//div[1]/div[4]/div[1]/span[3]/span[2]/span[@class="a-price-whole"]", timeout=30000).text_content()
expect(page.locator("#feature-bullets").nth(0),"element is not visible").to_be_visible()
data = page.wait_for_selector("#feature-bullets", timeout=1000)
data = page.locator("#feature-bullets").all_inner_texts()
expect(page.locator("#prodDetails").nth(0),"element is not visible").to_be_visible()
data = page.wait_for_selector("#prodDetails", timeout=1000)
data = page.locator("#prodDetails").all_inner_texts()
page.close()
page.context.pages[0].bring_to_front()
# Open link in new tab from element
page.wait_for_load_state('load')
data = page.url
data = page.wait_for_selector("#productTitle", timeout=30000).text_content()
expect(page.locator("#acrCustomerReviewText").nth(0),"element not present in page/dynamic element").to_be_attached()
data = page.wait_for_selector("#acrCustomerReviewText", timeout=30000).text_content()
page.wait_for_selector("//span[3]/span[2]/span[@class='a-price-whole']", timeout=10000)
expect(page.locator("//div[1]/div[4]/div[1]/span[3]/span[2]/span[@class='a-price-whole']").nth(0),"element is not visible").to_be_visible()
data = page.wait_for_selector("//div[1]/div[4]/div[1]/span[3]/span[2]/span[@class="a-price-whole"]", timeout=30000).text_content()
expect(page.locator("#feature-bullets").nth(0),"element is not visible").to_be_visible()
data = page.wait_for_selector("#feature-bullets", timeout=1000)
data = page.locator("#feature-bullets").all_inner_texts()
expect(page.locator("#prodDetails").nth(0),"element is not visible").to_be_visible()
data = page.wait_for_selector("#prodDetails", timeout=1000)
data = page.locator("#prodDetails").all_inner_texts()
page.close()
page.context.pages[0].bring_to_front()
# Open link in new tab from element
page.wait_for_load_state('load')
data = page.url
data = page.wait_for_selector("#productTitle", timeout=30000).text_content()
expect(page.locator("#acrCustomerReviewText").nth(0),"element not present in page/dynamic element").to_be_attached()
data = page.wait_for_selector("#acrCustomerReviewText", timeout=30000).text_content()
page.wait_for_selector("//span[3]/span[2]/span[@class='a-price-whole']", timeout=10000)
expect(page.locator("//div[1]/div[4]/div[1]/span[3]/span[2]/span[@class='a-price-whole']").nth(0),"element is not visible").to_be_visible()
data = page.wait_for_selector("//div[1]/div[4]/div[1]/span[3]/span[2]/span[@class="a-price-whole"]", timeout=30000).text_content()
expect(page.locator("#feature-bullets").nth(0),"element is not visible").to_be_visible()
data = page.wait_for_selector("#feature-bullets", timeout=1000)
data = page.locator("#feature-bullets").all_inner_texts()
expect(page.locator("#prodDetails").nth(0),"element is not visible").to_be_visible()
data = page.wait_for_selector("#prodDetails", timeout=1000)
data = page.locator("#prodDetails").all_inner_texts()
page.close()
page.context.pages[0].bring_to_front()
page.locator(".s-pagination-next").nth(0).click()
expect(page.locator(".s-pagination-next").nth(0),"element has attribute").not_to_have_attribute("aria-disabled", "true")
