Logger initialized
page.get_by_title("Search in").select_option("search-alias=electronics")
page.locator("//input[@id='twotabsearchtextbox']").nth(0).fill("Smartphone")
page.locator("//input[@id='nav-search-submit-button']").nth(0).click()
time.sleep(5)
element_list: list = page.locator(.s-pagination-next).all()
element_list: list = page.locator(//span[@class='a-size-medium a-color-base a-text-normal']).all()
# Open link in new tab from element
page.wait_for_load_state('load')
data = page.url
expect(page.locator("#productTitle").nth(0),"element not present in page/dynamic element").to_be_attached()
data = page.locator(#productTitle).nth(0).text_content()
expect(page.locator("#acrCustomerReviewText").nth(0),"element not present in page/dynamic element").to_be_attached()
data = page.locator(#acrCustomerReviewText).nth(0).text_content()
expect(page.locator("//div[@class='a-section a-spacing-none aok-align-center aok-relative']").nth(0),"element is not visible").to_be_visible()
data = page.locator("//div[@class='a-section a-spacing-none aok-align-center aok-relative']").nth(0).inner_text()
expect(page.locator("#feature-bullets").nth(0),"element is not visible").to_be_visible()
data = page.locator(#feature-bullets).nth(0).all_inner_texts()
expect(page.locator("#prodDetails").nth(0),"element is not visible").to_be_visible()
data = page.locator(#prodDetails).nth(0).all_inner_texts()
page.close()
page.context.pages[0].bring_to_front()
# Open link in new tab from element
page.wait_for_load_state('load')
data = page.url
expect(page.locator("#productTitle").nth(0),"element not present in page/dynamic element").to_be_attached()
data = page.locator(#productTitle).nth(0).text_content()
expect(page.locator("#acrCustomerReviewText").nth(0),"element not present in page/dynamic element").to_be_attached()
data = page.locator(#acrCustomerReviewText).nth(0).text_content()
expect(page.locator("//div[@class='a-section a-spacing-none aok-align-center aok-relative']").nth(0),"element is not visible").to_be_visible()
data = page.locator("//div[@class='a-section a-spacing-none aok-align-center aok-relative']").nth(0).inner_text()
expect(page.locator("#feature-bullets").nth(0),"element is not visible").to_be_visible()
data = page.locator(#feature-bullets).nth(0).all_inner_texts()
expect(page.locator("#prodDetails").nth(0),"element is not visible").to_be_visible()
data = page.locator(#prodDetails).nth(0).all_inner_texts()
page.close()
page.context.pages[0].bring_to_front()
# Open link in new tab from element
page.wait_for_load_state('load')
data = page.url
expect(page.locator("#productTitle").nth(0),"element not present in page/dynamic element").to_be_attached()
data = page.locator(#productTitle).nth(0).text_content()
expect(page.locator("#acrCustomerReviewText").nth(0),"element not present in page/dynamic element").to_be_attached()
data = page.locator(#acrCustomerReviewText).nth(0).text_content()
expect(page.locator("//div[@class='a-section a-spacing-none aok-align-center aok-relative']").nth(0),"element is not visible").to_be_visible()
data = page.locator("//div[@class='a-section a-spacing-none aok-align-center aok-relative']").nth(0).inner_text()
expect(page.locator("#feature-bullets").nth(0),"element is not visible").to_be_visible()
data = page.locator(#feature-bullets).nth(0).all_inner_texts()
expect(page.locator("#prodDetails").nth(0),"element is not visible").to_be_visible()
data = page.locator(#prodDetails).nth(0).all_inner_texts()
page.close()
page.context.pages[0].bring_to_front()
page.locator(".s-pagination-next").nth(0).click()
expect(page.locator(".s-pagination-next").nth(0),"element has attribute").not_to_have_attribute("aria-disabled", "true")
element_list: list = page.locator(.s-pagination-next).all()
element_list: list = page.locator(//span[@class='a-size-medium a-color-base a-text-normal']).all()
# Open link in new tab from element
page.wait_for_load_state('load')
data = page.url
expect(page.locator("#productTitle").nth(0),"element not present in page/dynamic element").to_be_attached()
data = page.locator(#productTitle).nth(0).text_content()
expect(page.locator("#acrCustomerReviewText").nth(0),"element not present in page/dynamic element").to_be_attached()
data = page.locator(#acrCustomerReviewText).nth(0).text_content()
expect(page.locator("//div[@class='a-section a-spacing-none aok-align-center aok-relative']").nth(0),"element is not visible").to_be_visible()
data = page.locator("//div[@class='a-section a-spacing-none aok-align-center aok-relative']").nth(0).inner_text()
expect(page.locator("#feature-bullets").nth(0),"element is not visible").to_be_visible()
data = page.locator(#feature-bullets).nth(0).all_inner_texts()
expect(page.locator("#prodDetails").nth(0),"element is not visible").to_be_visible()
data = page.locator(#prodDetails).nth(0).all_inner_texts()
page.close()
page.context.pages[0].bring_to_front()
# Open link in new tab from element
page.wait_for_load_state('load')
data = page.url
expect(page.locator("#productTitle").nth(0),"element not present in page/dynamic element").to_be_attached()
data = page.locator(#productTitle).nth(0).text_content()
expect(page.locator("#acrCustomerReviewText").nth(0),"element not present in page/dynamic element").to_be_attached()
data = page.locator(#acrCustomerReviewText).nth(0).text_content()
expect(page.locator("//div[@class='a-section a-spacing-none aok-align-center aok-relative']").nth(0),"element is not visible").to_be_visible()
data = page.locator("//div[@class='a-section a-spacing-none aok-align-center aok-relative']").nth(0).inner_text()
expect(page.locator("#feature-bullets").nth(0),"element is not visible").to_be_visible()
data = page.locator(#feature-bullets).nth(0).all_inner_texts()
expect(page.locator("#prodDetails").nth(0),"element is not visible").to_be_visible()
data = page.locator(#prodDetails).nth(0).all_inner_texts()
page.close()
page.context.pages[0].bring_to_front()
# Open link in new tab from element
page.wait_for_load_state('load')
data = page.url
expect(page.locator("#productTitle").nth(0),"element not present in page/dynamic element").to_be_attached()
data = page.locator(#productTitle).nth(0).text_content()
expect(page.locator("#acrCustomerReviewText").nth(0),"element not present in page/dynamic element").to_be_attached()
data = page.locator(#acrCustomerReviewText).nth(0).text_content()
expect(page.locator("//div[@class='a-section a-spacing-none aok-align-center aok-relative']").nth(0),"element is not visible").to_be_visible()
data = page.locator("//div[@class='a-section a-spacing-none aok-align-center aok-relative']").nth(0).inner_text()
expect(page.locator("#feature-bullets").nth(0),"element is not visible").to_be_visible()
data = page.locator(#feature-bullets).nth(0).all_inner_texts()
expect(page.locator("#prodDetails").nth(0),"element is not visible").to_be_visible()
data = page.locator(#prodDetails).nth(0).all_inner_texts()
page.close()
page.context.pages[0].bring_to_front()
page.locator(".s-pagination-next").nth(0).click()
expect(page.locator(".s-pagination-next").nth(0),"element has attribute").not_to_have_attribute("aria-disabled", "true")
