2024-09-24 11:41:37,412 -INFO - Logger initialized
2024-09-24 11:41:37,412 -INFO - StartTest.config: Entry Point #1
2024-09-24 11:41:37,412 -INFO - StartTest.config: {'file_path': 'excel\\Test.xlsx', 'workbook': <openpyxl.workbook.workbook.Workbook object at 0x000002E6FCBAD400>, 'current_sheet': <Worksheet "Details">, 'sheet_count': 5, 'sheet_names': ['Details', 'Dropdown', 'test clearias url', 'Page Elements', 'Sheet1']}, {'directory_path': 'Reports/Report 2024-09-24 114137', 'code_prog': <utils.Logging.Logging object at 0x000002E6FAE830E0>, 'log': <utils.Logging.Logging object at 0x000002E6FAB5B110>}
2024-09-24 11:41:43,976 -INFO - Sheet loop number: 0
2024-09-24 11:41:43,977 -INFO - Sheet loop number: 1
2024-09-24 11:41:43,977 -INFO - Sheet loop number: 2
2024-09-24 11:41:43,984 -INFO - ** sheets: Entry Point #2 ** test clearias url
2024-09-24 11:41:43,985 -INFO - Sheet row: 3
2024-09-24 11:41:43,985 -INFO - Start Loop Module(sheets): Entry Point #3 {'xlwb': <entity.ExcelData.ExcelWorkBook object at 0x000002E6FCBAE270>, 'element_id': 3, 'description': 'start loop: IAS Study Materials List', 'execute': '', 'locator': "//div[@style='background-color: #f8f9f9; padding: 10px; padding-left: 20px; margin: 1px; border-style: solid; border-width: 2px;']//p//a[@class='button']", 'action': '', 'value': '', 'assertion': '', 'condition': '', 'stored_value_key': 'subject', 'timeout': '', 'url': '', 'filepath': '', 'assert_value': '', 'nth': '', 'conditional_key': '', 'conditional_statement': ''},3
2024-09-24 11:41:43,985 -INFO - SLM loop row: 3
2024-09-24 11:41:43,985 -INFO - Loop Cases Element(slm): Entry Point #6 3,//div[@style='background-color: #f8f9f9; padding: 10px; padding-left: 20px; margin: 1px; border-style: solid; border-width: 2px;']//p//a[@class='button'], {'xlwb': <entity.ExcelData.ExcelWorkBook object at 0x000002E6FCBAE270>, 'element_id': 3, 'description': 'start loop: IAS Study Materials List', 'execute': '', 'locator': "//div[@style='background-color: #f8f9f9; padding: 10px; padding-left: 20px; margin: 1px; border-style: solid; border-width: 2px;']//p//a[@class='button']", 'action': '', 'value': '', 'assertion': '', 'condition': '', 'stored_value_key': 'subject', 'timeout': '', 'url': '', 'filepath': '', 'assert_value': '', 'nth': '', 'conditional_key': '', 'conditional_statement': ''}
2024-09-24 11:41:43,985 -INFO - Working with Actions in with row details: {'xlwb': <entity.ExcelData.ExcelWorkBook object at 0x000002E6FCBAE270>, 'element_id': 3, 'description': 'start loop: IAS Study Materials List', 'execute': '', 'locator': "//div[@style='background-color: #f8f9f9; padding: 10px; padding-left: 20px; margin: 1px; border-style: solid; border-width: 2px;']//p//a[@class='button']", 'action': '', 'value': '', 'assertion': '', 'condition': '', 'stored_value_key': 'subject', 'timeout': '', 'url': '', 'filepath': '', 'assert_value': '', 'nth': '', 'conditional_key': '', 'conditional_statement': ''}
2024-09-24 11:41:44,268 -INFO - LCE loop row: 4
2024-09-24 11:41:44,269 -INFO - Working with Actions in with row details: {'xlwb': <entity.ExcelData.ExcelWorkBook object at 0x000002E6FCBAE270>, 'element_id': 4, 'description': 'Open links in new tab', 'execute': '', 'locator': '', 'action': 'loop open link', 'value': '', 'assertion': '', 'condition': '', 'stored_value_key': '', 'timeout': '', 'url': '', 'filepath': '', 'assert_value': '', 'nth': '', 'conditional_key': '', 'conditional_statement': ''}
2024-09-24 11:41:44,269 -INFO - (WindowHandler/open_link_from_element) <Locator frame=<Frame name= url='https://www.clearias.com/ias-study-materials/'> selector="//div[@style='background-color: #f8f9f9; padding: 10px; padding-left: 20px; margin: 1px; border-style: solid; border-width: 2px;']//p//a[@class='button'] >> nth=0">
2024-09-24 11:41:45,401 -INFO - For 4: Wait(True), Assert(True), Action(True) data:{'xlwb': <entity.ExcelData.ExcelWorkBook object at 0x000002E6FCBAE270>, 'element_id': 4, 'description': 'Open links in new tab', 'execute': '', 'locator': '', 'action': 'loop open link', 'value': '', 'assertion': '', 'condition': '', 'stored_value_key': '', 'timeout': '', 'url': '', 'filepath': '', 'assert_value': '', 'nth': '', 'conditional_key': '', 'conditional_statement': ''}
2024-09-24 11:41:45,401 -INFO - LCE loop row: 5
2024-09-24 11:41:45,401 -INFO - Master url and row allotted: 5, https://www.clearias.com/indian-history/
2024-09-24 11:41:45,401 -INFO - LCE loop row: 6
2024-09-24 11:41:45,402 -INFO - Start Loop Module(loop_cases_element) : Entry Point #5 {'xlwb': <entity.ExcelData.ExcelWorkBook object at 0x000002E6FCBAE270>, 'element_id': 7, 'description': 'start loop: Topics List', 'execute': '', 'locator': "//article//div//ul//li//a[@data-wpel-link='internal']", 'action': '', 'value': '', 'assertion': '', 'condition': '', 'stored_value_key': 'article', 'timeout': '', 'url': '', 'filepath': '', 'assert_value': '', 'nth': '', 'conditional_key': '', 'conditional_statement': ''}, 6
2024-09-24 11:41:45,402 -INFO - SLM loop row: 6
2024-09-24 11:41:45,402 -INFO - Loop Cases Element(slm): Entry Point #6 6,//article//div//ul//li//a[@data-wpel-link='internal'], {'xlwb': <entity.ExcelData.ExcelWorkBook object at 0x000002E6FCBAE270>, 'element_id': 7, 'description': 'start loop: Topics List', 'execute': '', 'locator': "//article//div//ul//li//a[@data-wpel-link='internal']", 'action': '', 'value': '', 'assertion': '', 'condition': '', 'stored_value_key': 'article', 'timeout': '', 'url': '', 'filepath': '', 'assert_value': '', 'nth': '', 'conditional_key': '', 'conditional_statement': ''}
2024-09-24 11:41:45,402 -INFO - Working with Actions in with row details: {'xlwb': <entity.ExcelData.ExcelWorkBook object at 0x000002E6FCBAE270>, 'element_id': 7, 'description': 'start loop: Topics List', 'execute': '', 'locator': "//article//div//ul//li//a[@data-wpel-link='internal']", 'action': '', 'value': '', 'assertion': '', 'condition': '', 'stored_value_key': 'article', 'timeout': '', 'url': '', 'filepath': '', 'assert_value': '', 'nth': '', 'conditional_key': '', 'conditional_statement': ''}
2024-09-24 11:41:45,704 -INFO - LCE loop row: 7
2024-09-24 11:41:45,704 -INFO - (ExcelControl/execute_module): {'xlwb': <entity.ExcelData.ExcelWorkBook object at 0x000002E6FCBAE270>, 'element_id': 8.5, 'description': 'Debugging', 'execute': 'time.sleep(1)', 'locator': '', 'action': '', 'value': '', 'assertion': '', 'condition': '', 'stored_value_key': '', 'timeout': '', 'url': '', 'filepath': '', 'assert_value': '', 'nth': '', 'conditional_key': '', 'conditional_statement': ''},0
2024-09-24 11:41:45,704 -INFO - (ActionFunctions/execute_code) time.sleep(1)
2024-09-24 11:41:46,705 -INFO - LCE loop row: 8
2024-09-24 11:41:46,705 -INFO - Working with Actions in with row details: {'xlwb': <entity.ExcelData.ExcelWorkBook object at 0x000002E6FCBAE270>, 'element_id': 9.9, 'description': 'Click on the links', 'execute': '', 'locator': '', 'action': 'loop open link', 'value': '', 'assertion': '', 'condition': '', 'stored_value_key': '', 'timeout': '', 'url': '', 'filepath': '', 'assert_value': '', 'nth': '', 'conditional_key': '', 'conditional_statement': ''}
2024-09-24 11:41:46,705 -INFO - (WindowHandler/open_link_from_element) <Locator frame=<Frame name= url='https://www.clearias.com/indian-history/'> selector="//article//div//ul//li//a[@data-wpel-link='internal'] >> nth=0">
2024-09-24 11:41:48,113 -INFO - For 8: Wait(True), Assert(True), Action(True) data:{'xlwb': <entity.ExcelData.ExcelWorkBook object at 0x000002E6FCBAE270>, 'element_id': 9.9, 'description': 'Click on the links', 'execute': '', 'locator': '', 'action': 'loop open link', 'value': '', 'assertion': '', 'condition': '', 'stored_value_key': '', 'timeout': '', 'url': '', 'filepath': '', 'assert_value': '', 'nth': '', 'conditional_key': '', 'conditional_statement': ''}
2024-09-24 11:41:48,114 -INFO - LCE loop row: 9
2024-09-24 11:41:48,115 -INFO - (ExcelControl/execute_module): {'xlwb': <entity.ExcelData.ExcelWorkBook object at 0x000002E6FCBAE270>, 'element_id': 8.5, 'description': 'Debugging', 'execute': 'time.sleep(1)', 'locator': '', 'action': '', 'value': '', 'assertion': '', 'condition': '', 'stored_value_key': '', 'timeout': '', 'url': '', 'filepath': '', 'assert_value': '', 'nth': '', 'conditional_key': '', 'conditional_statement': ''},0
2024-09-24 11:41:48,115 -INFO - (ActionFunctions/execute_code) time.sleep(1)
2024-09-24 11:41:49,116 -INFO - LCE loop row: 10
2024-09-24 11:41:49,116 -INFO - Working with Actions in with row details: {'xlwb': <entity.ExcelData.ExcelWorkBook object at 0x000002E6FCBAE270>, 'element_id': 12.7, 'description': 'Check for pdf link', 'execute': '', 'locator': "//img[@class='pf-button-img']", 'action': 'is visible', 'value': '', 'assertion': 'soft', 'condition': 'to be attached', 'stored_value_key': 'pdf', 'timeout': '', 'url': '', 'filepath': '', 'assert_value': '', 'nth': '', 'conditional_key': 'pdf', 'conditional_statement': ''}
2024-09-24 11:41:49,116 -INFO - (ActionFunctions/execute_assert_code) {'xlwb': <entity.ExcelData.ExcelWorkBook object at 0x000002E6FCBAE270>, 'element_id': 12.7, 'description': 'Check for pdf link', 'execute': '', 'locator': "//img[@class='pf-button-img']", 'action': 'is visible', 'value': '', 'assertion': 'soft', 'condition': 'to be attached', 'stored_value_key': 'pdf', 'timeout': '', 'url': '', 'filepath': '', 'assert_value': '', 'nth': '', 'conditional_key': 'pdf', 'conditional_statement': ''}, expect(page.locator("//img[@class='pf-button-img']").nth(0),"element not present in page/dynamic element").to_be_attached()
2024-09-24 11:41:49,144 -INFO - (ActionFunctions/execute_code_get_data) {'xlwb': <entity.ExcelData.ExcelWorkBook object at 0x000002E6FCBAE270>, 'element_id': 12.7, 'description': 'Check for pdf link', 'execute': '', 'locator': "//img[@class='pf-button-img']", 'action': 'is visible', 'value': '', 'assertion': 'soft', 'condition': 'to be attached', 'stored_value_key': 'pdf', 'timeout': '', 'url': '', 'filepath': '', 'assert_value': '', 'nth': '', 'conditional_key': 'pdf', 'conditional_statement': ''}
2024-09-24 11:41:49,154 -INFO - For 10: Wait(True), Assert(True), Action(True) data:{'xlwb': <entity.ExcelData.ExcelWorkBook object at 0x000002E6FCBAE270>, 'element_id': 12.7, 'description': 'Check for pdf link', 'execute': '', 'locator': "//img[@class='pf-button-img']", 'action': 'is visible', 'value': '', 'assertion': 'soft', 'condition': 'to be attached', 'stored_value_key': 'pdf', 'timeout': '', 'url': '', 'filepath': '', 'assert_value': '', 'nth': '', 'conditional_key': 'pdf', 'conditional_statement': ''}
2024-09-24 11:41:49,154 -INFO - LCE loop row: 11
2024-09-24 11:41:49,155 -INFO - (ExcelControl/conditional_module): dictionary["pdf"] 
2024-09-24 11:41:49,155 -INFO - Working with Actions in with row details: {'xlwb': <entity.ExcelData.ExcelWorkBook object at 0x000002E6FCBAE270>, 'element_id': 14.1, 'description': 'PAGE URL', 'execute': '', 'locator': '', 'action': 'get page url', 'value': '', 'assertion': '', 'condition': '', 'stored_value_key': 'page', 'timeout': '', 'url': '', 'filepath': '', 'assert_value': '', 'nth': '', 'conditional_key': '', 'conditional_statement': 'dictionary["pdf"]'}
2024-09-24 11:41:49,155 -INFO - (ActionFunctions/execute_code_get_data) {'xlwb': <entity.ExcelData.ExcelWorkBook object at 0x000002E6FCBAE270>, 'element_id': 14.1, 'description': 'PAGE URL', 'execute': '', 'locator': '', 'action': 'get page url', 'value': '', 'assertion': '', 'condition': '', 'stored_value_key': 'page', 'timeout': '', 'url': '', 'filepath': '', 'assert_value': '', 'nth': '', 'conditional_key': '', 'conditional_statement': 'dictionary["pdf"]'}
2024-09-24 11:41:49,155 -INFO - For 11: Wait(True), Assert(True), Action(True) data:{'xlwb': <entity.ExcelData.ExcelWorkBook object at 0x000002E6FCBAE270>, 'element_id': 14.1, 'description': 'PAGE URL', 'execute': '', 'locator': '', 'action': 'get page url', 'value': '', 'assertion': '', 'condition': '', 'stored_value_key': 'page', 'timeout': '', 'url': '', 'filepath': '', 'assert_value': '', 'nth': '', 'conditional_key': '', 'conditional_statement': 'dictionary["pdf"]'}
2024-09-24 11:41:49,155 -INFO - LCE loop row: 12
2024-09-24 11:41:49,155 -INFO - Working with Actions in with row details: {'xlwb': <entity.ExcelData.ExcelWorkBook object at 0x000002E6FCBAE270>, 'element_id': 15.5, 'description': 'PAGE TITLE', 'execute': '', 'locator': "//header[@class='entry-header']/h1", 'action': 'text content', 'value': '', 'assertion': 'soft', 'condition': 'to be attached', 'stored_value_key': 'title', 'timeout': 10000, 'url': '', 'filepath': '', 'assert_value': '', 'nth': '', 'conditional_key': '', 'conditional_statement': ''}
2024-09-24 11:41:49,174 -INFO - (ActionFunctions/execute_assert_code) {'xlwb': <entity.ExcelData.ExcelWorkBook object at 0x000002E6FCBAE270>, 'element_id': 15.5, 'description': 'PAGE TITLE', 'execute': '', 'locator': "//header[@class='entry-header']/h1", 'action': 'text content', 'value': '', 'assertion': 'soft', 'condition': 'to be attached', 'stored_value_key': 'title', 'timeout': 10000, 'url': '', 'filepath': '', 'assert_value': '', 'nth': '', 'conditional_key': '', 'conditional_statement': ''}, expect(page.locator("//header[@class='entry-header']/h1").nth(0),"element not present in page/dynamic element").to_be_attached()
2024-09-24 11:41:49,187 -INFO - (ActionFunctions/execute_code_get_data) {'xlwb': <entity.ExcelData.ExcelWorkBook object at 0x000002E6FCBAE270>, 'element_id': 15.5, 'description': 'PAGE TITLE', 'execute': '', 'locator': "//header[@class='entry-header']/h1", 'action': 'text content', 'value': '', 'assertion': 'soft', 'condition': 'to be attached', 'stored_value_key': 'title', 'timeout': 10000, 'url': '', 'filepath': '', 'assert_value': '', 'nth': '', 'conditional_key': '', 'conditional_statement': ''}
2024-09-24 11:41:49,198 -INFO - For 12: Wait(True), Assert(True), Action(True) data:{'xlwb': <entity.ExcelData.ExcelWorkBook object at 0x000002E6FCBAE270>, 'element_id': 15.5, 'description': 'PAGE TITLE', 'execute': '', 'locator': "//header[@class='entry-header']/h1", 'action': 'text content', 'value': '', 'assertion': 'soft', 'condition': 'to be attached', 'stored_value_key': 'title', 'timeout': 10000, 'url': '', 'filepath': '', 'assert_value': '', 'nth': '', 'conditional_key': '', 'conditional_statement': ''}
2024-09-24 11:41:49,199 -INFO - LCE loop row: 13
2024-09-24 11:41:49,199 -INFO - (ExcelControl/execute_module): {'xlwb': <entity.ExcelData.ExcelWorkBook object at 0x000002E6FCBAE270>, 'element_id': 8.5, 'description': 'Debugging', 'execute': 'time.sleep(1)', 'locator': '', 'action': '', 'value': '', 'assertion': '', 'condition': '', 'stored_value_key': '', 'timeout': '', 'url': '', 'filepath': '', 'assert_value': '', 'nth': '', 'conditional_key': '', 'conditional_statement': ''},0
2024-09-24 11:41:49,199 -INFO - (ActionFunctions/execute_code) time.sleep(1)
2024-09-24 11:41:50,200 -INFO - LCE loop row: 14
2024-09-24 11:41:50,200 -INFO - (ExcelControl/conditional_module): dictionary["pdf"] 
2024-09-24 11:41:50,200 -INFO - Working with Actions in with row details: {'xlwb': <entity.ExcelData.ExcelWorkBook object at 0x000002E6FCBAE270>, 'element_id': 16.9, 'description': 'Click on pdf link', 'execute': '', 'locator': "//img[@class='pf-button-img']", 'action': 'click', 'value': '', 'assertion': 'soft', 'condition': 'to be attached', 'stored_value_key': '', 'timeout': 10000, 'url': '', 'filepath': '', 'assert_value': '', 'nth': '', 'conditional_key': '', 'conditional_statement': 'dictionary["pdf"]'}
2024-09-24 11:41:50,216 -INFO - (ActionFunctions/execute_assert_code) {'xlwb': <entity.ExcelData.ExcelWorkBook object at 0x000002E6FCBAE270>, 'element_id': 16.9, 'description': 'Click on pdf link', 'execute': '', 'locator': "//img[@class='pf-button-img']", 'action': 'click', 'value': '', 'assertion': 'soft', 'condition': 'to be attached', 'stored_value_key': '', 'timeout': 10000, 'url': '', 'filepath': '', 'assert_value': '', 'nth': '', 'conditional_key': '', 'conditional_statement': 'dictionary["pdf"]'}, expect(page.locator("//img[@class='pf-button-img']").nth(0),"element not present in page/dynamic element").to_be_attached()
2024-09-24 11:41:50,227 -INFO - (ActionFunctions/execute_code) page.locator("//img[@class='pf-button-img']").nth(0).click()
2024-09-24 11:41:51,201 -INFO - For 14: Wait(True), Assert(True), Action(True) data:{'xlwb': <entity.ExcelData.ExcelWorkBook object at 0x000002E6FCBAE270>, 'element_id': 16.9, 'description': 'Click on pdf link', 'execute': '', 'locator': "//img[@class='pf-button-img']", 'action': 'click', 'value': '', 'assertion': 'soft', 'condition': 'to be attached', 'stored_value_key': '', 'timeout': 10000, 'url': '', 'filepath': '', 'assert_value': '', 'nth': '', 'conditional_key': '', 'conditional_statement': 'dictionary["pdf"]'}
2024-09-24 11:41:51,201 -INFO - LCE loop row: 15
2024-09-24 11:41:51,202 -INFO - (ExcelControl/conditional_module): dictionary["pdf"] 
2024-09-24 11:41:51,202 -INFO - Working with Actions in with row details: {'xlwb': <entity.ExcelData.ExcelWorkBook object at 0x000002E6FCBAE270>, 'element_id': 19.7, 'description': 'PAGE URL', 'execute': '', 'locator': '', 'action': 'get page url', 'value': '', 'assertion': '', 'condition': '', 'stored_value_key': 'url', 'timeout': '', 'url': '', 'filepath': '', 'assert_value': '', 'nth': '', 'conditional_key': '', 'conditional_statement': 'dictionary["pdf"]'}
2024-09-24 11:41:51,203 -INFO - (ActionFunctions/execute_code_get_data) {'xlwb': <entity.ExcelData.ExcelWorkBook object at 0x000002E6FCBAE270>, 'element_id': 19.7, 'description': 'PAGE URL', 'execute': '', 'locator': '', 'action': 'get page url', 'value': '', 'assertion': '', 'condition': '', 'stored_value_key': 'url', 'timeout': '', 'url': '', 'filepath': '', 'assert_value': '', 'nth': '', 'conditional_key': '', 'conditional_statement': 'dictionary["pdf"]'}
2024-09-24 11:41:51,203 -INFO - For 15: Wait(True), Assert(True), Action(True) data:{'xlwb': <entity.ExcelData.ExcelWorkBook object at 0x000002E6FCBAE270>, 'element_id': 19.7, 'description': 'PAGE URL', 'execute': '', 'locator': '', 'action': 'get page url', 'value': '', 'assertion': '', 'condition': '', 'stored_value_key': 'url', 'timeout': '', 'url': '', 'filepath': '', 'assert_value': '', 'nth': '', 'conditional_key': '', 'conditional_statement': 'dictionary["pdf"]'}
2024-09-24 11:41:51,203 -INFO - LCE loop row: 16
2024-09-24 11:41:51,203 -INFO - (ExcelControl/conditional_module): dictionary["pdf"] 
2024-09-24 11:41:51,204 -INFO - Working with Actions in with row details: {'xlwb': <entity.ExcelData.ExcelWorkBook object at 0x000002E6FCBAE270>, 'element_id': 21.1, 'description': 'Go back from pdf page', 'execute': '', 'locator': '', 'action': '', 'value': '', 'assertion': '', 'condition': '', 'stored_value_key': '', 'timeout': '', 'url': '', 'filepath': '', 'assert_value': '', 'nth': '', 'conditional_key': '', 'conditional_statement': 'dictionary["pdf"]'}
2024-09-24 11:41:51,204 -INFO - For 16: Wait(True), Assert(True), Action(True) data:{'xlwb': <entity.ExcelData.ExcelWorkBook object at 0x000002E6FCBAE270>, 'element_id': 21.1, 'description': 'Go back from pdf page', 'execute': '', 'locator': '', 'action': '', 'value': '', 'assertion': '', 'condition': '', 'stored_value_key': '', 'timeout': '', 'url': '', 'filepath': '', 'assert_value': '', 'nth': '', 'conditional_key': '', 'conditional_statement': 'dictionary["pdf"]'}
2024-09-24 11:41:51,205 -INFO - LCE loop row: 17
2024-09-24 11:41:51,205 -INFO - Working with Actions in with row details: {'xlwb': <entity.ExcelData.ExcelWorkBook object at 0x000002E6FCBAE270>, 'element_id': 22.5, 'description': 'Go back from article page', 'execute': '', 'locator': '', 'action': 'go back', 'value': '', 'assertion': '', 'condition': '', 'stored_value_key': '', 'timeout': '', 'url': '', 'filepath': '', 'assert_value': '', 'nth': '', 'conditional_key': '', 'conditional_statement': ''}
2024-09-24 11:41:51,205 -INFO - (ActionFunctions/execute_code) page.go_back()
2024-09-24 11:41:52,082 -INFO - For 17: Wait(True), Assert(True), Action(True) data:{'xlwb': <entity.ExcelData.ExcelWorkBook object at 0x000002E6FCBAE270>, 'element_id': 22.5, 'description': 'Go back from article page', 'execute': '', 'locator': '', 'action': 'go back', 'value': '', 'assertion': '', 'condition': '', 'stored_value_key': '', 'timeout': '', 'url': '', 'filepath': '', 'assert_value': '', 'nth': '', 'conditional_key': '', 'conditional_statement': ''}
2024-09-24 11:41:52,082 -INFO - LCE loop row: 7
2024-09-24 11:41:52,082 -INFO - (ExcelControl/execute_module): {'xlwb': <entity.ExcelData.ExcelWorkBook object at 0x000002E6FCBAE270>, 'element_id': 8.5, 'description': 'Debugging', 'execute': 'time.sleep(1)', 'locator': '', 'action': '', 'value': '', 'assertion': '', 'condition': '', 'stored_value_key': '', 'timeout': '', 'url': '', 'filepath': '', 'assert_value': '', 'nth': '', 'conditional_key': '', 'conditional_statement': ''},0
2024-09-24 11:41:52,082 -INFO - (ActionFunctions/execute_code) time.sleep(1)
2024-09-24 11:41:53,083 -INFO - LCE loop row: 8
2024-09-24 11:41:53,083 -INFO - Working with Actions in with row details: {'xlwb': <entity.ExcelData.ExcelWorkBook object at 0x000002E6FCBAE270>, 'element_id': 9.9, 'description': 'Click on the links', 'execute': '', 'locator': '', 'action': 'loop open link', 'value': '', 'assertion': '', 'condition': '', 'stored_value_key': '', 'timeout': '', 'url': '', 'filepath': '', 'assert_value': '', 'nth': '', 'conditional_key': '', 'conditional_statement': ''}
2024-09-24 11:41:53,083 -INFO - (WindowHandler/open_link_from_element) <Locator frame=<Frame name= url='https://www.clearias.com/indian-history-chronology/'> selector="//article//div//ul//li//a[@data-wpel-link='internal'] >> nth=1">
2024-09-24 11:41:54,468 -INFO - For 8: Wait(True), Assert(True), Action(True) data:{'xlwb': <entity.ExcelData.ExcelWorkBook object at 0x000002E6FCBAE270>, 'element_id': 9.9, 'description': 'Click on the links', 'execute': '', 'locator': '', 'action': 'loop open link', 'value': '', 'assertion': '', 'condition': '', 'stored_value_key': '', 'timeout': '', 'url': '', 'filepath': '', 'assert_value': '', 'nth': '', 'conditional_key': '', 'conditional_statement': ''}
2024-09-24 11:41:54,469 -INFO - LCE loop row: 9
2024-09-24 11:41:54,469 -INFO - (ExcelControl/execute_module): {'xlwb': <entity.ExcelData.ExcelWorkBook object at 0x000002E6FCBAE270>, 'element_id': 8.5, 'description': 'Debugging', 'execute': 'time.sleep(1)', 'locator': '', 'action': '', 'value': '', 'assertion': '', 'condition': '', 'stored_value_key': '', 'timeout': '', 'url': '', 'filepath': '', 'assert_value': '', 'nth': '', 'conditional_key': '', 'conditional_statement': ''},0
2024-09-24 11:41:54,469 -INFO - (ActionFunctions/execute_code) time.sleep(1)
2024-09-24 11:41:55,470 -INFO - LCE loop row: 10
2024-09-24 11:41:55,471 -INFO - Working with Actions in with row details: {'xlwb': <entity.ExcelData.ExcelWorkBook object at 0x000002E6FCBAE270>, 'element_id': 12.7, 'description': 'Check for pdf link', 'execute': '', 'locator': "//img[@class='pf-button-img']", 'action': 'is visible', 'value': '', 'assertion': 'soft', 'condition': 'to be attached', 'stored_value_key': 'pdf', 'timeout': '', 'url': '', 'filepath': '', 'assert_value': '', 'nth': '', 'conditional_key': 'pdf', 'conditional_statement': ''}
2024-09-24 11:41:55,471 -INFO - (ActionFunctions/execute_assert_code) {'xlwb': <entity.ExcelData.ExcelWorkBook object at 0x000002E6FCBAE270>, 'element_id': 12.7, 'description': 'Check for pdf link', 'execute': '', 'locator': "//img[@class='pf-button-img']", 'action': 'is visible', 'value': '', 'assertion': 'soft', 'condition': 'to be attached', 'stored_value_key': 'pdf', 'timeout': '', 'url': '', 'filepath': '', 'assert_value': '', 'nth': '', 'conditional_key': 'pdf', 'conditional_statement': ''}, expect(page.locator("//img[@class='pf-button-img']").nth(0),"element not present in page/dynamic element").to_be_attached()
2024-09-24 11:41:55,523 -INFO - (ActionFunctions/execute_code_get_data) {'xlwb': <entity.ExcelData.ExcelWorkBook object at 0x000002E6FCBAE270>, 'element_id': 12.7, 'description': 'Check for pdf link', 'execute': '', 'locator': "//img[@class='pf-button-img']", 'action': 'is visible', 'value': '', 'assertion': 'soft', 'condition': 'to be attached', 'stored_value_key': 'pdf', 'timeout': '', 'url': '', 'filepath': '', 'assert_value': '', 'nth': '', 'conditional_key': 'pdf', 'conditional_statement': ''}
2024-09-24 11:41:55,536 -INFO - For 10: Wait(True), Assert(True), Action(True) data:{'xlwb': <entity.ExcelData.ExcelWorkBook object at 0x000002E6FCBAE270>, 'element_id': 12.7, 'description': 'Check for pdf link', 'execute': '', 'locator': "//img[@class='pf-button-img']", 'action': 'is visible', 'value': '', 'assertion': 'soft', 'condition': 'to be attached', 'stored_value_key': 'pdf', 'timeout': '', 'url': '', 'filepath': '', 'assert_value': '', 'nth': '', 'conditional_key': 'pdf', 'conditional_statement': ''}
2024-09-24 11:41:55,536 -INFO - LCE loop row: 11
2024-09-24 11:41:55,536 -INFO - (ExcelControl/conditional_module): dictionary["pdf"] 
2024-09-24 11:41:55,537 -INFO - Working with Actions in with row details: {'xlwb': <entity.ExcelData.ExcelWorkBook object at 0x000002E6FCBAE270>, 'element_id': 14.1, 'description': 'PAGE URL', 'execute': '', 'locator': '', 'action': 'get page url', 'value': '', 'assertion': '', 'condition': '', 'stored_value_key': 'page', 'timeout': '', 'url': '', 'filepath': '', 'assert_value': '', 'nth': '', 'conditional_key': '', 'conditional_statement': 'dictionary["pdf"]'}
2024-09-24 11:41:55,537 -INFO - (ActionFunctions/execute_code_get_data) {'xlwb': <entity.ExcelData.ExcelWorkBook object at 0x000002E6FCBAE270>, 'element_id': 14.1, 'description': 'PAGE URL', 'execute': '', 'locator': '', 'action': 'get page url', 'value': '', 'assertion': '', 'condition': '', 'stored_value_key': 'page', 'timeout': '', 'url': '', 'filepath': '', 'assert_value': '', 'nth': '', 'conditional_key': '', 'conditional_statement': 'dictionary["pdf"]'}
2024-09-24 11:41:55,537 -INFO - For 11: Wait(True), Assert(True), Action(True) data:{'xlwb': <entity.ExcelData.ExcelWorkBook object at 0x000002E6FCBAE270>, 'element_id': 14.1, 'description': 'PAGE URL', 'execute': '', 'locator': '', 'action': 'get page url', 'value': '', 'assertion': '', 'condition': '', 'stored_value_key': 'page', 'timeout': '', 'url': '', 'filepath': '', 'assert_value': '', 'nth': '', 'conditional_key': '', 'conditional_statement': 'dictionary["pdf"]'}
2024-09-24 11:41:55,538 -INFO - LCE loop row: 12
2024-09-24 11:41:55,538 -INFO - Working with Actions in with row details: {'xlwb': <entity.ExcelData.ExcelWorkBook object at 0x000002E6FCBAE270>, 'element_id': 15.5, 'description': 'PAGE TITLE', 'execute': '', 'locator': "//header[@class='entry-header']/h1", 'action': 'text content', 'value': '', 'assertion': 'soft', 'condition': 'to be attached', 'stored_value_key': 'title', 'timeout': 10000, 'url': '', 'filepath': '', 'assert_value': '', 'nth': '', 'conditional_key': '', 'conditional_statement': ''}
2024-09-24 11:41:55,560 -INFO - (ActionFunctions/execute_assert_code) {'xlwb': <entity.ExcelData.ExcelWorkBook object at 0x000002E6FCBAE270>, 'element_id': 15.5, 'description': 'PAGE TITLE', 'execute': '', 'locator': "//header[@class='entry-header']/h1", 'action': 'text content', 'value': '', 'assertion': 'soft', 'condition': 'to be attached', 'stored_value_key': 'title', 'timeout': 10000, 'url': '', 'filepath': '', 'assert_value': '', 'nth': '', 'conditional_key': '', 'conditional_statement': ''}, expect(page.locator("//header[@class='entry-header']/h1").nth(0),"element not present in page/dynamic element").to_be_attached()
2024-09-24 11:41:55,574 -INFO - (ActionFunctions/execute_code_get_data) {'xlwb': <entity.ExcelData.ExcelWorkBook object at 0x000002E6FCBAE270>, 'element_id': 15.5, 'description': 'PAGE TITLE', 'execute': '', 'locator': "//header[@class='entry-header']/h1", 'action': 'text content', 'value': '', 'assertion': 'soft', 'condition': 'to be attached', 'stored_value_key': 'title', 'timeout': 10000, 'url': '', 'filepath': '', 'assert_value': '', 'nth': '', 'conditional_key': '', 'conditional_statement': ''}
2024-09-24 11:41:55,589 -INFO - For 12: Wait(True), Assert(True), Action(True) data:{'xlwb': <entity.ExcelData.ExcelWorkBook object at 0x000002E6FCBAE270>, 'element_id': 15.5, 'description': 'PAGE TITLE', 'execute': '', 'locator': "//header[@class='entry-header']/h1", 'action': 'text content', 'value': '', 'assertion': 'soft', 'condition': 'to be attached', 'stored_value_key': 'title', 'timeout': 10000, 'url': '', 'filepath': '', 'assert_value': '', 'nth': '', 'conditional_key': '', 'conditional_statement': ''}
2024-09-24 11:41:55,589 -INFO - LCE loop row: 13
2024-09-24 11:41:55,589 -INFO - (ExcelControl/execute_module): {'xlwb': <entity.ExcelData.ExcelWorkBook object at 0x000002E6FCBAE270>, 'element_id': 8.5, 'description': 'Debugging', 'execute': 'time.sleep(1)', 'locator': '', 'action': '', 'value': '', 'assertion': '', 'condition': '', 'stored_value_key': '', 'timeout': '', 'url': '', 'filepath': '', 'assert_value': '', 'nth': '', 'conditional_key': '', 'conditional_statement': ''},0
2024-09-24 11:41:55,590 -INFO - (ActionFunctions/execute_code) time.sleep(1)
2024-09-24 11:41:56,591 -INFO - LCE loop row: 14
2024-09-24 11:41:56,591 -INFO - (ExcelControl/conditional_module): dictionary["pdf"] 
2024-09-24 11:41:56,591 -INFO - Working with Actions in with row details: {'xlwb': <entity.ExcelData.ExcelWorkBook object at 0x000002E6FCBAE270>, 'element_id': 16.9, 'description': 'Click on pdf link', 'execute': '', 'locator': "//img[@class='pf-button-img']", 'action': 'click', 'value': '', 'assertion': 'soft', 'condition': 'to be attached', 'stored_value_key': '', 'timeout': 10000, 'url': '', 'filepath': '', 'assert_value': '', 'nth': '', 'conditional_key': '', 'conditional_statement': 'dictionary["pdf"]'}
2024-09-24 11:41:56,606 -INFO - (ActionFunctions/execute_assert_code) {'xlwb': <entity.ExcelData.ExcelWorkBook object at 0x000002E6FCBAE270>, 'element_id': 16.9, 'description': 'Click on pdf link', 'execute': '', 'locator': "//img[@class='pf-button-img']", 'action': 'click', 'value': '', 'assertion': 'soft', 'condition': 'to be attached', 'stored_value_key': '', 'timeout': 10000, 'url': '', 'filepath': '', 'assert_value': '', 'nth': '', 'conditional_key': '', 'conditional_statement': 'dictionary["pdf"]'}, expect(page.locator("//img[@class='pf-button-img']").nth(0),"element not present in page/dynamic element").to_be_attached()
2024-09-24 11:41:56,619 -INFO - (ActionFunctions/execute_code) page.locator("//img[@class='pf-button-img']").nth(0).click()
2024-09-24 11:41:57,538 -INFO - For 14: Wait(True), Assert(True), Action(True) data:{'xlwb': <entity.ExcelData.ExcelWorkBook object at 0x000002E6FCBAE270>, 'element_id': 16.9, 'description': 'Click on pdf link', 'execute': '', 'locator': "//img[@class='pf-button-img']", 'action': 'click', 'value': '', 'assertion': 'soft', 'condition': 'to be attached', 'stored_value_key': '', 'timeout': 10000, 'url': '', 'filepath': '', 'assert_value': '', 'nth': '', 'conditional_key': '', 'conditional_statement': 'dictionary["pdf"]'}
2024-09-24 11:41:57,538 -INFO - LCE loop row: 15
2024-09-24 11:41:57,538 -INFO - (ExcelControl/conditional_module): dictionary["pdf"] 
2024-09-24 11:41:57,539 -INFO - Working with Actions in with row details: {'xlwb': <entity.ExcelData.ExcelWorkBook object at 0x000002E6FCBAE270>, 'element_id': 19.7, 'description': 'PAGE URL', 'execute': '', 'locator': '', 'action': 'get page url', 'value': '', 'assertion': '', 'condition': '', 'stored_value_key': 'url', 'timeout': '', 'url': '', 'filepath': '', 'assert_value': '', 'nth': '', 'conditional_key': '', 'conditional_statement': 'dictionary["pdf"]'}
2024-09-24 11:41:57,539 -INFO - (ActionFunctions/execute_code_get_data) {'xlwb': <entity.ExcelData.ExcelWorkBook object at 0x000002E6FCBAE270>, 'element_id': 19.7, 'description': 'PAGE URL', 'execute': '', 'locator': '', 'action': 'get page url', 'value': '', 'assertion': '', 'condition': '', 'stored_value_key': 'url', 'timeout': '', 'url': '', 'filepath': '', 'assert_value': '', 'nth': '', 'conditional_key': '', 'conditional_statement': 'dictionary["pdf"]'}
2024-09-24 11:41:57,540 -INFO - For 15: Wait(True), Assert(True), Action(True) data:{'xlwb': <entity.ExcelData.ExcelWorkBook object at 0x000002E6FCBAE270>, 'element_id': 19.7, 'description': 'PAGE URL', 'execute': '', 'locator': '', 'action': 'get page url', 'value': '', 'assertion': '', 'condition': '', 'stored_value_key': 'url', 'timeout': '', 'url': '', 'filepath': '', 'assert_value': '', 'nth': '', 'conditional_key': '', 'conditional_statement': 'dictionary["pdf"]'}
2024-09-24 11:41:57,540 -INFO - LCE loop row: 16
2024-09-24 11:41:57,540 -INFO - (ExcelControl/conditional_module): dictionary["pdf"] 
2024-09-24 11:41:57,541 -INFO - Working with Actions in with row details: {'xlwb': <entity.ExcelData.ExcelWorkBook object at 0x000002E6FCBAE270>, 'element_id': 21.1, 'description': 'Go back from pdf page', 'execute': '', 'locator': '', 'action': '', 'value': '', 'assertion': '', 'condition': '', 'stored_value_key': '', 'timeout': '', 'url': '', 'filepath': '', 'assert_value': '', 'nth': '', 'conditional_key': '', 'conditional_statement': 'dictionary["pdf"]'}
2024-09-24 11:41:57,541 -INFO - For 16: Wait(True), Assert(True), Action(True) data:{'xlwb': <entity.ExcelData.ExcelWorkBook object at 0x000002E6FCBAE270>, 'element_id': 21.1, 'description': 'Go back from pdf page', 'execute': '', 'locator': '', 'action': '', 'value': '', 'assertion': '', 'condition': '', 'stored_value_key': '', 'timeout': '', 'url': '', 'filepath': '', 'assert_value': '', 'nth': '', 'conditional_key': '', 'conditional_statement': 'dictionary["pdf"]'}
2024-09-24 11:41:57,541 -INFO - LCE loop row: 17
2024-09-24 11:41:57,541 -INFO - Working with Actions in with row details: {'xlwb': <entity.ExcelData.ExcelWorkBook object at 0x000002E6FCBAE270>, 'element_id': 22.5, 'description': 'Go back from article page', 'execute': '', 'locator': '', 'action': 'go back', 'value': '', 'assertion': '', 'condition': '', 'stored_value_key': '', 'timeout': '', 'url': '', 'filepath': '', 'assert_value': '', 'nth': '', 'conditional_key': '', 'conditional_statement': ''}
2024-09-24 11:41:57,542 -INFO - (ActionFunctions/execute_code) page.go_back()
2024-09-24 11:41:58,253 -INFO - For 17: Wait(True), Assert(True), Action(True) data:{'xlwb': <entity.ExcelData.ExcelWorkBook object at 0x000002E6FCBAE270>, 'element_id': 22.5, 'description': 'Go back from article page', 'execute': '', 'locator': '', 'action': 'go back', 'value': '', 'assertion': '', 'condition': '', 'stored_value_key': '', 'timeout': '', 'url': '', 'filepath': '', 'assert_value': '', 'nth': '', 'conditional_key': '', 'conditional_statement': ''}
2024-09-24 11:41:58,253 -INFO - LCE loop row: 7
2024-09-24 11:41:58,253 -INFO - (ExcelControl/execute_module): {'xlwb': <entity.ExcelData.ExcelWorkBook object at 0x000002E6FCBAE270>, 'element_id': 8.5, 'description': 'Debugging', 'execute': 'time.sleep(1)', 'locator': '', 'action': '', 'value': '', 'assertion': '', 'condition': '', 'stored_value_key': '', 'timeout': '', 'url': '', 'filepath': '', 'assert_value': '', 'nth': '', 'conditional_key': '', 'conditional_statement': ''},0
2024-09-24 11:41:58,253 -INFO - (ActionFunctions/execute_code) time.sleep(1)
2024-09-24 11:41:59,255 -INFO - LCE loop row: 8
2024-09-24 11:41:59,255 -INFO - Working with Actions in with row details: {'xlwb': <entity.ExcelData.ExcelWorkBook object at 0x000002E6FCBAE270>, 'element_id': 9.9, 'description': 'Click on the links', 'execute': '', 'locator': '', 'action': 'loop open link', 'value': '', 'assertion': '', 'condition': '', 'stored_value_key': '', 'timeout': '', 'url': '', 'filepath': '', 'assert_value': '', 'nth': '', 'conditional_key': '', 'conditional_statement': ''}
2024-09-24 11:41:59,255 -INFO - (WindowHandler/open_link_from_element) <Locator frame=<Frame name= url='https://www.clearias.com/vedas-features-types/'> selector="//article//div//ul//li//a[@data-wpel-link='internal'] >> nth=2">
2024-09-24 11:42:29,261 -CRITICAL - Sheet: test clearias url
 Screenshot: Reports/Report 2024-09-24 114137/screenshot-config-2024-09-24 114229.png
2024-09-24 11:42:29,542 -ERROR - test clearias url did not process complete. Continue with next test
2024-09-24 11:42:29,543 -INFO - Error: Locator.click: Timeout 30000ms exceeded.
Call log:
waiting for locator("//article//div//ul//li//a[@data-wpel-link='internal']").nth(2)

